26-Oct-2023 18:16:44.352 INFORMACIÓN [main] org.apache.catalina.startup.VersionLoggerListener.log Nombre de la versión del servidor: Apache Tomcat/10.1.13
26-Oct-2023 18:16:44.352 INFORMACIÓN [main] org.apache.catalina.startup.VersionLoggerListener.log Server built:                      Aug 23 2023 21:34:59 UTC
26-Oct-2023 18:16:44.352 INFORMACIÓN [main] org.apache.catalina.startup.VersionLoggerListener.log Número de versión de servidor:     10.1.13.0
26-Oct-2023 18:16:44.352 INFORMACIÓN [main] org.apache.catalina.startup.VersionLoggerListener.log OS Name:                           Windows 11
26-Oct-2023 18:16:44.352 INFORMACIÓN [main] org.apache.catalina.startup.VersionLoggerListener.log Versión de Systema Operativo:      10.0
26-Oct-2023 18:16:44.352 INFORMACIÓN [main] org.apache.catalina.startup.VersionLoggerListener.log Arquitectura:                      amd64
26-Oct-2023 18:16:44.352 INFORMACIÓN [main] org.apache.catalina.startup.VersionLoggerListener.log Java Home:                         C:\Program Files\Eclipse Adoptium\jdk-21.0.0.35-hotspot
26-Oct-2023 18:16:44.352 INFORMACIÓN [main] org.apache.catalina.startup.VersionLoggerListener.log JVM Version:                       21+35-LTS
26-Oct-2023 18:16:44.352 INFORMACIÓN [main] org.apache.catalina.startup.VersionLoggerListener.log Vededor JVM:                       Eclipse Adoptium
26-Oct-2023 18:16:44.352 INFORMACIÓN [main] org.apache.catalina.startup.VersionLoggerListener.log CATALINA_BASE:                     C:\Users\anari\OneDrive\Escritorio\sapphire_inventory\apache-tomcat-10.1.13
26-Oct-2023 18:16:44.352 INFORMACIÓN [main] org.apache.catalina.startup.VersionLoggerListener.log CATALINA_HOME:                     C:\Users\anari\OneDrive\Escritorio\sapphire_inventory\apache-tomcat-10.1.13
26-Oct-2023 18:16:44.390 INFORMACIÓN [main] org.apache.catalina.startup.VersionLoggerListener.log Command line argument:             -Djava.util.logging.config.file=c:\Users\anari\OneDrive\Escritorio\sapphire_inventory\apache-tomcat-10.1.13/conf/logging.properties
26-Oct-2023 18:16:44.390 INFORMACIÓN [main] org.apache.catalina.startup.VersionLoggerListener.log Command line argument:             -Djava.util.logging.manager=org.apache.juli.ClassLoaderLogManager
26-Oct-2023 18:16:44.390 INFORMACIÓN [main] org.apache.catalina.startup.VersionLoggerListener.log Command line argument:             -Djdk.tls.ephemeralDHKeySize=2048
26-Oct-2023 18:16:44.390 INFORMACIÓN [main] org.apache.catalina.startup.VersionLoggerListener.log Command line argument:             -Djava.protocol.handler.pkgs=org.apache.catalina.webresources
26-Oct-2023 18:16:44.390 INFORMACIÓN [main] org.apache.catalina.startup.VersionLoggerListener.log Command line argument:             -Dorg.apache.catalina.security.SecurityListener.UMASK=0027
26-Oct-2023 18:16:44.390 INFORMACIÓN [main] org.apache.catalina.startup.VersionLoggerListener.log Command line argument:             -Dcatalina.base=c:\Users\anari\OneDrive\Escritorio\sapphire_inventory\apache-tomcat-10.1.13
26-Oct-2023 18:16:44.390 INFORMACIÓN [main] org.apache.catalina.startup.VersionLoggerListener.log Command line argument:             -Dcatalina.home=c:\Users\anari\OneDrive\Escritorio\sapphire_inventory\apache-tomcat-10.1.13
26-Oct-2023 18:16:44.390 INFORMACIÓN [main] org.apache.catalina.startup.VersionLoggerListener.log Command line argument:             -Djava.io.tmpdir=c:\Users\anari\OneDrive\Escritorio\sapphire_inventory\apache-tomcat-10.1.13/temp
26-Oct-2023 18:16:44.403 INFORMACIÓN [main] org.apache.catalina.core.AprLifecycleListener.lifecycleEvent Cargada la biblioteca nativa APR de Apache Tomcat [2.0.5] con la versión APR [1.7.4].
26-Oct-2023 18:16:44.422 INFORMACIÓN [main] org.apache.catalina.core.AprLifecycleListener.initializeSSL OpenSSL inicializado correctamente [OpenSSL 3.0.10 1 Aug 2023]
26-Oct-2023 18:16:44.805 INFORMACIÓN [main] org.apache.coyote.AbstractProtocol.init Inicializando el manejador de protocolo ["http-nio-8080"]

26-Oct-2023 18:16:44.844 INFORMACIÓN [main] org.apache.catalina.startup.Catalina.load Server initialization in [709] milliseconds
26-Oct-2023 18:16:44.941 INFORMACIÓN [main] org.apache.catalina.core.StandardService.startInternal Arrancando servicio [Catalina]
26-Oct-2023 18:16:44.941 INFORMACIÓN [main] org.apache.catalina.core.StandardEngine.startInternal Starting Servlet engine: [Apache Tomcat/10.1.13]
26-Oct-2023 18:16:45.017 INFORMACIÓN [main] org.apache.catalina.startup.HostConfig.deployWAR Despliegue del archivo [C:\Users\anari\OneDrive\Escritorio\sapphire_inventory\apache-tomcat-10.1.13\webapps\sapphire_inventory.war] de la aplicación web
26-Oct-2023 18:16:46.113 INFORMACIÓN [main] org.apache.jasper.servlet.TldScanner.scanJars Al menos un JAR, que se ha explorado buscando TLDs, aún no contenía TLDs. Activar historial de depuración para este historiador para una completa lista de los JARs que fueron explorados y de los que nos se halló TLDs. Saltarse JARs no necesarios durante la exploración puede dar lugar a una mejora de tiempo significativa en el arranque y compilación de JSP .
26-Oct-2023 18:16:46.180 INFORMACIÓN [main] org.apache.catalina.startup.HostConfig.deployWAR Deployment of web application archive [C:\Users\anari\OneDrive\Escritorio\sapphire_inventory\apache-tomcat-10.1.13\webapps\sapphire_inventory.war] has finished in [1.164] ms
26-Oct-2023 18:16:46.195 INFORMACIÓN [main] org.apache.catalina.startup.HostConfig.deployDirectory Desplegando el directorio [C:\Users\anari\OneDrive\Escritorio\sapphire_inventory\apache-tomcat-10.1.13\webapps\docs] de la aplicación web
26-Oct-2023 18:16:46.249 INFORMACIÓN [main] org.apache.catalina.startup.HostConfig.deployDirectory Deployment of web application directory [C:\Users\anari\OneDrive\Escritorio\sapphire_inventory\apache-tomcat-10.1.13\webapps\docs] has finished in [67] ms
26-Oct-2023 18:16:46.249 INFORMACIÓN [main] org.apache.catalina.startup.HostConfig.deployDirectory Desplegando el directorio [C:\Users\anari\OneDrive\Escritorio\sapphire_inventory\apache-tomcat-10.1.13\webapps\examples] de la aplicación web
26-Oct-2023 18:16:46.847 INFORMACIÓN [main] org.apache.catalina.startup.HostConfig.deployDirectory Deployment of web application directory [C:\Users\anari\OneDrive\Escritorio\sapphire_inventory\apache-tomcat-10.1.13\webapps\examples] has finished in [598] ms
26-Oct-2023 18:16:46.862 INFORMACIÓN [main] org.apache.catalina.startup.HostConfig.deployDirectory Desplegando el directorio [C:\Users\anari\OneDrive\Escritorio\sapphire_inventory\apache-tomcat-10.1.13\webapps\host-manager] de la aplicación web
26-Oct-2023 18:16:46.933 INFORMACIÓN [main] org.apache.catalina.startup.HostConfig.deployDirectory Deployment of web application directory [C:\Users\anari\OneDrive\Escritorio\sapphire_inventory\apache-tomcat-10.1.13\webapps\host-manager] has finished in [71] ms
26-Oct-2023 18:16:46.934 INFORMACIÓN [main] org.apache.catalina.startup.HostConfig.deployDirectory Desplegando el directorio [C:\Users\anari\OneDrive\Escritorio\sapphire_inventory\apache-tomcat-10.1.13\webapps\manager] de la aplicación web
26-Oct-2023 18:16:46.996 INFORMACIÓN [main] org.apache.catalina.startup.HostConfig.deployDirectory Deployment of web application directory [C:\Users\anari\OneDrive\Escritorio\sapphire_inventory\apache-tomcat-10.1.13\webapps\manager] has finished in [63] ms
26-Oct-2023 18:16:46.996 INFORMACIÓN [main] org.apache.catalina.startup.HostConfig.deployDirectory Desplegando el directorio [C:\Users\anari\OneDrive\Escritorio\sapphire_inventory\apache-tomcat-10.1.13\webapps\ROOT] de la aplicación web
26-Oct-2023 18:16:47.053 INFORMACIÓN [main] org.apache.catalina.startup.HostConfig.deployDirectory Deployment of web application directory [C:\Users\anari\OneDrive\Escritorio\sapphire_inventory\apache-tomcat-10.1.13\webapps\ROOT] has finished in [57] ms
26-Oct-2023 18:16:47.059 INFORMACIÓN [main] org.apache.coyote.AbstractProtocol.start Starting ProtocolHandler ["http-nio-8080"]
26-Oct-2023 18:16:47.096 INFORMACIÓN [main] org.apache.catalina.startup.Catalina.start Server startup in [2249] milliseconds
26-Oct-2023 18:18:37.229 INFORMACIÓN [Catalina-utility-1] org.apache.catalina.startup.HostConfig.undeploy Repliegue (undeploy) de la aplicación web que tiene como trayectoria de contexto [/sapphire_inventory]
26-Oct-2023 18:18:37.248 ADVERTENCIA [Catalina-utility-1] org.apache.catalina.loader.WebappClassLoaderBase.checkThreadLocalsForLeaks Necesitas agregar "--add-opens=java.base/java.lang=ALL-UNNAMED" a los argumentos JVM en la línea de comandos, para habilitar la detección de fuga de memoria ThreadLocal. Alternativamente, puedes suprimir esta advertencia, deshabilitando la detección de fuga de memoria ThreadLocal.
26-Oct-2023 18:18:37.253 ADVERTENCIA [Catalina-utility-1] org.apache.catalina.loader.WebappClassLoaderBase.clearReferencesRmiTargets You need to add "--add-opens=java.rmi/sun.rmi.transport=ALL-UNNAMED" to the JVM command line arguments to enable RMI Target memory leak detection. Alternatively, you can suppress this warning by disabling RMI Target memory leak detection.
26-Oct-2023 18:18:37.339 INFORMACIÓN [Catalina-utility-1] org.apache.catalina.startup.HostConfig.deployWAR Despliegue del archivo [C:\Users\anari\OneDrive\Escritorio\sapphire_inventory\apache-tomcat-10.1.13\webapps\sapphire_inventory.war] de la aplicación web
26-Oct-2023 18:18:38.084 INFORMACIÓN [Catalina-utility-1] org.apache.jasper.servlet.TldScanner.scanJars Al menos un JAR, que se ha explorado buscando TLDs, aún no contenía TLDs. Activar historial de depuración para este historiador para una completa lista de los JARs que fueron explorados y de los que nos se halló TLDs. Saltarse JARs no necesarios durante la exploración puede dar lugar a una mejora de tiempo significativa en el arranque y compilación de JSP .
26-Oct-2023 18:18:38.097 INFORMACIÓN [Catalina-utility-1] org.apache.catalina.startup.HostConfig.deployWAR Deployment of web application archive [C:\Users\anari\OneDrive\Escritorio\sapphire_inventory\apache-tomcat-10.1.13\webapps\sapphire_inventory.war] has finished in [759] ms
26-Oct-2023 18:20:08.204 INFORMACIÓN [Catalina-utility-2] org.apache.catalina.startup.HostConfig.undeploy Repliegue (undeploy) de la aplicación web que tiene como trayectoria de contexto [/sapphire_inventory]
26-Oct-2023 18:20:08.209 ADVERTENCIA [Catalina-utility-2] org.apache.catalina.loader.WebappClassLoaderBase.checkThreadLocalsForLeaks Necesitas agregar "--add-opens=java.base/java.lang=ALL-UNNAMED" a los argumentos JVM en la línea de comandos, para habilitar la detección de fuga de memoria ThreadLocal. Alternativamente, puedes suprimir esta advertencia, deshabilitando la detección de fuga de memoria ThreadLocal.
26-Oct-2023 18:20:08.209 ADVERTENCIA [Catalina-utility-2] org.apache.catalina.loader.WebappClassLoaderBase.clearReferencesRmiTargets You need to add "--add-opens=java.rmi/sun.rmi.transport=ALL-UNNAMED" to the JVM command line arguments to enable RMI Target memory leak detection. Alternatively, you can suppress this warning by disabling RMI Target memory leak detection.
26-Oct-2023 18:20:08.293 INFORMACIÓN [Catalina-utility-2] org.apache.catalina.startup.HostConfig.deployWAR Despliegue del archivo [C:\Users\anari\OneDrive\Escritorio\sapphire_inventory\apache-tomcat-10.1.13\webapps\sapphire_inventory.war] de la aplicación web
26-Oct-2023 18:20:09.099 INFORMACIÓN [Catalina-utility-2] org.apache.jasper.servlet.TldScanner.scanJars Al menos un JAR, que se ha explorado buscando TLDs, aún no contenía TLDs. Activar historial de depuración para este historiador para una completa lista de los JARs que fueron explorados y de los que nos se halló TLDs. Saltarse JARs no necesarios durante la exploración puede dar lugar a una mejora de tiempo significativa en el arranque y compilación de JSP .
26-Oct-2023 18:20:09.111 INFORMACIÓN [Catalina-utility-2] org.apache.catalina.startup.HostConfig.deployWAR Deployment of web application archive [C:\Users\anari\OneDrive\Escritorio\sapphire_inventory\apache-tomcat-10.1.13\webapps\sapphire_inventory.war] has finished in [818] ms
26-Oct-2023 18:30:38.980 INFORMACIÓN [main] org.apache.catalina.core.StandardServer.await Se ha recibido un comando de apagado a través del puerto de apagado. Parando la instancia del Servidor.
26-Oct-2023 18:30:38.980 INFORMACIÓN [main] org.apache.coyote.AbstractProtocol.pause Pausing ProtocolHandler ["http-nio-8080"]
26-Oct-2023 18:30:38.987 INFORMACIÓN [main] org.apache.catalina.core.StandardService.stopInternal Parando servicio [Catalina]
26-Oct-2023 18:30:38.991 ADVERTENCIA [main] org.apache.catalina.loader.WebappClassLoaderBase.checkThreadLocalsForLeaks Necesitas agregar "--add-opens=java.base/java.lang=ALL-UNNAMED" a los argumentos JVM en la línea de comandos, para habilitar la detección de fuga de memoria ThreadLocal. Alternativamente, puedes suprimir esta advertencia, deshabilitando la detección de fuga de memoria ThreadLocal.
26-Oct-2023 18:30:38.991 ADVERTENCIA [main] org.apache.catalina.loader.WebappClassLoaderBase.clearReferencesRmiTargets You need to add "--add-opens=java.rmi/sun.rmi.transport=ALL-UNNAMED" to the JVM command line arguments to enable RMI Target memory leak detection. Alternatively, you can suppress this warning by disabling RMI Target memory leak detection.
26-Oct-2023 18:30:38.994 ADVERTENCIA [main] org.apache.catalina.loader.WebappClassLoaderBase.checkThreadLocalsForLeaks Necesitas agregar "--add-opens=java.base/java.lang=ALL-UNNAMED" a los argumentos JVM en la línea de comandos, para habilitar la detección de fuga de memoria ThreadLocal. Alternativamente, puedes suprimir esta advertencia, deshabilitando la detección de fuga de memoria ThreadLocal.
26-Oct-2023 18:30:38.994 ADVERTENCIA [main] org.apache.catalina.loader.WebappClassLoaderBase.clearReferencesRmiTargets You need to add "--add-opens=java.rmi/sun.rmi.transport=ALL-UNNAMED" to the JVM command line arguments to enable RMI Target memory leak detection. Alternatively, you can suppress this warning by disabling RMI Target memory leak detection.
26-Oct-2023 18:30:38.997 ADVERTENCIA [main] org.apache.catalina.loader.WebappClassLoaderBase.checkThreadLocalsForLeaks Necesitas agregar "--add-opens=java.base/java.lang=ALL-UNNAMED" a los argumentos JVM en la línea de comandos, para habilitar la detección de fuga de memoria ThreadLocal. Alternativamente, puedes suprimir esta advertencia, deshabilitando la detección de fuga de memoria ThreadLocal.
26-Oct-2023 18:30:38.998 ADVERTENCIA [main] org.apache.catalina.loader.WebappClassLoaderBase.clearReferencesRmiTargets You need to add "--add-opens=java.rmi/sun.rmi.transport=ALL-UNNAMED" to the JVM command line arguments to enable RMI Target memory leak detection. Alternatively, you can suppress this warning by disabling RMI Target memory leak detection.
26-Oct-2023 18:30:39.001 ADVERTENCIA [main] org.apache.catalina.loader.WebappClassLoaderBase.checkThreadLocalsForLeaks Necesitas agregar "--add-opens=java.base/java.lang=ALL-UNNAMED" a los argumentos JVM en la línea de comandos, para habilitar la detección de fuga de memoria ThreadLocal. Alternativamente, puedes suprimir esta advertencia, deshabilitando la detección de fuga de memoria ThreadLocal.
26-Oct-2023 18:30:39.001 ADVERTENCIA [main] org.apache.catalina.loader.WebappClassLoaderBase.clearReferencesRmiTargets You need to add "--add-opens=java.rmi/sun.rmi.transport=ALL-UNNAMED" to the JVM command line arguments to enable RMI Target memory leak detection. Alternatively, you can suppress this warning by disabling RMI Target memory leak detection.
26-Oct-2023 18:30:39.004 ADVERTENCIA [main] org.apache.catalina.loader.WebappClassLoaderBase.checkThreadLocalsForLeaks Necesitas agregar "--add-opens=java.base/java.lang=ALL-UNNAMED" a los argumentos JVM en la línea de comandos, para habilitar la detección de fuga de memoria ThreadLocal. Alternativamente, puedes suprimir esta advertencia, deshabilitando la detección de fuga de memoria ThreadLocal.
26-Oct-2023 18:30:39.004 ADVERTENCIA [main] org.apache.catalina.loader.WebappClassLoaderBase.clearReferencesRmiTargets You need to add "--add-opens=java.rmi/sun.rmi.transport=ALL-UNNAMED" to the JVM command line arguments to enable RMI Target memory leak detection. Alternatively, you can suppress this warning by disabling RMI Target memory leak detection.
26-Oct-2023 18:30:39.005 ADVERTENCIA [main] org.apache.catalina.loader.WebappClassLoaderBase.checkThreadLocalsForLeaks Necesitas agregar "--add-opens=java.base/java.lang=ALL-UNNAMED" a los argumentos JVM en la línea de comandos, para habilitar la detección de fuga de memoria ThreadLocal. Alternativamente, puedes suprimir esta advertencia, deshabilitando la detección de fuga de memoria ThreadLocal.
26-Oct-2023 18:30:39.006 ADVERTENCIA [main] org.apache.catalina.loader.WebappClassLoaderBase.clearReferencesRmiTargets You need to add "--add-opens=java.rmi/sun.rmi.transport=ALL-UNNAMED" to the JVM command line arguments to enable RMI Target memory leak detection. Alternatively, you can suppress this warning by disabling RMI Target memory leak detection.
26-Oct-2023 18:30:39.006 INFORMACIÓN [main] org.apache.coyote.AbstractProtocol.stop Stopping ProtocolHandler ["http-nio-8080"]
26-Oct-2023 18:30:39.011 INFORMACIÓN [main] org.apache.coyote.AbstractProtocol.destroy Destroying ProtocolHandler ["http-nio-8080"]
26-Oct-2023 18:41:57.793 INFORMACIÓN [main] org.apache.catalina.startup.VersionLoggerListener.log Nombre de la versión del servidor: Apache Tomcat/10.1.13
26-Oct-2023 18:41:57.798 INFORMACIÓN [main] org.apache.catalina.startup.VersionLoggerListener.log Server built:                      Aug 23 2023 21:34:59 UTC
26-Oct-2023 18:41:57.798 INFORMACIÓN [main] org.apache.catalina.startup.VersionLoggerListener.log Número de versión de servidor:     10.1.13.0
26-Oct-2023 18:41:57.798 INFORMACIÓN [main] org.apache.catalina.startup.VersionLoggerListener.log OS Name:                           Windows 11
26-Oct-2023 18:41:57.798 INFORMACIÓN [main] org.apache.catalina.startup.VersionLoggerListener.log Versión de Systema Operativo:      10.0
26-Oct-2023 18:41:57.798 INFORMACIÓN [main] org.apache.catalina.startup.VersionLoggerListener.log Arquitectura:                      amd64
26-Oct-2023 18:41:57.799 INFORMACIÓN [main] org.apache.catalina.startup.VersionLoggerListener.log Java Home:                         C:\Program Files\Eclipse Adoptium\jdk-21.0.0.35-hotspot
26-Oct-2023 18:41:57.799 INFORMACIÓN [main] org.apache.catalina.startup.VersionLoggerListener.log JVM Version:                       21+35-LTS
26-Oct-2023 18:41:57.799 INFORMACIÓN [main] org.apache.catalina.startup.VersionLoggerListener.log Vededor JVM:                       Eclipse Adoptium
26-Oct-2023 18:41:57.799 INFORMACIÓN [main] org.apache.catalina.startup.VersionLoggerListener.log CATALINA_BASE:                     C:\Users\anari\OneDrive\Escritorio\sapphire_inventory\apache-tomcat-10.1.13
26-Oct-2023 18:41:57.799 INFORMACIÓN [main] org.apache.catalina.startup.VersionLoggerListener.log CATALINA_HOME:                     C:\Users\anari\OneDrive\Escritorio\sapphire_inventory\apache-tomcat-10.1.13
26-Oct-2023 18:41:57.815 INFORMACIÓN [main] org.apache.catalina.startup.VersionLoggerListener.log Command line argument:             -Djava.util.logging.config.file=c:\Users\anari\OneDrive\Escritorio\sapphire_inventory\apache-tomcat-10.1.13/conf/logging.properties
26-Oct-2023 18:41:57.815 INFORMACIÓN [main] org.apache.catalina.startup.VersionLoggerListener.log Command line argument:             -Djava.util.logging.manager=org.apache.juli.ClassLoaderLogManager
26-Oct-2023 18:41:57.815 INFORMACIÓN [main] org.apache.catalina.startup.VersionLoggerListener.log Command line argument:             -Djdk.tls.ephemeralDHKeySize=2048
26-Oct-2023 18:41:57.816 INFORMACIÓN [main] org.apache.catalina.startup.VersionLoggerListener.log Command line argument:             -Djava.protocol.handler.pkgs=org.apache.catalina.webresources
26-Oct-2023 18:41:57.816 INFORMACIÓN [main] org.apache.catalina.startup.VersionLoggerListener.log Command line argument:             -Dorg.apache.catalina.security.SecurityListener.UMASK=0027
26-Oct-2023 18:41:57.816 INFORMACIÓN [main] org.apache.catalina.startup.VersionLoggerListener.log Command line argument:             -Dcatalina.base=c:\Users\anari\OneDrive\Escritorio\sapphire_inventory\apache-tomcat-10.1.13
26-Oct-2023 18:41:57.817 INFORMACIÓN [main] org.apache.catalina.startup.VersionLoggerListener.log Command line argument:             -Dcatalina.home=c:\Users\anari\OneDrive\Escritorio\sapphire_inventory\apache-tomcat-10.1.13
26-Oct-2023 18:41:57.817 INFORMACIÓN [main] org.apache.catalina.startup.VersionLoggerListener.log Command line argument:             -Djava.io.tmpdir=c:\Users\anari\OneDrive\Escritorio\sapphire_inventory\apache-tomcat-10.1.13/temp
26-Oct-2023 18:41:57.821 INFORMACIÓN [main] org.apache.catalina.core.AprLifecycleListener.lifecycleEvent Cargada la biblioteca nativa APR de Apache Tomcat [2.0.5] con la versión APR [1.7.4].
26-Oct-2023 18:41:57.829 INFORMACIÓN [main] org.apache.catalina.core.AprLifecycleListener.initializeSSL OpenSSL inicializado correctamente [OpenSSL 3.0.10 1 Aug 2023]
26-Oct-2023 18:41:58.187 INFORMACIÓN [main] org.apache.coyote.AbstractProtocol.init Inicializando el manejador de protocolo ["http-nio-8080"]

26-Oct-2023 18:41:58.224 INFORMACIÓN [main] org.apache.catalina.startup.Catalina.load Server initialization in [653] milliseconds
26-Oct-2023 18:41:58.303 INFORMACIÓN [main] org.apache.catalina.core.StandardService.startInternal Arrancando servicio [Catalina]
26-Oct-2023 18:41:58.304 INFORMACIÓN [main] org.apache.catalina.core.StandardEngine.startInternal Starting Servlet engine: [Apache Tomcat/10.1.13]
26-Oct-2023 18:41:58.360 INFORMACIÓN [main] org.apache.catalina.startup.HostConfig.deployWAR Despliegue del archivo [C:\Users\anari\OneDrive\Escritorio\sapphire_inventory\apache-tomcat-10.1.13\webapps\sapphire_inventory.war] de la aplicación web
26-Oct-2023 18:41:59.415 INFORMACIÓN [main] org.apache.jasper.servlet.TldScanner.scanJars Al menos un JAR, que se ha explorado buscando TLDs, aún no contenía TLDs. Activar historial de depuración para este historiador para una completa lista de los JARs que fueron explorados y de los que nos se halló TLDs. Saltarse JARs no necesarios durante la exploración puede dar lugar a una mejora de tiempo significativa en el arranque y compilación de JSP .
26-Oct-2023 18:41:59.486 INFORMACIÓN [main] org.apache.catalina.startup.HostConfig.deployWAR Deployment of web application archive [C:\Users\anari\OneDrive\Escritorio\sapphire_inventory\apache-tomcat-10.1.13\webapps\sapphire_inventory.war] has finished in [1.122] ms
26-Oct-2023 18:41:59.487 INFORMACIÓN [main] org.apache.catalina.startup.HostConfig.deployDirectory Desplegando el directorio [C:\Users\anari\OneDrive\Escritorio\sapphire_inventory\apache-tomcat-10.1.13\webapps\docs] de la aplicación web
26-Oct-2023 18:41:59.540 INFORMACIÓN [main] org.apache.catalina.startup.HostConfig.deployDirectory Deployment of web application directory [C:\Users\anari\OneDrive\Escritorio\sapphire_inventory\apache-tomcat-10.1.13\webapps\docs] has finished in [53] ms
26-Oct-2023 18:41:59.541 INFORMACIÓN [main] org.apache.catalina.startup.HostConfig.deployDirectory Desplegando el directorio [C:\Users\anari\OneDrive\Escritorio\sapphire_inventory\apache-tomcat-10.1.13\webapps\examples] de la aplicación web
26-Oct-2023 18:42:00.099 INFORMACIÓN [main] org.apache.catalina.startup.HostConfig.deployDirectory Deployment of web application directory [C:\Users\anari\OneDrive\Escritorio\sapphire_inventory\apache-tomcat-10.1.13\webapps\examples] has finished in [557] ms
26-Oct-2023 18:42:00.099 INFORMACIÓN [main] org.apache.catalina.startup.HostConfig.deployDirectory Desplegando el directorio [C:\Users\anari\OneDrive\Escritorio\sapphire_inventory\apache-tomcat-10.1.13\webapps\host-manager] de la aplicación web
26-Oct-2023 18:42:00.177 INFORMACIÓN [main] org.apache.catalina.startup.HostConfig.deployDirectory Deployment of web application directory [C:\Users\anari\OneDrive\Escritorio\sapphire_inventory\apache-tomcat-10.1.13\webapps\host-manager] has finished in [77] ms
26-Oct-2023 18:42:00.177 INFORMACIÓN [main] org.apache.catalina.startup.HostConfig.deployDirectory Desplegando el directorio [C:\Users\anari\OneDrive\Escritorio\sapphire_inventory\apache-tomcat-10.1.13\webapps\manager] de la aplicación web
26-Oct-2023 18:42:00.241 INFORMACIÓN [main] org.apache.catalina.startup.HostConfig.deployDirectory Deployment of web application directory [C:\Users\anari\OneDrive\Escritorio\sapphire_inventory\apache-tomcat-10.1.13\webapps\manager] has finished in [64] ms
26-Oct-2023 18:42:00.241 INFORMACIÓN [main] org.apache.catalina.startup.HostConfig.deployDirectory Desplegando el directorio [C:\Users\anari\OneDrive\Escritorio\sapphire_inventory\apache-tomcat-10.1.13\webapps\ROOT] de la aplicación web
26-Oct-2023 18:42:00.279 INFORMACIÓN [main] org.apache.catalina.startup.HostConfig.deployDirectory Deployment of web application directory [C:\Users\anari\OneDrive\Escritorio\sapphire_inventory\apache-tomcat-10.1.13\webapps\ROOT] has finished in [38] ms
26-Oct-2023 18:42:00.285 INFORMACIÓN [main] org.apache.coyote.AbstractProtocol.start Starting ProtocolHandler ["http-nio-8080"]
26-Oct-2023 18:42:00.318 INFORMACIÓN [main] org.apache.catalina.startup.Catalina.start Server startup in [2091] milliseconds
26-Oct-2023 18:42:10.302 INFORMACIÓN [Catalina-utility-2] org.apache.catalina.startup.HostConfig.undeploy Repliegue (undeploy) de la aplicación web que tiene como trayectoria de contexto [/sapphire_inventory]
26-Oct-2023 18:42:10.316 ADVERTENCIA [Catalina-utility-2] org.apache.catalina.loader.WebappClassLoaderBase.checkThreadLocalsForLeaks Necesitas agregar "--add-opens=java.base/java.lang=ALL-UNNAMED" a los argumentos JVM en la línea de comandos, para habilitar la detección de fuga de memoria ThreadLocal. Alternativamente, puedes suprimir esta advertencia, deshabilitando la detección de fuga de memoria ThreadLocal.
26-Oct-2023 18:42:10.317 ADVERTENCIA [Catalina-utility-2] org.apache.catalina.loader.WebappClassLoaderBase.clearReferencesRmiTargets You need to add "--add-opens=java.rmi/sun.rmi.transport=ALL-UNNAMED" to the JVM command line arguments to enable RMI Target memory leak detection. Alternatively, you can suppress this warning by disabling RMI Target memory leak detection.
26-Oct-2023 18:42:10.382 INFORMACIÓN [Catalina-utility-2] org.apache.catalina.startup.HostConfig.deployWAR Despliegue del archivo [C:\Users\anari\OneDrive\Escritorio\sapphire_inventory\apache-tomcat-10.1.13\webapps\sapphire_inventory.war] de la aplicación web
26-Oct-2023 18:42:11.137 INFORMACIÓN [Catalina-utility-2] org.apache.jasper.servlet.TldScanner.scanJars Al menos un JAR, que se ha explorado buscando TLDs, aún no contenía TLDs. Activar historial de depuración para este historiador para una completa lista de los JARs que fueron explorados y de los que nos se halló TLDs. Saltarse JARs no necesarios durante la exploración puede dar lugar a una mejora de tiempo significativa en el arranque y compilación de JSP .
26-Oct-2023 18:42:11.147 INFORMACIÓN [Catalina-utility-2] org.apache.catalina.startup.HostConfig.deployWAR Deployment of web application archive [C:\Users\anari\OneDrive\Escritorio\sapphire_inventory\apache-tomcat-10.1.13\webapps\sapphire_inventory.war] has finished in [765] ms
26-Oct-2023 18:43:11.256 INFORMACIÓN [Catalina-utility-2] org.apache.catalina.startup.HostConfig.undeploy Repliegue (undeploy) de la aplicación web que tiene como trayectoria de contexto [/sapphire_inventory]
26-Oct-2023 18:43:11.260 ADVERTENCIA [Catalina-utility-2] org.apache.catalina.loader.WebappClassLoaderBase.checkThreadLocalsForLeaks Necesitas agregar "--add-opens=java.base/java.lang=ALL-UNNAMED" a los argumentos JVM en la línea de comandos, para habilitar la detección de fuga de memoria ThreadLocal. Alternativamente, puedes suprimir esta advertencia, deshabilitando la detección de fuga de memoria ThreadLocal.
26-Oct-2023 18:43:11.260 ADVERTENCIA [Catalina-utility-2] org.apache.catalina.loader.WebappClassLoaderBase.clearReferencesRmiTargets You need to add "--add-opens=java.rmi/sun.rmi.transport=ALL-UNNAMED" to the JVM command line arguments to enable RMI Target memory leak detection. Alternatively, you can suppress this warning by disabling RMI Target memory leak detection.
26-Oct-2023 18:43:11.333 INFORMACIÓN [Catalina-utility-2] org.apache.catalina.startup.HostConfig.deployWAR Despliegue del archivo [C:\Users\anari\OneDrive\Escritorio\sapphire_inventory\apache-tomcat-10.1.13\webapps\sapphire_inventory.war] de la aplicación web
26-Oct-2023 18:43:12.058 INFORMACIÓN [Catalina-utility-2] org.apache.jasper.servlet.TldScanner.scanJars Al menos un JAR, que se ha explorado buscando TLDs, aún no contenía TLDs. Activar historial de depuración para este historiador para una completa lista de los JARs que fueron explorados y de los que nos se halló TLDs. Saltarse JARs no necesarios durante la exploración puede dar lugar a una mejora de tiempo significativa en el arranque y compilación de JSP .
26-Oct-2023 18:43:12.065 INFORMACIÓN [Catalina-utility-2] org.apache.catalina.startup.HostConfig.deployWAR Deployment of web application archive [C:\Users\anari\OneDrive\Escritorio\sapphire_inventory\apache-tomcat-10.1.13\webapps\sapphire_inventory.war] has finished in [732] ms
26-Oct-2023 20:21:04.330 INFORMACIÓN [main] org.apache.catalina.core.StandardServer.await Se ha recibido un comando de apagado a través del puerto de apagado. Parando la instancia del Servidor.
26-Oct-2023 20:21:04.333 INFORMACIÓN [main] org.apache.coyote.AbstractProtocol.pause Pausing ProtocolHandler ["http-nio-8080"]
26-Oct-2023 20:21:04.343 INFORMACIÓN [main] org.apache.catalina.core.StandardService.stopInternal Parando servicio [Catalina]
26-Oct-2023 20:21:04.354 ADVERTENCIA [main] org.apache.catalina.loader.WebappClassLoaderBase.checkThreadLocalsForLeaks Necesitas agregar "--add-opens=java.base/java.lang=ALL-UNNAMED" a los argumentos JVM en la línea de comandos, para habilitar la detección de fuga de memoria ThreadLocal. Alternativamente, puedes suprimir esta advertencia, deshabilitando la detección de fuga de memoria ThreadLocal.
26-Oct-2023 20:21:04.355 ADVERTENCIA [main] org.apache.catalina.loader.WebappClassLoaderBase.clearReferencesRmiTargets You need to add "--add-opens=java.rmi/sun.rmi.transport=ALL-UNNAMED" to the JVM command line arguments to enable RMI Target memory leak detection. Alternatively, you can suppress this warning by disabling RMI Target memory leak detection.
26-Oct-2023 20:21:04.359 ADVERTENCIA [main] org.apache.catalina.loader.WebappClassLoaderBase.checkThreadLocalsForLeaks Necesitas agregar "--add-opens=java.base/java.lang=ALL-UNNAMED" a los argumentos JVM en la línea de comandos, para habilitar la detección de fuga de memoria ThreadLocal. Alternativamente, puedes suprimir esta advertencia, deshabilitando la detección de fuga de memoria ThreadLocal.
26-Oct-2023 20:21:04.359 ADVERTENCIA [main] org.apache.catalina.loader.WebappClassLoaderBase.clearReferencesRmiTargets You need to add "--add-opens=java.rmi/sun.rmi.transport=ALL-UNNAMED" to the JVM command line arguments to enable RMI Target memory leak detection. Alternatively, you can suppress this warning by disabling RMI Target memory leak detection.
26-Oct-2023 20:21:04.368 ADVERTENCIA [main] org.apache.catalina.loader.WebappClassLoaderBase.checkThreadLocalsForLeaks Necesitas agregar "--add-opens=java.base/java.lang=ALL-UNNAMED" a los argumentos JVM en la línea de comandos, para habilitar la detección de fuga de memoria ThreadLocal. Alternativamente, puedes suprimir esta advertencia, deshabilitando la detección de fuga de memoria ThreadLocal.
26-Oct-2023 20:21:04.368 ADVERTENCIA [main] org.apache.catalina.loader.WebappClassLoaderBase.clearReferencesRmiTargets You need to add "--add-opens=java.rmi/sun.rmi.transport=ALL-UNNAMED" to the JVM command line arguments to enable RMI Target memory leak detection. Alternatively, you can suppress this warning by disabling RMI Target memory leak detection.
26-Oct-2023 20:21:04.373 ADVERTENCIA [main] org.apache.catalina.loader.WebappClassLoaderBase.checkThreadLocalsForLeaks Necesitas agregar "--add-opens=java.base/java.lang=ALL-UNNAMED" a los argumentos JVM en la línea de comandos, para habilitar la detección de fuga de memoria ThreadLocal. Alternativamente, puedes suprimir esta advertencia, deshabilitando la detección de fuga de memoria ThreadLocal.
26-Oct-2023 20:21:04.373 ADVERTENCIA [main] org.apache.catalina.loader.WebappClassLoaderBase.clearReferencesRmiTargets You need to add "--add-opens=java.rmi/sun.rmi.transport=ALL-UNNAMED" to the JVM command line arguments to enable RMI Target memory leak detection. Alternatively, you can suppress this warning by disabling RMI Target memory leak detection.
26-Oct-2023 20:21:04.378 ADVERTENCIA [main] org.apache.catalina.loader.WebappClassLoaderBase.checkThreadLocalsForLeaks Necesitas agregar "--add-opens=java.base/java.lang=ALL-UNNAMED" a los argumentos JVM en la línea de comandos, para habilitar la detección de fuga de memoria ThreadLocal. Alternativamente, puedes suprimir esta advertencia, deshabilitando la detección de fuga de memoria ThreadLocal.
26-Oct-2023 20:21:04.379 ADVERTENCIA [main] org.apache.catalina.loader.WebappClassLoaderBase.clearReferencesRmiTargets You need to add "--add-opens=java.rmi/sun.rmi.transport=ALL-UNNAMED" to the JVM command line arguments to enable RMI Target memory leak detection. Alternatively, you can suppress this warning by disabling RMI Target memory leak detection.
26-Oct-2023 20:21:04.383 ADVERTENCIA [main] org.apache.catalina.loader.WebappClassLoaderBase.checkThreadLocalsForLeaks Necesitas agregar "--add-opens=java.base/java.lang=ALL-UNNAMED" a los argumentos JVM en la línea de comandos, para habilitar la detección de fuga de memoria ThreadLocal. Alternativamente, puedes suprimir esta advertencia, deshabilitando la detección de fuga de memoria ThreadLocal.
26-Oct-2023 20:21:04.383 ADVERTENCIA [main] org.apache.catalina.loader.WebappClassLoaderBase.clearReferencesRmiTargets You need to add "--add-opens=java.rmi/sun.rmi.transport=ALL-UNNAMED" to the JVM command line arguments to enable RMI Target memory leak detection. Alternatively, you can suppress this warning by disabling RMI Target memory leak detection.
26-Oct-2023 20:21:04.384 INFORMACIÓN [main] org.apache.coyote.AbstractProtocol.stop Stopping ProtocolHandler ["http-nio-8080"]
26-Oct-2023 20:21:04.407 INFORMACIÓN [main] org.apache.coyote.AbstractProtocol.destroy Destroying ProtocolHandler ["http-nio-8080"]
