17-Nov-2023 20:34:51.094 INFORMACIÓN [main] org.apache.catalina.startup.VersionLoggerListener.log Nombre de la versión del servidor: Apache Tomcat/10.1.13
17-Nov-2023 20:34:51.094 INFORMACIÓN [main] org.apache.catalina.startup.VersionLoggerListener.log Server built:                      Aug 23 2023 21:34:59 UTC
17-Nov-2023 20:34:51.094 INFORMACIÓN [main] org.apache.catalina.startup.VersionLoggerListener.log Número de versión de servidor:     10.1.13.0
17-Nov-2023 20:34:51.094 INFORMACIÓN [main] org.apache.catalina.startup.VersionLoggerListener.log OS Name:                           Windows 11
17-Nov-2023 20:34:51.094 INFORMACIÓN [main] org.apache.catalina.startup.VersionLoggerListener.log Versión de Systema Operativo:      10.0
17-Nov-2023 20:34:51.094 INFORMACIÓN [main] org.apache.catalina.startup.VersionLoggerListener.log Arquitectura:                      amd64
17-Nov-2023 20:34:51.094 INFORMACIÓN [main] org.apache.catalina.startup.VersionLoggerListener.log Java Home:                         C:\Program Files\Eclipse Adoptium\jdk-21.0.0.35-hotspot
17-Nov-2023 20:34:51.094 INFORMACIÓN [main] org.apache.catalina.startup.VersionLoggerListener.log JVM Version:                       21+35-LTS
17-Nov-2023 20:34:51.094 INFORMACIÓN [main] org.apache.catalina.startup.VersionLoggerListener.log Vededor JVM:                       Eclipse Adoptium
17-Nov-2023 20:34:51.094 INFORMACIÓN [main] org.apache.catalina.startup.VersionLoggerListener.log CATALINA_BASE:                     C:\Users\anari\OneDrive\Escritorio\sapphire_inventory\apache-tomcat-10.1.13
17-Nov-2023 20:34:51.094 INFORMACIÓN [main] org.apache.catalina.startup.VersionLoggerListener.log CATALINA_HOME:                     C:\Users\anari\OneDrive\Escritorio\sapphire_inventory\apache-tomcat-10.1.13
17-Nov-2023 20:34:51.137 INFORMACIÓN [main] org.apache.catalina.startup.VersionLoggerListener.log Command line argument:             -Djava.util.logging.config.file=c:\Users\anari\OneDrive\Escritorio\sapphire_inventory\apache-tomcat-10.1.13/conf/logging.properties
17-Nov-2023 20:34:51.137 INFORMACIÓN [main] org.apache.catalina.startup.VersionLoggerListener.log Command line argument:             -Djava.util.logging.manager=org.apache.juli.ClassLoaderLogManager
17-Nov-2023 20:34:51.137 INFORMACIÓN [main] org.apache.catalina.startup.VersionLoggerListener.log Command line argument:             -Djdk.tls.ephemeralDHKeySize=2048
17-Nov-2023 20:34:51.137 INFORMACIÓN [main] org.apache.catalina.startup.VersionLoggerListener.log Command line argument:             -Djava.protocol.handler.pkgs=org.apache.catalina.webresources
17-Nov-2023 20:34:51.137 INFORMACIÓN [main] org.apache.catalina.startup.VersionLoggerListener.log Command line argument:             -Dorg.apache.catalina.security.SecurityListener.UMASK=0027
17-Nov-2023 20:34:51.145 INFORMACIÓN [main] org.apache.catalina.startup.VersionLoggerListener.log Command line argument:             -Dcatalina.base=c:\Users\anari\OneDrive\Escritorio\sapphire_inventory\apache-tomcat-10.1.13
17-Nov-2023 20:34:51.145 INFORMACIÓN [main] org.apache.catalina.startup.VersionLoggerListener.log Command line argument:             -Dcatalina.home=c:\Users\anari\OneDrive\Escritorio\sapphire_inventory\apache-tomcat-10.1.13
17-Nov-2023 20:34:51.145 INFORMACIÓN [main] org.apache.catalina.startup.VersionLoggerListener.log Command line argument:             -Djava.io.tmpdir=c:\Users\anari\OneDrive\Escritorio\sapphire_inventory\apache-tomcat-10.1.13/temp
17-Nov-2023 20:34:51.156 INFORMACIÓN [main] org.apache.catalina.core.AprLifecycleListener.lifecycleEvent Cargada la biblioteca nativa APR de Apache Tomcat [2.0.5] con la versión APR [1.7.4].
17-Nov-2023 20:34:51.185 INFORMACIÓN [main] org.apache.catalina.core.AprLifecycleListener.initializeSSL OpenSSL inicializado correctamente [OpenSSL 3.0.10 1 Aug 2023]
17-Nov-2023 20:34:51.710 INFORMACIÓN [main] org.apache.coyote.AbstractProtocol.init Inicializando el manejador de protocolo ["http-nio-8080"]

17-Nov-2023 20:34:51.779 INFORMACIÓN [main] org.apache.catalina.startup.Catalina.load Server initialization in [1054] milliseconds
17-Nov-2023 20:34:51.925 INFORMACIÓN [main] org.apache.catalina.core.StandardService.startInternal Arrancando servicio [Catalina]
17-Nov-2023 20:34:51.925 INFORMACIÓN [main] org.apache.catalina.core.StandardEngine.startInternal Starting Servlet engine: [Apache Tomcat/10.1.13]
17-Nov-2023 20:34:52.001 INFORMACIÓN [main] org.apache.catalina.startup.HostConfig.deployWAR Despliegue del archivo [C:\Users\anari\OneDrive\Escritorio\sapphire_inventory\apache-tomcat-10.1.13\webapps\sapphire_inventory.war] de la aplicación web
17-Nov-2023 20:34:53.820 INFORMACIÓN [main] org.apache.jasper.servlet.TldScanner.scanJars Al menos un JAR, que se ha explorado buscando TLDs, aún no contenía TLDs. Activar historial de depuración para este historiador para una completa lista de los JARs que fueron explorados y de los que nos se halló TLDs. Saltarse JARs no necesarios durante la exploración puede dar lugar a una mejora de tiempo significativa en el arranque y compilación de JSP .
17-Nov-2023 20:34:53.962 INFORMACIÓN [main] org.apache.catalina.startup.HostConfig.deployWAR Deployment of web application archive [C:\Users\anari\OneDrive\Escritorio\sapphire_inventory\apache-tomcat-10.1.13\webapps\sapphire_inventory.war] has finished in [1.960] ms
17-Nov-2023 20:34:53.962 INFORMACIÓN [main] org.apache.catalina.startup.HostConfig.deployDirectory Desplegando el directorio [C:\Users\anari\OneDrive\Escritorio\sapphire_inventory\apache-tomcat-10.1.13\webapps\docs] de la aplicación web
17-Nov-2023 20:34:54.044 INFORMACIÓN [main] org.apache.catalina.startup.HostConfig.deployDirectory Deployment of web application directory [C:\Users\anari\OneDrive\Escritorio\sapphire_inventory\apache-tomcat-10.1.13\webapps\docs] has finished in [81] ms
17-Nov-2023 20:34:54.044 INFORMACIÓN [main] org.apache.catalina.startup.HostConfig.deployDirectory Desplegando el directorio [C:\Users\anari\OneDrive\Escritorio\sapphire_inventory\apache-tomcat-10.1.13\webapps\examples] de la aplicación web
17-Nov-2023 20:34:55.179 INFORMACIÓN [main] org.apache.catalina.startup.HostConfig.deployDirectory Deployment of web application directory [C:\Users\anari\OneDrive\Escritorio\sapphire_inventory\apache-tomcat-10.1.13\webapps\examples] has finished in [1.135] ms
17-Nov-2023 20:34:55.179 INFORMACIÓN [main] org.apache.catalina.startup.HostConfig.deployDirectory Desplegando el directorio [C:\Users\anari\OneDrive\Escritorio\sapphire_inventory\apache-tomcat-10.1.13\webapps\host-manager] de la aplicación web
17-Nov-2023 20:34:55.303 INFORMACIÓN [main] org.apache.catalina.startup.HostConfig.deployDirectory Deployment of web application directory [C:\Users\anari\OneDrive\Escritorio\sapphire_inventory\apache-tomcat-10.1.13\webapps\host-manager] has finished in [123] ms
17-Nov-2023 20:34:55.303 INFORMACIÓN [main] org.apache.catalina.startup.HostConfig.deployDirectory Desplegando el directorio [C:\Users\anari\OneDrive\Escritorio\sapphire_inventory\apache-tomcat-10.1.13\webapps\manager] de la aplicación web
17-Nov-2023 20:34:55.385 INFORMACIÓN [main] org.apache.catalina.startup.HostConfig.deployDirectory Deployment of web application directory [C:\Users\anari\OneDrive\Escritorio\sapphire_inventory\apache-tomcat-10.1.13\webapps\manager] has finished in [82] ms
17-Nov-2023 20:34:55.385 INFORMACIÓN [main] org.apache.catalina.startup.HostConfig.deployDirectory Desplegando el directorio [C:\Users\anari\OneDrive\Escritorio\sapphire_inventory\apache-tomcat-10.1.13\webapps\ROOT] de la aplicación web
17-Nov-2023 20:34:55.450 INFORMACIÓN [main] org.apache.catalina.startup.HostConfig.deployDirectory Deployment of web application directory [C:\Users\anari\OneDrive\Escritorio\sapphire_inventory\apache-tomcat-10.1.13\webapps\ROOT] has finished in [65] ms
17-Nov-2023 20:34:55.461 INFORMACIÓN [main] org.apache.coyote.AbstractProtocol.start Starting ProtocolHandler ["http-nio-8080"]
17-Nov-2023 20:34:55.502 INFORMACIÓN [main] org.apache.catalina.startup.Catalina.start Server startup in [3723] milliseconds
17-Nov-2023 20:35:25.516 INFORMACIÓN [Catalina-utility-1] org.apache.catalina.startup.HostConfig.undeploy Repliegue (undeploy) de la aplicación web que tiene como trayectoria de contexto [/sapphire_inventory]
17-Nov-2023 20:35:25.541 ADVERTENCIA [Catalina-utility-1] org.apache.catalina.loader.WebappClassLoaderBase.checkThreadLocalsForLeaks Necesitas agregar "--add-opens=java.base/java.lang=ALL-UNNAMED" a los argumentos JVM en la línea de comandos, para habilitar la detección de fuga de memoria ThreadLocal. Alternativamente, puedes suprimir esta advertencia, deshabilitando la detección de fuga de memoria ThreadLocal.
17-Nov-2023 20:35:25.552 ADVERTENCIA [Catalina-utility-1] org.apache.catalina.loader.WebappClassLoaderBase.clearReferencesRmiTargets You need to add "--add-opens=java.rmi/sun.rmi.transport=ALL-UNNAMED" to the JVM command line arguments to enable RMI Target memory leak detection. Alternatively, you can suppress this warning by disabling RMI Target memory leak detection.
17-Nov-2023 20:35:25.642 INFORMACIÓN [Catalina-utility-1] org.apache.catalina.startup.HostConfig.deployWAR Despliegue del archivo [C:\Users\anari\OneDrive\Escritorio\sapphire_inventory\apache-tomcat-10.1.13\webapps\sapphire_inventory.war] de la aplicación web
17-Nov-2023 20:35:27.225 INFORMACIÓN [Catalina-utility-1] org.apache.jasper.servlet.TldScanner.scanJars Al menos un JAR, que se ha explorado buscando TLDs, aún no contenía TLDs. Activar historial de depuración para este historiador para una completa lista de los JARs que fueron explorados y de los que nos se halló TLDs. Saltarse JARs no necesarios durante la exploración puede dar lugar a una mejora de tiempo significativa en el arranque y compilación de JSP .
17-Nov-2023 20:35:27.240 INFORMACIÓN [Catalina-utility-1] org.apache.catalina.startup.HostConfig.deployWAR Deployment of web application archive [C:\Users\anari\OneDrive\Escritorio\sapphire_inventory\apache-tomcat-10.1.13\webapps\sapphire_inventory.war] has finished in [1.598] ms
17-Nov-2023 20:39:37.751 INFORMACIÓN [Catalina-utility-2] org.apache.catalina.startup.HostConfig.undeploy Repliegue (undeploy) de la aplicación web que tiene como trayectoria de contexto [/sapphire_inventory]
17-Nov-2023 20:39:37.755 ADVERTENCIA [Catalina-utility-2] org.apache.catalina.loader.WebappClassLoaderBase.checkThreadLocalsForLeaks Necesitas agregar "--add-opens=java.base/java.lang=ALL-UNNAMED" a los argumentos JVM en la línea de comandos, para habilitar la detección de fuga de memoria ThreadLocal. Alternativamente, puedes suprimir esta advertencia, deshabilitando la detección de fuga de memoria ThreadLocal.
17-Nov-2023 20:39:37.756 ADVERTENCIA [Catalina-utility-2] org.apache.catalina.loader.WebappClassLoaderBase.clearReferencesRmiTargets You need to add "--add-opens=java.rmi/sun.rmi.transport=ALL-UNNAMED" to the JVM command line arguments to enable RMI Target memory leak detection. Alternatively, you can suppress this warning by disabling RMI Target memory leak detection.
17-Nov-2023 20:39:37.873 INFORMACIÓN [Catalina-utility-2] org.apache.catalina.startup.HostConfig.deployWAR Despliegue del archivo [C:\Users\anari\OneDrive\Escritorio\sapphire_inventory\apache-tomcat-10.1.13\webapps\sapphire_inventory.war] de la aplicación web
17-Nov-2023 20:39:39.169 INFORMACIÓN [Catalina-utility-2] org.apache.jasper.servlet.TldScanner.scanJars Al menos un JAR, que se ha explorado buscando TLDs, aún no contenía TLDs. Activar historial de depuración para este historiador para una completa lista de los JARs que fueron explorados y de los que nos se halló TLDs. Saltarse JARs no necesarios durante la exploración puede dar lugar a una mejora de tiempo significativa en el arranque y compilación de JSP .
17-Nov-2023 20:39:39.178 INFORMACIÓN [Catalina-utility-2] org.apache.catalina.startup.HostConfig.deployWAR Deployment of web application archive [C:\Users\anari\OneDrive\Escritorio\sapphire_inventory\apache-tomcat-10.1.13\webapps\sapphire_inventory.war] has finished in [1.305] ms
17-Nov-2023 20:54:50.802 INFORMACIÓN [Catalina-utility-2] org.apache.catalina.startup.HostConfig.undeploy Repliegue (undeploy) de la aplicación web que tiene como trayectoria de contexto [/sapphire_inventory]
17-Nov-2023 20:54:50.814 ADVERTENCIA [Catalina-utility-2] org.apache.catalina.loader.WebappClassLoaderBase.checkThreadLocalsForLeaks Necesitas agregar "--add-opens=java.base/java.lang=ALL-UNNAMED" a los argumentos JVM en la línea de comandos, para habilitar la detección de fuga de memoria ThreadLocal. Alternativamente, puedes suprimir esta advertencia, deshabilitando la detección de fuga de memoria ThreadLocal.
17-Nov-2023 20:54:50.814 ADVERTENCIA [Catalina-utility-2] org.apache.catalina.loader.WebappClassLoaderBase.clearReferencesRmiTargets You need to add "--add-opens=java.rmi/sun.rmi.transport=ALL-UNNAMED" to the JVM command line arguments to enable RMI Target memory leak detection. Alternatively, you can suppress this warning by disabling RMI Target memory leak detection.
17-Nov-2023 20:54:51.109 INFORMACIÓN [Catalina-utility-2] org.apache.catalina.startup.HostConfig.deployWAR Despliegue del archivo [C:\Users\anari\OneDrive\Escritorio\sapphire_inventory\apache-tomcat-10.1.13\webapps\sapphire_inventory.war] de la aplicación web
17-Nov-2023 20:54:53.139 INFORMACIÓN [Catalina-utility-2] org.apache.jasper.servlet.TldScanner.scanJars Al menos un JAR, que se ha explorado buscando TLDs, aún no contenía TLDs. Activar historial de depuración para este historiador para una completa lista de los JARs que fueron explorados y de los que nos se halló TLDs. Saltarse JARs no necesarios durante la exploración puede dar lugar a una mejora de tiempo significativa en el arranque y compilación de JSP .
17-Nov-2023 20:54:53.159 INFORMACIÓN [Catalina-utility-2] org.apache.catalina.startup.HostConfig.deployWAR Deployment of web application archive [C:\Users\anari\OneDrive\Escritorio\sapphire_inventory\apache-tomcat-10.1.13\webapps\sapphire_inventory.war] has finished in [2.045] ms
17-Nov-2023 20:58:23.475 INFORMACIÓN [Catalina-utility-2] org.apache.catalina.startup.HostConfig.undeploy Repliegue (undeploy) de la aplicación web que tiene como trayectoria de contexto [/sapphire_inventory]
17-Nov-2023 20:58:23.489 ADVERTENCIA [Catalina-utility-2] org.apache.catalina.loader.WebappClassLoaderBase.checkThreadLocalsForLeaks Necesitas agregar "--add-opens=java.base/java.lang=ALL-UNNAMED" a los argumentos JVM en la línea de comandos, para habilitar la detección de fuga de memoria ThreadLocal. Alternativamente, puedes suprimir esta advertencia, deshabilitando la detección de fuga de memoria ThreadLocal.
17-Nov-2023 20:58:23.489 ADVERTENCIA [Catalina-utility-2] org.apache.catalina.loader.WebappClassLoaderBase.clearReferencesRmiTargets You need to add "--add-opens=java.rmi/sun.rmi.transport=ALL-UNNAMED" to the JVM command line arguments to enable RMI Target memory leak detection. Alternatively, you can suppress this warning by disabling RMI Target memory leak detection.
17-Nov-2023 20:58:23.656 INFORMACIÓN [Catalina-utility-2] org.apache.catalina.startup.HostConfig.deployWAR Despliegue del archivo [C:\Users\anari\OneDrive\Escritorio\sapphire_inventory\apache-tomcat-10.1.13\webapps\sapphire_inventory.war] de la aplicación web
17-Nov-2023 20:58:24.774 INFORMACIÓN [Catalina-utility-2] org.apache.jasper.servlet.TldScanner.scanJars Al menos un JAR, que se ha explorado buscando TLDs, aún no contenía TLDs. Activar historial de depuración para este historiador para una completa lista de los JARs que fueron explorados y de los que nos se halló TLDs. Saltarse JARs no necesarios durante la exploración puede dar lugar a una mejora de tiempo significativa en el arranque y compilación de JSP .
17-Nov-2023 20:58:24.789 INFORMACIÓN [Catalina-utility-2] org.apache.catalina.startup.HostConfig.deployWAR Deployment of web application archive [C:\Users\anari\OneDrive\Escritorio\sapphire_inventory\apache-tomcat-10.1.13\webapps\sapphire_inventory.war] has finished in [1.133] ms
17-Nov-2023 21:03:15.394 INFORMACIÓN [Catalina-utility-2] org.apache.catalina.startup.HostConfig.undeploy Repliegue (undeploy) de la aplicación web que tiene como trayectoria de contexto [/sapphire_inventory]
17-Nov-2023 21:03:15.477 ADVERTENCIA [Catalina-utility-2] org.apache.catalina.loader.WebappClassLoaderBase.checkThreadLocalsForLeaks Necesitas agregar "--add-opens=java.base/java.lang=ALL-UNNAMED" a los argumentos JVM en la línea de comandos, para habilitar la detección de fuga de memoria ThreadLocal. Alternativamente, puedes suprimir esta advertencia, deshabilitando la detección de fuga de memoria ThreadLocal.
17-Nov-2023 21:03:15.477 ADVERTENCIA [Catalina-utility-2] org.apache.catalina.loader.WebappClassLoaderBase.clearReferencesRmiTargets You need to add "--add-opens=java.rmi/sun.rmi.transport=ALL-UNNAMED" to the JVM command line arguments to enable RMI Target memory leak detection. Alternatively, you can suppress this warning by disabling RMI Target memory leak detection.
17-Nov-2023 21:03:15.620 INFORMACIÓN [Catalina-utility-2] org.apache.catalina.startup.HostConfig.deployWAR Despliegue del archivo [C:\Users\anari\OneDrive\Escritorio\sapphire_inventory\apache-tomcat-10.1.13\webapps\sapphire_inventory.war] de la aplicación web
17-Nov-2023 21:03:16.658 INFORMACIÓN [Catalina-utility-2] org.apache.jasper.servlet.TldScanner.scanJars Al menos un JAR, que se ha explorado buscando TLDs, aún no contenía TLDs. Activar historial de depuración para este historiador para una completa lista de los JARs que fueron explorados y de los que nos se halló TLDs. Saltarse JARs no necesarios durante la exploración puede dar lugar a una mejora de tiempo significativa en el arranque y compilación de JSP .
17-Nov-2023 21:03:16.675 INFORMACIÓN [Catalina-utility-2] org.apache.catalina.startup.HostConfig.deployWAR Deployment of web application archive [C:\Users\anari\OneDrive\Escritorio\sapphire_inventory\apache-tomcat-10.1.13\webapps\sapphire_inventory.war] has finished in [1.055] ms
17-Nov-2023 21:11:27.586 INFORMACIÓN [Catalina-utility-1] org.apache.catalina.startup.HostConfig.undeploy Repliegue (undeploy) de la aplicación web que tiene como trayectoria de contexto [/sapphire_inventory]
17-Nov-2023 21:11:27.614 ADVERTENCIA [Catalina-utility-1] org.apache.catalina.loader.WebappClassLoaderBase.checkThreadLocalsForLeaks Necesitas agregar "--add-opens=java.base/java.lang=ALL-UNNAMED" a los argumentos JVM en la línea de comandos, para habilitar la detección de fuga de memoria ThreadLocal. Alternativamente, puedes suprimir esta advertencia, deshabilitando la detección de fuga de memoria ThreadLocal.
17-Nov-2023 21:11:27.614 ADVERTENCIA [Catalina-utility-1] org.apache.catalina.loader.WebappClassLoaderBase.clearReferencesRmiTargets You need to add "--add-opens=java.rmi/sun.rmi.transport=ALL-UNNAMED" to the JVM command line arguments to enable RMI Target memory leak detection. Alternatively, you can suppress this warning by disabling RMI Target memory leak detection.
17-Nov-2023 21:11:27.791 INFORMACIÓN [Catalina-utility-1] org.apache.catalina.startup.HostConfig.deployWAR Despliegue del archivo [C:\Users\anari\OneDrive\Escritorio\sapphire_inventory\apache-tomcat-10.1.13\webapps\sapphire_inventory.war] de la aplicación web
17-Nov-2023 21:11:28.926 INFORMACIÓN [Catalina-utility-1] org.apache.jasper.servlet.TldScanner.scanJars Al menos un JAR, que se ha explorado buscando TLDs, aún no contenía TLDs. Activar historial de depuración para este historiador para una completa lista de los JARs que fueron explorados y de los que nos se halló TLDs. Saltarse JARs no necesarios durante la exploración puede dar lugar a una mejora de tiempo significativa en el arranque y compilación de JSP .
17-Nov-2023 21:11:28.933 INFORMACIÓN [Catalina-utility-1] org.apache.catalina.startup.HostConfig.deployWAR Deployment of web application archive [C:\Users\anari\OneDrive\Escritorio\sapphire_inventory\apache-tomcat-10.1.13\webapps\sapphire_inventory.war] has finished in [1.141] ms
17-Nov-2023 21:12:59.058 INFORMACIÓN [Catalina-utility-2] org.apache.catalina.startup.HostConfig.undeploy Repliegue (undeploy) de la aplicación web que tiene como trayectoria de contexto [/sapphire_inventory]
17-Nov-2023 21:12:59.087 ADVERTENCIA [Catalina-utility-2] org.apache.catalina.loader.WebappClassLoaderBase.checkThreadLocalsForLeaks Necesitas agregar "--add-opens=java.base/java.lang=ALL-UNNAMED" a los argumentos JVM en la línea de comandos, para habilitar la detección de fuga de memoria ThreadLocal. Alternativamente, puedes suprimir esta advertencia, deshabilitando la detección de fuga de memoria ThreadLocal.
17-Nov-2023 21:12:59.089 ADVERTENCIA [Catalina-utility-2] org.apache.catalina.loader.WebappClassLoaderBase.clearReferencesRmiTargets You need to add "--add-opens=java.rmi/sun.rmi.transport=ALL-UNNAMED" to the JVM command line arguments to enable RMI Target memory leak detection. Alternatively, you can suppress this warning by disabling RMI Target memory leak detection.
17-Nov-2023 21:12:59.306 INFORMACIÓN [Catalina-utility-2] org.apache.catalina.startup.HostConfig.deployWAR Despliegue del archivo [C:\Users\anari\OneDrive\Escritorio\sapphire_inventory\apache-tomcat-10.1.13\webapps\sapphire_inventory.war] de la aplicación web
17-Nov-2023 21:13:00.493 INFORMACIÓN [Catalina-utility-2] org.apache.jasper.servlet.TldScanner.scanJars Al menos un JAR, que se ha explorado buscando TLDs, aún no contenía TLDs. Activar historial de depuración para este historiador para una completa lista de los JARs que fueron explorados y de los que nos se halló TLDs. Saltarse JARs no necesarios durante la exploración puede dar lugar a una mejora de tiempo significativa en el arranque y compilación de JSP .
17-Nov-2023 21:13:00.504 INFORMACIÓN [Catalina-utility-2] org.apache.catalina.startup.HostConfig.deployWAR Deployment of web application archive [C:\Users\anari\OneDrive\Escritorio\sapphire_inventory\apache-tomcat-10.1.13\webapps\sapphire_inventory.war] has finished in [1.198] ms
17-Nov-2023 21:13:40.579 INFORMACIÓN [Catalina-utility-1] org.apache.catalina.startup.HostConfig.undeploy Repliegue (undeploy) de la aplicación web que tiene como trayectoria de contexto [/sapphire_inventory]
17-Nov-2023 21:13:40.586 ADVERTENCIA [Catalina-utility-1] org.apache.catalina.loader.WebappClassLoaderBase.checkThreadLocalsForLeaks Necesitas agregar "--add-opens=java.base/java.lang=ALL-UNNAMED" a los argumentos JVM en la línea de comandos, para habilitar la detección de fuga de memoria ThreadLocal. Alternativamente, puedes suprimir esta advertencia, deshabilitando la detección de fuga de memoria ThreadLocal.
17-Nov-2023 21:13:40.586 ADVERTENCIA [Catalina-utility-1] org.apache.catalina.loader.WebappClassLoaderBase.clearReferencesRmiTargets You need to add "--add-opens=java.rmi/sun.rmi.transport=ALL-UNNAMED" to the JVM command line arguments to enable RMI Target memory leak detection. Alternatively, you can suppress this warning by disabling RMI Target memory leak detection.
17-Nov-2023 21:13:40.694 INFORMACIÓN [Catalina-utility-1] org.apache.catalina.startup.HostConfig.deployWAR Despliegue del archivo [C:\Users\anari\OneDrive\Escritorio\sapphire_inventory\apache-tomcat-10.1.13\webapps\sapphire_inventory.war] de la aplicación web
17-Nov-2023 21:13:41.676 INFORMACIÓN [Catalina-utility-1] org.apache.jasper.servlet.TldScanner.scanJars Al menos un JAR, que se ha explorado buscando TLDs, aún no contenía TLDs. Activar historial de depuración para este historiador para una completa lista de los JARs que fueron explorados y de los que nos se halló TLDs. Saltarse JARs no necesarios durante la exploración puede dar lugar a una mejora de tiempo significativa en el arranque y compilación de JSP .
17-Nov-2023 21:13:41.708 INFORMACIÓN [Catalina-utility-1] org.apache.catalina.startup.HostConfig.deployWAR Deployment of web application archive [C:\Users\anari\OneDrive\Escritorio\sapphire_inventory\apache-tomcat-10.1.13\webapps\sapphire_inventory.war] has finished in [1.014] ms
17-Nov-2023 21:23:02.685 INFORMACIÓN [Catalina-utility-2] org.apache.catalina.startup.HostConfig.undeploy Repliegue (undeploy) de la aplicación web que tiene como trayectoria de contexto [/sapphire_inventory]
17-Nov-2023 21:23:02.695 ADVERTENCIA [Catalina-utility-2] org.apache.catalina.loader.WebappClassLoaderBase.checkThreadLocalsForLeaks Necesitas agregar "--add-opens=java.base/java.lang=ALL-UNNAMED" a los argumentos JVM en la línea de comandos, para habilitar la detección de fuga de memoria ThreadLocal. Alternativamente, puedes suprimir esta advertencia, deshabilitando la detección de fuga de memoria ThreadLocal.
17-Nov-2023 21:23:02.696 ADVERTENCIA [Catalina-utility-2] org.apache.catalina.loader.WebappClassLoaderBase.clearReferencesRmiTargets You need to add "--add-opens=java.rmi/sun.rmi.transport=ALL-UNNAMED" to the JVM command line arguments to enable RMI Target memory leak detection. Alternatively, you can suppress this warning by disabling RMI Target memory leak detection.
17-Nov-2023 21:23:02.883 INFORMACIÓN [Catalina-utility-2] org.apache.catalina.startup.HostConfig.deployWAR Despliegue del archivo [C:\Users\anari\OneDrive\Escritorio\sapphire_inventory\apache-tomcat-10.1.13\webapps\sapphire_inventory.war] de la aplicación web
17-Nov-2023 21:23:03.834 INFORMACIÓN [Catalina-utility-2] org.apache.jasper.servlet.TldScanner.scanJars Al menos un JAR, que se ha explorado buscando TLDs, aún no contenía TLDs. Activar historial de depuración para este historiador para una completa lista de los JARs que fueron explorados y de los que nos se halló TLDs. Saltarse JARs no necesarios durante la exploración puede dar lugar a una mejora de tiempo significativa en el arranque y compilación de JSP .
17-Nov-2023 21:23:03.851 INFORMACIÓN [Catalina-utility-2] org.apache.catalina.startup.HostConfig.deployWAR Deployment of web application archive [C:\Users\anari\OneDrive\Escritorio\sapphire_inventory\apache-tomcat-10.1.13\webapps\sapphire_inventory.war] has finished in [968] ms
17-Nov-2023 22:33:50.433 INFORMACIÓN [Catalina-utility-1] org.apache.catalina.startup.HostConfig.undeploy Repliegue (undeploy) de la aplicación web que tiene como trayectoria de contexto [/sapphire_inventory]
17-Nov-2023 22:33:50.470 ADVERTENCIA [Catalina-utility-1] org.apache.catalina.loader.WebappClassLoaderBase.checkThreadLocalsForLeaks Necesitas agregar "--add-opens=java.base/java.lang=ALL-UNNAMED" a los argumentos JVM en la línea de comandos, para habilitar la detección de fuga de memoria ThreadLocal. Alternativamente, puedes suprimir esta advertencia, deshabilitando la detección de fuga de memoria ThreadLocal.
17-Nov-2023 22:33:50.470 ADVERTENCIA [Catalina-utility-1] org.apache.catalina.loader.WebappClassLoaderBase.clearReferencesRmiTargets You need to add "--add-opens=java.rmi/sun.rmi.transport=ALL-UNNAMED" to the JVM command line arguments to enable RMI Target memory leak detection. Alternatively, you can suppress this warning by disabling RMI Target memory leak detection.
17-Nov-2023 22:33:50.588 INFORMACIÓN [Catalina-utility-1] org.apache.catalina.startup.HostConfig.deployWAR Despliegue del archivo [C:\Users\anari\OneDrive\Escritorio\sapphire_inventory\apache-tomcat-10.1.13\webapps\sapphire_inventory.war] de la aplicación web
17-Nov-2023 22:33:51.402 INFORMACIÓN [Catalina-utility-1] org.apache.jasper.servlet.TldScanner.scanJars Al menos un JAR, que se ha explorado buscando TLDs, aún no contenía TLDs. Activar historial de depuración para este historiador para una completa lista de los JARs que fueron explorados y de los que nos se halló TLDs. Saltarse JARs no necesarios durante la exploración puede dar lugar a una mejora de tiempo significativa en el arranque y compilación de JSP .
17-Nov-2023 22:33:51.411 INFORMACIÓN [Catalina-utility-1] org.apache.catalina.startup.HostConfig.deployWAR Deployment of web application archive [C:\Users\anari\OneDrive\Escritorio\sapphire_inventory\apache-tomcat-10.1.13\webapps\sapphire_inventory.war] has finished in [822] ms
17-Nov-2023 22:35:01.493 INFORMACIÓN [Catalina-utility-2] org.apache.catalina.startup.HostConfig.undeploy Repliegue (undeploy) de la aplicación web que tiene como trayectoria de contexto [/sapphire_inventory]
17-Nov-2023 22:35:01.497 ADVERTENCIA [Catalina-utility-2] org.apache.catalina.loader.WebappClassLoaderBase.checkThreadLocalsForLeaks Necesitas agregar "--add-opens=java.base/java.lang=ALL-UNNAMED" a los argumentos JVM en la línea de comandos, para habilitar la detección de fuga de memoria ThreadLocal. Alternativamente, puedes suprimir esta advertencia, deshabilitando la detección de fuga de memoria ThreadLocal.
17-Nov-2023 22:35:01.497 ADVERTENCIA [Catalina-utility-2] org.apache.catalina.loader.WebappClassLoaderBase.clearReferencesRmiTargets You need to add "--add-opens=java.rmi/sun.rmi.transport=ALL-UNNAMED" to the JVM command line arguments to enable RMI Target memory leak detection. Alternatively, you can suppress this warning by disabling RMI Target memory leak detection.
17-Nov-2023 22:35:01.591 INFORMACIÓN [Catalina-utility-2] org.apache.catalina.startup.HostConfig.deployWAR Despliegue del archivo [C:\Users\anari\OneDrive\Escritorio\sapphire_inventory\apache-tomcat-10.1.13\webapps\sapphire_inventory.war] de la aplicación web
17-Nov-2023 22:35:02.448 INFORMACIÓN [Catalina-utility-2] org.apache.jasper.servlet.TldScanner.scanJars Al menos un JAR, que se ha explorado buscando TLDs, aún no contenía TLDs. Activar historial de depuración para este historiador para una completa lista de los JARs que fueron explorados y de los que nos se halló TLDs. Saltarse JARs no necesarios durante la exploración puede dar lugar a una mejora de tiempo significativa en el arranque y compilación de JSP .
17-Nov-2023 22:35:02.455 INFORMACIÓN [Catalina-utility-2] org.apache.catalina.startup.HostConfig.deployWAR Deployment of web application archive [C:\Users\anari\OneDrive\Escritorio\sapphire_inventory\apache-tomcat-10.1.13\webapps\sapphire_inventory.war] has finished in [864] ms
17-Nov-2023 22:40:12.894 INFORMACIÓN [Catalina-utility-1] org.apache.catalina.startup.HostConfig.undeploy Repliegue (undeploy) de la aplicación web que tiene como trayectoria de contexto [/sapphire_inventory]
17-Nov-2023 22:40:12.897 ADVERTENCIA [Catalina-utility-1] org.apache.catalina.loader.WebappClassLoaderBase.checkThreadLocalsForLeaks Necesitas agregar "--add-opens=java.base/java.lang=ALL-UNNAMED" a los argumentos JVM en la línea de comandos, para habilitar la detección de fuga de memoria ThreadLocal. Alternativamente, puedes suprimir esta advertencia, deshabilitando la detección de fuga de memoria ThreadLocal.
17-Nov-2023 22:40:12.897 ADVERTENCIA [Catalina-utility-1] org.apache.catalina.loader.WebappClassLoaderBase.clearReferencesRmiTargets You need to add "--add-opens=java.rmi/sun.rmi.transport=ALL-UNNAMED" to the JVM command line arguments to enable RMI Target memory leak detection. Alternatively, you can suppress this warning by disabling RMI Target memory leak detection.
17-Nov-2023 22:40:13.000 INFORMACIÓN [Catalina-utility-1] org.apache.catalina.startup.HostConfig.deployWAR Despliegue del archivo [C:\Users\anari\OneDrive\Escritorio\sapphire_inventory\apache-tomcat-10.1.13\webapps\sapphire_inventory.war] de la aplicación web
17-Nov-2023 22:40:13.693 INFORMACIÓN [Catalina-utility-1] org.apache.jasper.servlet.TldScanner.scanJars Al menos un JAR, que se ha explorado buscando TLDs, aún no contenía TLDs. Activar historial de depuración para este historiador para una completa lista de los JARs que fueron explorados y de los que nos se halló TLDs. Saltarse JARs no necesarios durante la exploración puede dar lugar a una mejora de tiempo significativa en el arranque y compilación de JSP .
17-Nov-2023 22:40:13.698 INFORMACIÓN [Catalina-utility-1] org.apache.catalina.startup.HostConfig.deployWAR Deployment of web application archive [C:\Users\anari\OneDrive\Escritorio\sapphire_inventory\apache-tomcat-10.1.13\webapps\sapphire_inventory.war] has finished in [697] ms
17-Nov-2023 22:46:44.225 INFORMACIÓN [Catalina-utility-2] org.apache.catalina.startup.HostConfig.undeploy Repliegue (undeploy) de la aplicación web que tiene como trayectoria de contexto [/sapphire_inventory]
17-Nov-2023 22:46:44.228 ADVERTENCIA [Catalina-utility-2] org.apache.catalina.loader.WebappClassLoaderBase.checkThreadLocalsForLeaks Necesitas agregar "--add-opens=java.base/java.lang=ALL-UNNAMED" a los argumentos JVM en la línea de comandos, para habilitar la detección de fuga de memoria ThreadLocal. Alternativamente, puedes suprimir esta advertencia, deshabilitando la detección de fuga de memoria ThreadLocal.
17-Nov-2023 22:46:44.228 ADVERTENCIA [Catalina-utility-2] org.apache.catalina.loader.WebappClassLoaderBase.clearReferencesRmiTargets You need to add "--add-opens=java.rmi/sun.rmi.transport=ALL-UNNAMED" to the JVM command line arguments to enable RMI Target memory leak detection. Alternatively, you can suppress this warning by disabling RMI Target memory leak detection.
17-Nov-2023 22:46:44.331 INFORMACIÓN [Catalina-utility-2] org.apache.catalina.startup.HostConfig.deployWAR Despliegue del archivo [C:\Users\anari\OneDrive\Escritorio\sapphire_inventory\apache-tomcat-10.1.13\webapps\sapphire_inventory.war] de la aplicación web
17-Nov-2023 22:46:45.022 INFORMACIÓN [Catalina-utility-2] org.apache.jasper.servlet.TldScanner.scanJars Al menos un JAR, que se ha explorado buscando TLDs, aún no contenía TLDs. Activar historial de depuración para este historiador para una completa lista de los JARs que fueron explorados y de los que nos se halló TLDs. Saltarse JARs no necesarios durante la exploración puede dar lugar a una mejora de tiempo significativa en el arranque y compilación de JSP .
17-Nov-2023 22:46:45.028 INFORMACIÓN [Catalina-utility-2] org.apache.catalina.startup.HostConfig.deployWAR Deployment of web application archive [C:\Users\anari\OneDrive\Escritorio\sapphire_inventory\apache-tomcat-10.1.13\webapps\sapphire_inventory.war] has finished in [697] ms
17-Nov-2023 22:51:15.382 INFORMACIÓN [Catalina-utility-2] org.apache.catalina.startup.HostConfig.undeploy Repliegue (undeploy) de la aplicación web que tiene como trayectoria de contexto [/sapphire_inventory]
17-Nov-2023 22:51:15.385 ADVERTENCIA [Catalina-utility-2] org.apache.catalina.loader.WebappClassLoaderBase.clearReferencesJdbc La aplicación web [sapphire_inventory] registró el conductor JDBC [com.mysql.cj.jdbc.Driver] pero falló al anular el registro mientras la aplicación web estaba parada. Para prevenir un fallo de memoria, se ha anulado el registro del conductor JDBC por la fuerza.
17-Nov-2023 22:51:15.386 ADVERTENCIA [Catalina-utility-2] org.apache.catalina.loader.WebappClassLoaderBase.clearReferencesThreads The web application [sapphire_inventory] appears to have started a thread named [mysql-cj-abandoned-connection-cleanup] but has failed to stop it. This is very likely to create a memory leak. Stack trace of thread:
 java.base/jdk.internal.misc.Unsafe.park(Native Method)
 java.base/java.util.concurrent.locks.LockSupport.parkNanos(LockSupport.java:269)
 java.base/java.util.concurrent.locks.AbstractQueuedSynchronizer$ConditionObject.await(AbstractQueuedSynchronizer.java:1847)
 java.base/java.lang.ref.ReferenceQueue.await(ReferenceQueue.java:71)
 java.base/java.lang.ref.ReferenceQueue.remove0(ReferenceQueue.java:143)
 java.base/java.lang.ref.ReferenceQueue.remove(ReferenceQueue.java:218)
 com.mysql.cj.jdbc.AbandonedConnectionCleanupThread.run(AbandonedConnectionCleanupThread.java:91)
 java.base/java.util.concurrent.ThreadPoolExecutor.runWorker(ThreadPoolExecutor.java:1144)
 java.base/java.util.concurrent.ThreadPoolExecutor$Worker.run(ThreadPoolExecutor.java:642)
 java.base/java.lang.Thread.run(Thread.java:1583)
17-Nov-2023 22:51:15.387 ADVERTENCIA [Catalina-utility-2] org.apache.catalina.loader.WebappClassLoaderBase.checkThreadLocalsForLeaks Necesitas agregar "--add-opens=java.base/java.lang=ALL-UNNAMED" a los argumentos JVM en la línea de comandos, para habilitar la detección de fuga de memoria ThreadLocal. Alternativamente, puedes suprimir esta advertencia, deshabilitando la detección de fuga de memoria ThreadLocal.
17-Nov-2023 22:51:15.387 ADVERTENCIA [Catalina-utility-2] org.apache.catalina.loader.WebappClassLoaderBase.clearReferencesRmiTargets You need to add "--add-opens=java.rmi/sun.rmi.transport=ALL-UNNAMED" to the JVM command line arguments to enable RMI Target memory leak detection. Alternatively, you can suppress this warning by disabling RMI Target memory leak detection.
17-Nov-2023 22:51:15.485 INFORMACIÓN [Catalina-utility-2] org.apache.catalina.startup.HostConfig.deployWAR Despliegue del archivo [C:\Users\anari\OneDrive\Escritorio\sapphire_inventory\apache-tomcat-10.1.13\webapps\sapphire_inventory.war] de la aplicación web
17-Nov-2023 22:51:15.879 INFORMACIÓN [mysql-cj-abandoned-connection-cleanup] org.apache.catalina.loader.WebappClassLoaderBase.checkStateForResourceLoading Acceso ilegal: esta instancia de aplicación web ya ha sido parada.  Could not load [].  La eventual traza de pila que sigue ha sido motivada por un error lanzado con motivos de depuración así como para intentar terminar el hilo que motivó el acceso ilegal y no tiene impacto funcional.
	java.lang.IllegalStateException: Acceso ilegal: esta instancia de aplicación web ya ha sido parada.  Could not load [].  La eventual traza de pila que sigue ha sido motivada por un error lanzado con motivos de depuración así como para intentar terminar el hilo que motivó el acceso ilegal y no tiene impacto funcional.
		at org.apache.catalina.loader.WebappClassLoaderBase.checkStateForResourceLoading(WebappClassLoaderBase.java:1457)
		at org.apache.catalina.loader.WebappClassLoaderBase.getResource(WebappClassLoaderBase.java:1047)
		at com.mysql.cj.jdbc.AbandonedConnectionCleanupThread.checkThreadContextClassLoader(AbandonedConnectionCleanupThread.java:123)
		at com.mysql.cj.jdbc.AbandonedConnectionCleanupThread.run(AbandonedConnectionCleanupThread.java:90)
		at java.base/java.util.concurrent.ThreadPoolExecutor.runWorker(ThreadPoolExecutor.java:1144)
		at java.base/java.util.concurrent.ThreadPoolExecutor$Worker.run(ThreadPoolExecutor.java:642)
		at java.base/java.lang.Thread.run(Thread.java:1583)
17-Nov-2023 22:51:16.145 INFORMACIÓN [Catalina-utility-2] org.apache.jasper.servlet.TldScanner.scanJars Al menos un JAR, que se ha explorado buscando TLDs, aún no contenía TLDs. Activar historial de depuración para este historiador para una completa lista de los JARs que fueron explorados y de los que nos se halló TLDs. Saltarse JARs no necesarios durante la exploración puede dar lugar a una mejora de tiempo significativa en el arranque y compilación de JSP .
17-Nov-2023 22:51:16.151 INFORMACIÓN [Catalina-utility-2] org.apache.catalina.startup.HostConfig.deployWAR Deployment of web application archive [C:\Users\anari\OneDrive\Escritorio\sapphire_inventory\apache-tomcat-10.1.13\webapps\sapphire_inventory.war] has finished in [666] ms
17-Nov-2023 23:05:07.397 INFORMACIÓN [Catalina-utility-2] org.apache.catalina.startup.HostConfig.undeploy Repliegue (undeploy) de la aplicación web que tiene como trayectoria de contexto [/sapphire_inventory]
17-Nov-2023 23:05:07.400 ADVERTENCIA [Catalina-utility-2] org.apache.catalina.loader.WebappClassLoaderBase.clearReferencesJdbc La aplicación web [sapphire_inventory] registró el conductor JDBC [com.mysql.cj.jdbc.Driver] pero falló al anular el registro mientras la aplicación web estaba parada. Para prevenir un fallo de memoria, se ha anulado el registro del conductor JDBC por la fuerza.
17-Nov-2023 23:05:07.401 ADVERTENCIA [Catalina-utility-2] org.apache.catalina.loader.WebappClassLoaderBase.clearReferencesThreads The web application [sapphire_inventory] appears to have started a thread named [mysql-cj-abandoned-connection-cleanup] but has failed to stop it. This is very likely to create a memory leak. Stack trace of thread:
 java.base/jdk.internal.misc.Unsafe.park(Native Method)
 java.base/java.util.concurrent.locks.LockSupport.parkNanos(LockSupport.java:269)
 java.base/java.util.concurrent.locks.AbstractQueuedSynchronizer$ConditionObject.await(AbstractQueuedSynchronizer.java:1847)
 java.base/java.lang.ref.ReferenceQueue.await(ReferenceQueue.java:71)
 java.base/java.lang.ref.ReferenceQueue.remove0(ReferenceQueue.java:143)
 java.base/java.lang.ref.ReferenceQueue.remove(ReferenceQueue.java:218)
 com.mysql.cj.jdbc.AbandonedConnectionCleanupThread.run(AbandonedConnectionCleanupThread.java:91)
 java.base/java.util.concurrent.ThreadPoolExecutor.runWorker(ThreadPoolExecutor.java:1144)
 java.base/java.util.concurrent.ThreadPoolExecutor$Worker.run(ThreadPoolExecutor.java:642)
 java.base/java.lang.Thread.run(Thread.java:1583)
17-Nov-2023 23:05:07.401 ADVERTENCIA [Catalina-utility-2] org.apache.catalina.loader.WebappClassLoaderBase.checkThreadLocalsForLeaks Necesitas agregar "--add-opens=java.base/java.lang=ALL-UNNAMED" a los argumentos JVM en la línea de comandos, para habilitar la detección de fuga de memoria ThreadLocal. Alternativamente, puedes suprimir esta advertencia, deshabilitando la detección de fuga de memoria ThreadLocal.
17-Nov-2023 23:05:07.401 ADVERTENCIA [Catalina-utility-2] org.apache.catalina.loader.WebappClassLoaderBase.clearReferencesRmiTargets You need to add "--add-opens=java.rmi/sun.rmi.transport=ALL-UNNAMED" to the JVM command line arguments to enable RMI Target memory leak detection. Alternatively, you can suppress this warning by disabling RMI Target memory leak detection.
17-Nov-2023 23:05:07.520 INFORMACIÓN [Catalina-utility-2] org.apache.catalina.startup.HostConfig.deployWAR Despliegue del archivo [C:\Users\anari\OneDrive\Escritorio\sapphire_inventory\apache-tomcat-10.1.13\webapps\sapphire_inventory.war] de la aplicación web
17-Nov-2023 23:05:08.198 INFORMACIÓN [Catalina-utility-2] org.apache.jasper.servlet.TldScanner.scanJars Al menos un JAR, que se ha explorado buscando TLDs, aún no contenía TLDs. Activar historial de depuración para este historiador para una completa lista de los JARs que fueron explorados y de los que nos se halló TLDs. Saltarse JARs no necesarios durante la exploración puede dar lugar a una mejora de tiempo significativa en el arranque y compilación de JSP .
17-Nov-2023 23:05:08.206 INFORMACIÓN [Catalina-utility-2] org.apache.catalina.startup.HostConfig.deployWAR Deployment of web application archive [C:\Users\anari\OneDrive\Escritorio\sapphire_inventory\apache-tomcat-10.1.13\webapps\sapphire_inventory.war] has finished in [686] ms
17-Nov-2023 23:05:08.732 INFORMACIÓN [mysql-cj-abandoned-connection-cleanup] org.apache.catalina.loader.WebappClassLoaderBase.checkStateForResourceLoading Acceso ilegal: esta instancia de aplicación web ya ha sido parada.  Could not load [].  La eventual traza de pila que sigue ha sido motivada por un error lanzado con motivos de depuración así como para intentar terminar el hilo que motivó el acceso ilegal y no tiene impacto funcional.
	java.lang.IllegalStateException: Acceso ilegal: esta instancia de aplicación web ya ha sido parada.  Could not load [].  La eventual traza de pila que sigue ha sido motivada por un error lanzado con motivos de depuración así como para intentar terminar el hilo que motivó el acceso ilegal y no tiene impacto funcional.
		at org.apache.catalina.loader.WebappClassLoaderBase.checkStateForResourceLoading(WebappClassLoaderBase.java:1457)
		at org.apache.catalina.loader.WebappClassLoaderBase.getResource(WebappClassLoaderBase.java:1047)
		at com.mysql.cj.jdbc.AbandonedConnectionCleanupThread.checkThreadContextClassLoader(AbandonedConnectionCleanupThread.java:123)
		at com.mysql.cj.jdbc.AbandonedConnectionCleanupThread.run(AbandonedConnectionCleanupThread.java:90)
		at java.base/java.util.concurrent.ThreadPoolExecutor.runWorker(ThreadPoolExecutor.java:1144)
		at java.base/java.util.concurrent.ThreadPoolExecutor$Worker.run(ThreadPoolExecutor.java:642)
		at java.base/java.lang.Thread.run(Thread.java:1583)
17-Nov-2023 23:07:48.453 INFORMACIÓN [Catalina-utility-2] org.apache.catalina.startup.HostConfig.undeploy Repliegue (undeploy) de la aplicación web que tiene como trayectoria de contexto [/sapphire_inventory]
17-Nov-2023 23:07:48.456 ADVERTENCIA [Catalina-utility-2] org.apache.catalina.loader.WebappClassLoaderBase.checkThreadLocalsForLeaks Necesitas agregar "--add-opens=java.base/java.lang=ALL-UNNAMED" a los argumentos JVM en la línea de comandos, para habilitar la detección de fuga de memoria ThreadLocal. Alternativamente, puedes suprimir esta advertencia, deshabilitando la detección de fuga de memoria ThreadLocal.
17-Nov-2023 23:07:48.456 ADVERTENCIA [Catalina-utility-2] org.apache.catalina.loader.WebappClassLoaderBase.clearReferencesRmiTargets You need to add "--add-opens=java.rmi/sun.rmi.transport=ALL-UNNAMED" to the JVM command line arguments to enable RMI Target memory leak detection. Alternatively, you can suppress this warning by disabling RMI Target memory leak detection.
17-Nov-2023 23:07:48.531 INFORMACIÓN [Catalina-utility-2] org.apache.catalina.startup.HostConfig.deployWAR Despliegue del archivo [C:\Users\anari\OneDrive\Escritorio\sapphire_inventory\apache-tomcat-10.1.13\webapps\sapphire_inventory.war] de la aplicación web
17-Nov-2023 23:07:49.376 INFORMACIÓN [Catalina-utility-2] org.apache.jasper.servlet.TldScanner.scanJars Al menos un JAR, que se ha explorado buscando TLDs, aún no contenía TLDs. Activar historial de depuración para este historiador para una completa lista de los JARs que fueron explorados y de los que nos se halló TLDs. Saltarse JARs no necesarios durante la exploración puede dar lugar a una mejora de tiempo significativa en el arranque y compilación de JSP .
17-Nov-2023 23:07:49.382 INFORMACIÓN [Catalina-utility-2] org.apache.catalina.startup.HostConfig.deployWAR Deployment of web application archive [C:\Users\anari\OneDrive\Escritorio\sapphire_inventory\apache-tomcat-10.1.13\webapps\sapphire_inventory.war] has finished in [851] ms
17-Nov-2023 23:35:11.687 INFORMACIÓN [Catalina-utility-1] org.apache.catalina.startup.HostConfig.undeploy Repliegue (undeploy) de la aplicación web que tiene como trayectoria de contexto [/sapphire_inventory]
17-Nov-2023 23:35:11.691 ADVERTENCIA [Catalina-utility-1] org.apache.catalina.loader.WebappClassLoaderBase.checkThreadLocalsForLeaks Necesitas agregar "--add-opens=java.base/java.lang=ALL-UNNAMED" a los argumentos JVM en la línea de comandos, para habilitar la detección de fuga de memoria ThreadLocal. Alternativamente, puedes suprimir esta advertencia, deshabilitando la detección de fuga de memoria ThreadLocal.
17-Nov-2023 23:35:11.695 ADVERTENCIA [Catalina-utility-1] org.apache.catalina.loader.WebappClassLoaderBase.clearReferencesRmiTargets You need to add "--add-opens=java.rmi/sun.rmi.transport=ALL-UNNAMED" to the JVM command line arguments to enable RMI Target memory leak detection. Alternatively, you can suppress this warning by disabling RMI Target memory leak detection.
17-Nov-2023 23:35:11.908 INFORMACIÓN [Catalina-utility-1] org.apache.catalina.startup.HostConfig.deployWAR Despliegue del archivo [C:\Users\anari\OneDrive\Escritorio\sapphire_inventory\apache-tomcat-10.1.13\webapps\sapphire_inventory.war] de la aplicación web
17-Nov-2023 23:35:13.009 INFORMACIÓN [Catalina-utility-1] org.apache.jasper.servlet.TldScanner.scanJars Al menos un JAR, que se ha explorado buscando TLDs, aún no contenía TLDs. Activar historial de depuración para este historiador para una completa lista de los JARs que fueron explorados y de los que nos se halló TLDs. Saltarse JARs no necesarios durante la exploración puede dar lugar a una mejora de tiempo significativa en el arranque y compilación de JSP .
17-Nov-2023 23:35:13.015 INFORMACIÓN [Catalina-utility-1] org.apache.catalina.startup.HostConfig.deployWAR Deployment of web application archive [C:\Users\anari\OneDrive\Escritorio\sapphire_inventory\apache-tomcat-10.1.13\webapps\sapphire_inventory.war] has finished in [1.107] ms
17-Nov-2023 23:36:03.096 INFORMACIÓN [Catalina-utility-2] org.apache.catalina.startup.HostConfig.undeploy Repliegue (undeploy) de la aplicación web que tiene como trayectoria de contexto [/sapphire_inventory]
17-Nov-2023 23:36:03.174 ADVERTENCIA [Catalina-utility-2] org.apache.catalina.loader.WebappClassLoaderBase.checkThreadLocalsForLeaks Necesitas agregar "--add-opens=java.base/java.lang=ALL-UNNAMED" a los argumentos JVM en la línea de comandos, para habilitar la detección de fuga de memoria ThreadLocal. Alternativamente, puedes suprimir esta advertencia, deshabilitando la detección de fuga de memoria ThreadLocal.
17-Nov-2023 23:36:03.177 ADVERTENCIA [Catalina-utility-2] org.apache.catalina.loader.WebappClassLoaderBase.clearReferencesRmiTargets You need to add "--add-opens=java.rmi/sun.rmi.transport=ALL-UNNAMED" to the JVM command line arguments to enable RMI Target memory leak detection. Alternatively, you can suppress this warning by disabling RMI Target memory leak detection.
17-Nov-2023 23:36:03.297 INFORMACIÓN [Catalina-utility-2] org.apache.catalina.startup.HostConfig.deployWAR Despliegue del archivo [C:\Users\anari\OneDrive\Escritorio\sapphire_inventory\apache-tomcat-10.1.13\webapps\sapphire_inventory.war] de la aplicación web
17-Nov-2023 23:36:04.257 INFORMACIÓN [Catalina-utility-2] org.apache.jasper.servlet.TldScanner.scanJars Al menos un JAR, que se ha explorado buscando TLDs, aún no contenía TLDs. Activar historial de depuración para este historiador para una completa lista de los JARs que fueron explorados y de los que nos se halló TLDs. Saltarse JARs no necesarios durante la exploración puede dar lugar a una mejora de tiempo significativa en el arranque y compilación de JSP .
17-Nov-2023 23:36:04.262 INFORMACIÓN [Catalina-utility-2] org.apache.catalina.startup.HostConfig.deployWAR Deployment of web application archive [C:\Users\anari\OneDrive\Escritorio\sapphire_inventory\apache-tomcat-10.1.13\webapps\sapphire_inventory.war] has finished in [965] ms
17-Nov-2023 23:39:34.639 INFORMACIÓN [Catalina-utility-2] org.apache.catalina.startup.HostConfig.undeploy Repliegue (undeploy) de la aplicación web que tiene como trayectoria de contexto [/sapphire_inventory]
17-Nov-2023 23:39:34.728 ADVERTENCIA [Catalina-utility-2] org.apache.catalina.loader.WebappClassLoaderBase.checkThreadLocalsForLeaks Necesitas agregar "--add-opens=java.base/java.lang=ALL-UNNAMED" a los argumentos JVM en la línea de comandos, para habilitar la detección de fuga de memoria ThreadLocal. Alternativamente, puedes suprimir esta advertencia, deshabilitando la detección de fuga de memoria ThreadLocal.
17-Nov-2023 23:39:34.729 ADVERTENCIA [Catalina-utility-2] org.apache.catalina.loader.WebappClassLoaderBase.clearReferencesRmiTargets You need to add "--add-opens=java.rmi/sun.rmi.transport=ALL-UNNAMED" to the JVM command line arguments to enable RMI Target memory leak detection. Alternatively, you can suppress this warning by disabling RMI Target memory leak detection.
17-Nov-2023 23:39:34.864 INFORMACIÓN [Catalina-utility-2] org.apache.catalina.startup.HostConfig.deployWAR Despliegue del archivo [C:\Users\anari\OneDrive\Escritorio\sapphire_inventory\apache-tomcat-10.1.13\webapps\sapphire_inventory.war] de la aplicación web
17-Nov-2023 23:39:35.787 INFORMACIÓN [Catalina-utility-2] org.apache.jasper.servlet.TldScanner.scanJars Al menos un JAR, que se ha explorado buscando TLDs, aún no contenía TLDs. Activar historial de depuración para este historiador para una completa lista de los JARs que fueron explorados y de los que nos se halló TLDs. Saltarse JARs no necesarios durante la exploración puede dar lugar a una mejora de tiempo significativa en el arranque y compilación de JSP .
17-Nov-2023 23:39:35.808 INFORMACIÓN [Catalina-utility-2] org.apache.catalina.startup.HostConfig.deployWAR Deployment of web application archive [C:\Users\anari\OneDrive\Escritorio\sapphire_inventory\apache-tomcat-10.1.13\webapps\sapphire_inventory.war] has finished in [944] ms
17-Nov-2023 23:43:56.341 INFORMACIÓN [Catalina-utility-2] org.apache.catalina.startup.HostConfig.undeploy Repliegue (undeploy) de la aplicación web que tiene como trayectoria de contexto [/sapphire_inventory]
17-Nov-2023 23:43:56.358 ADVERTENCIA [Catalina-utility-2] org.apache.catalina.loader.WebappClassLoaderBase.clearReferencesJdbc La aplicación web [sapphire_inventory] registró el conductor JDBC [com.mysql.cj.jdbc.Driver] pero falló al anular el registro mientras la aplicación web estaba parada. Para prevenir un fallo de memoria, se ha anulado el registro del conductor JDBC por la fuerza.
17-Nov-2023 23:43:56.362 ADVERTENCIA [Catalina-utility-2] org.apache.catalina.loader.WebappClassLoaderBase.clearReferencesThreads The web application [sapphire_inventory] appears to have started a thread named [mysql-cj-abandoned-connection-cleanup] but has failed to stop it. This is very likely to create a memory leak. Stack trace of thread:
 java.base/jdk.internal.misc.Unsafe.park(Native Method)
 java.base/java.util.concurrent.locks.LockSupport.parkNanos(LockSupport.java:269)
 java.base/java.util.concurrent.locks.AbstractQueuedSynchronizer$ConditionObject.await(AbstractQueuedSynchronizer.java:1847)
 java.base/java.lang.ref.ReferenceQueue.await(ReferenceQueue.java:71)
 java.base/java.lang.ref.ReferenceQueue.remove0(ReferenceQueue.java:143)
 java.base/java.lang.ref.ReferenceQueue.remove(ReferenceQueue.java:218)
 com.mysql.cj.jdbc.AbandonedConnectionCleanupThread.run(AbandonedConnectionCleanupThread.java:91)
 java.base/java.util.concurrent.ThreadPoolExecutor.runWorker(ThreadPoolExecutor.java:1144)
 java.base/java.util.concurrent.ThreadPoolExecutor$Worker.run(ThreadPoolExecutor.java:642)
 java.base/java.lang.Thread.run(Thread.java:1583)
17-Nov-2023 23:43:56.369 ADVERTENCIA [Catalina-utility-2] org.apache.catalina.loader.WebappClassLoaderBase.checkThreadLocalsForLeaks Necesitas agregar "--add-opens=java.base/java.lang=ALL-UNNAMED" a los argumentos JVM en la línea de comandos, para habilitar la detección de fuga de memoria ThreadLocal. Alternativamente, puedes suprimir esta advertencia, deshabilitando la detección de fuga de memoria ThreadLocal.
17-Nov-2023 23:43:56.369 ADVERTENCIA [Catalina-utility-2] org.apache.catalina.loader.WebappClassLoaderBase.clearReferencesRmiTargets You need to add "--add-opens=java.rmi/sun.rmi.transport=ALL-UNNAMED" to the JVM command line arguments to enable RMI Target memory leak detection. Alternatively, you can suppress this warning by disabling RMI Target memory leak detection.
17-Nov-2023 23:43:56.577 INFORMACIÓN [Catalina-utility-2] org.apache.catalina.startup.HostConfig.deployWAR Despliegue del archivo [C:\Users\anari\OneDrive\Escritorio\sapphire_inventory\apache-tomcat-10.1.13\webapps\sapphire_inventory.war] de la aplicación web
17-Nov-2023 23:43:57.146 INFORMACIÓN [mysql-cj-abandoned-connection-cleanup] org.apache.catalina.loader.WebappClassLoaderBase.checkStateForResourceLoading Acceso ilegal: esta instancia de aplicación web ya ha sido parada.  Could not load [].  La eventual traza de pila que sigue ha sido motivada por un error lanzado con motivos de depuración así como para intentar terminar el hilo que motivó el acceso ilegal y no tiene impacto funcional.
	java.lang.IllegalStateException: Acceso ilegal: esta instancia de aplicación web ya ha sido parada.  Could not load [].  La eventual traza de pila que sigue ha sido motivada por un error lanzado con motivos de depuración así como para intentar terminar el hilo que motivó el acceso ilegal y no tiene impacto funcional.
		at org.apache.catalina.loader.WebappClassLoaderBase.checkStateForResourceLoading(WebappClassLoaderBase.java:1457)
		at org.apache.catalina.loader.WebappClassLoaderBase.getResource(WebappClassLoaderBase.java:1047)
		at com.mysql.cj.jdbc.AbandonedConnectionCleanupThread.checkThreadContextClassLoader(AbandonedConnectionCleanupThread.java:123)
		at com.mysql.cj.jdbc.AbandonedConnectionCleanupThread.run(AbandonedConnectionCleanupThread.java:90)
		at java.base/java.util.concurrent.ThreadPoolExecutor.runWorker(ThreadPoolExecutor.java:1144)
		at java.base/java.util.concurrent.ThreadPoolExecutor$Worker.run(ThreadPoolExecutor.java:642)
		at java.base/java.lang.Thread.run(Thread.java:1583)
17-Nov-2023 23:43:57.146 INFORMACIÓN [mysql-cj-abandoned-connection-cleanup] org.apache.catalina.loader.WebappClassLoaderBase.checkStateForResourceLoading Acceso ilegal: esta instancia de aplicación web ya ha sido parada.  Could not load [].  La eventual traza de pila que sigue ha sido motivada por un error lanzado con motivos de depuración así como para intentar terminar el hilo que motivó el acceso ilegal y no tiene impacto funcional.
	java.lang.IllegalStateException: Acceso ilegal: esta instancia de aplicación web ya ha sido parada.  Could not load [].  La eventual traza de pila que sigue ha sido motivada por un error lanzado con motivos de depuración así como para intentar terminar el hilo que motivó el acceso ilegal y no tiene impacto funcional.
		at org.apache.catalina.loader.WebappClassLoaderBase.checkStateForResourceLoading(WebappClassLoaderBase.java:1457)
		at org.apache.catalina.loader.WebappClassLoaderBase.getResource(WebappClassLoaderBase.java:1047)
		at com.mysql.cj.jdbc.AbandonedConnectionCleanupThread.checkThreadContextClassLoader(AbandonedConnectionCleanupThread.java:123)
		at com.mysql.cj.jdbc.AbandonedConnectionCleanupThread.run(AbandonedConnectionCleanupThread.java:90)
		at java.base/java.util.concurrent.ThreadPoolExecutor.runWorker(ThreadPoolExecutor.java:1144)
		at java.base/java.util.concurrent.ThreadPoolExecutor$Worker.run(ThreadPoolExecutor.java:642)
		at java.base/java.lang.Thread.run(Thread.java:1583)
17-Nov-2023 23:43:57.531 INFORMACIÓN [Catalina-utility-2] org.apache.jasper.servlet.TldScanner.scanJars Al menos un JAR, que se ha explorado buscando TLDs, aún no contenía TLDs. Activar historial de depuración para este historiador para una completa lista de los JARs que fueron explorados y de los que nos se halló TLDs. Saltarse JARs no necesarios durante la exploración puede dar lugar a una mejora de tiempo significativa en el arranque y compilación de JSP .
17-Nov-2023 23:43:57.553 INFORMACIÓN [Catalina-utility-2] org.apache.catalina.startup.HostConfig.deployWAR Deployment of web application archive [C:\Users\anari\OneDrive\Escritorio\sapphire_inventory\apache-tomcat-10.1.13\webapps\sapphire_inventory.war] has finished in [976] ms
17-Nov-2023 23:46:57.795 INFORMACIÓN [Catalina-utility-2] org.apache.catalina.startup.HostConfig.undeploy Repliegue (undeploy) de la aplicación web que tiene como trayectoria de contexto [/sapphire_inventory]
17-Nov-2023 23:46:57.817 ADVERTENCIA [Catalina-utility-2] org.apache.catalina.loader.WebappClassLoaderBase.clearReferencesJdbc La aplicación web [sapphire_inventory] registró el conductor JDBC [com.mysql.cj.jdbc.Driver] pero falló al anular el registro mientras la aplicación web estaba parada. Para prevenir un fallo de memoria, se ha anulado el registro del conductor JDBC por la fuerza.
17-Nov-2023 23:46:57.825 ADVERTENCIA [Catalina-utility-2] org.apache.catalina.loader.WebappClassLoaderBase.clearReferencesThreads The web application [sapphire_inventory] appears to have started a thread named [mysql-cj-abandoned-connection-cleanup] but has failed to stop it. This is very likely to create a memory leak. Stack trace of thread:
 java.base/jdk.internal.misc.Unsafe.park(Native Method)
 java.base/java.util.concurrent.locks.LockSupport.parkNanos(LockSupport.java:269)
 java.base/java.util.concurrent.locks.AbstractQueuedSynchronizer$ConditionObject.await(AbstractQueuedSynchronizer.java:1847)
 java.base/java.lang.ref.ReferenceQueue.await(ReferenceQueue.java:71)
 java.base/java.lang.ref.ReferenceQueue.remove0(ReferenceQueue.java:143)
 java.base/java.lang.ref.ReferenceQueue.remove(ReferenceQueue.java:218)
 com.mysql.cj.jdbc.AbandonedConnectionCleanupThread.run(AbandonedConnectionCleanupThread.java:91)
 java.base/java.util.concurrent.ThreadPoolExecutor.runWorker(ThreadPoolExecutor.java:1144)
 java.base/java.util.concurrent.ThreadPoolExecutor$Worker.run(ThreadPoolExecutor.java:642)
 java.base/java.lang.Thread.run(Thread.java:1583)
17-Nov-2023 23:46:57.830 ADVERTENCIA [Catalina-utility-2] org.apache.catalina.loader.WebappClassLoaderBase.checkThreadLocalsForLeaks Necesitas agregar "--add-opens=java.base/java.lang=ALL-UNNAMED" a los argumentos JVM en la línea de comandos, para habilitar la detección de fuga de memoria ThreadLocal. Alternativamente, puedes suprimir esta advertencia, deshabilitando la detección de fuga de memoria ThreadLocal.
17-Nov-2023 23:46:57.830 ADVERTENCIA [Catalina-utility-2] org.apache.catalina.loader.WebappClassLoaderBase.clearReferencesRmiTargets You need to add "--add-opens=java.rmi/sun.rmi.transport=ALL-UNNAMED" to the JVM command line arguments to enable RMI Target memory leak detection. Alternatively, you can suppress this warning by disabling RMI Target memory leak detection.
17-Nov-2023 23:46:57.995 INFORMACIÓN [Catalina-utility-2] org.apache.catalina.startup.HostConfig.deployWAR Despliegue del archivo [C:\Users\anari\OneDrive\Escritorio\sapphire_inventory\apache-tomcat-10.1.13\webapps\sapphire_inventory.war] de la aplicación web
17-Nov-2023 23:46:58.405 INFORMACIÓN [mysql-cj-abandoned-connection-cleanup] org.apache.catalina.loader.WebappClassLoaderBase.checkStateForResourceLoading Acceso ilegal: esta instancia de aplicación web ya ha sido parada.  Could not load [].  La eventual traza de pila que sigue ha sido motivada por un error lanzado con motivos de depuración así como para intentar terminar el hilo que motivó el acceso ilegal y no tiene impacto funcional.
	java.lang.IllegalStateException: Acceso ilegal: esta instancia de aplicación web ya ha sido parada.  Could not load [].  La eventual traza de pila que sigue ha sido motivada por un error lanzado con motivos de depuración así como para intentar terminar el hilo que motivó el acceso ilegal y no tiene impacto funcional.
		at org.apache.catalina.loader.WebappClassLoaderBase.checkStateForResourceLoading(WebappClassLoaderBase.java:1457)
		at org.apache.catalina.loader.WebappClassLoaderBase.getResource(WebappClassLoaderBase.java:1047)
		at com.mysql.cj.jdbc.AbandonedConnectionCleanupThread.checkThreadContextClassLoader(AbandonedConnectionCleanupThread.java:123)
		at com.mysql.cj.jdbc.AbandonedConnectionCleanupThread.run(AbandonedConnectionCleanupThread.java:90)
		at java.base/java.util.concurrent.ThreadPoolExecutor.runWorker(ThreadPoolExecutor.java:1144)
		at java.base/java.util.concurrent.ThreadPoolExecutor$Worker.run(ThreadPoolExecutor.java:642)
		at java.base/java.lang.Thread.run(Thread.java:1583)
17-Nov-2023 23:46:59.103 INFORMACIÓN [Catalina-utility-2] org.apache.jasper.servlet.TldScanner.scanJars Al menos un JAR, que se ha explorado buscando TLDs, aún no contenía TLDs. Activar historial de depuración para este historiador para una completa lista de los JARs que fueron explorados y de los que nos se halló TLDs. Saltarse JARs no necesarios durante la exploración puede dar lugar a una mejora de tiempo significativa en el arranque y compilación de JSP .
17-Nov-2023 23:46:59.109 INFORMACIÓN [Catalina-utility-2] org.apache.catalina.startup.HostConfig.deployWAR Deployment of web application archive [C:\Users\anari\OneDrive\Escritorio\sapphire_inventory\apache-tomcat-10.1.13\webapps\sapphire_inventory.war] has finished in [1.121] ms
