10-Dec-2023 14:11:46.755 INFORMACIÓN [main] org.apache.catalina.startup.VersionLoggerListener.log Nombre de la versión del servidor: Apache Tomcat/10.1.13
10-Dec-2023 14:11:46.770 INFORMACIÓN [main] org.apache.catalina.startup.VersionLoggerListener.log Server built:                      Aug 23 2023 21:34:59 UTC
10-Dec-2023 14:11:46.770 INFORMACIÓN [main] org.apache.catalina.startup.VersionLoggerListener.log Número de versión de servidor:     10.1.13.0
10-Dec-2023 14:11:46.770 INFORMACIÓN [main] org.apache.catalina.startup.VersionLoggerListener.log OS Name:                           Windows 11
10-Dec-2023 14:11:46.770 INFORMACIÓN [main] org.apache.catalina.startup.VersionLoggerListener.log Versión de Systema Operativo:      10.0
10-Dec-2023 14:11:46.770 INFORMACIÓN [main] org.apache.catalina.startup.VersionLoggerListener.log Arquitectura:                      amd64
10-Dec-2023 14:11:46.770 INFORMACIÓN [main] org.apache.catalina.startup.VersionLoggerListener.log Java Home:                         C:\Program Files\Eclipse Adoptium\jdk-21.0.0.35-hotspot
10-Dec-2023 14:11:46.770 INFORMACIÓN [main] org.apache.catalina.startup.VersionLoggerListener.log JVM Version:                       21+35-LTS
10-Dec-2023 14:11:46.770 INFORMACIÓN [main] org.apache.catalina.startup.VersionLoggerListener.log Vededor JVM:                       Eclipse Adoptium
10-Dec-2023 14:11:46.770 INFORMACIÓN [main] org.apache.catalina.startup.VersionLoggerListener.log CATALINA_BASE:                     C:\Users\anari\OneDrive\Escritorio\proyecto\apache-tomcat-10.1.13
10-Dec-2023 14:11:46.770 INFORMACIÓN [main] org.apache.catalina.startup.VersionLoggerListener.log CATALINA_HOME:                     C:\Users\anari\OneDrive\Escritorio\proyecto\apache-tomcat-10.1.13
10-Dec-2023 14:11:46.813 INFORMACIÓN [main] org.apache.catalina.startup.VersionLoggerListener.log Command line argument:             -Djava.util.logging.config.file=c:\Users\anari\OneDrive\Escritorio\proyecto\apache-tomcat-10.1.13/conf/logging.properties
10-Dec-2023 14:11:46.813 INFORMACIÓN [main] org.apache.catalina.startup.VersionLoggerListener.log Command line argument:             -Djava.util.logging.manager=org.apache.juli.ClassLoaderLogManager
10-Dec-2023 14:11:46.813 INFORMACIÓN [main] org.apache.catalina.startup.VersionLoggerListener.log Command line argument:             -Djdk.tls.ephemeralDHKeySize=2048
10-Dec-2023 14:11:46.813 INFORMACIÓN [main] org.apache.catalina.startup.VersionLoggerListener.log Command line argument:             -Djava.protocol.handler.pkgs=org.apache.catalina.webresources
10-Dec-2023 14:11:46.813 INFORMACIÓN [main] org.apache.catalina.startup.VersionLoggerListener.log Command line argument:             -Dorg.apache.catalina.security.SecurityListener.UMASK=0027
10-Dec-2023 14:11:46.813 INFORMACIÓN [main] org.apache.catalina.startup.VersionLoggerListener.log Command line argument:             -Dcatalina.base=c:\Users\anari\OneDrive\Escritorio\proyecto\apache-tomcat-10.1.13
10-Dec-2023 14:11:46.813 INFORMACIÓN [main] org.apache.catalina.startup.VersionLoggerListener.log Command line argument:             -Dcatalina.home=c:\Users\anari\OneDrive\Escritorio\proyecto\apache-tomcat-10.1.13
10-Dec-2023 14:11:46.813 INFORMACIÓN [main] org.apache.catalina.startup.VersionLoggerListener.log Command line argument:             -Djava.io.tmpdir=c:\Users\anari\OneDrive\Escritorio\proyecto\apache-tomcat-10.1.13/temp
10-Dec-2023 14:11:46.822 INFORMACIÓN [main] org.apache.catalina.core.AprLifecycleListener.lifecycleEvent Cargada la biblioteca nativa APR de Apache Tomcat [2.0.5] con la versión APR [1.7.4].
10-Dec-2023 14:11:46.846 INFORMACIÓN [main] org.apache.catalina.core.AprLifecycleListener.initializeSSL OpenSSL inicializado correctamente [OpenSSL 3.0.10 1 Aug 2023]
10-Dec-2023 14:11:47.354 INFORMACIÓN [main] org.apache.coyote.AbstractProtocol.init Inicializando el manejador de protocolo ["http-nio-8080"]

10-Dec-2023 14:11:47.400 INFORMACIÓN [main] org.apache.catalina.startup.Catalina.load Server initialization in [916] milliseconds
10-Dec-2023 14:11:47.525 INFORMACIÓN [main] org.apache.catalina.core.StandardService.startInternal Arrancando servicio [Catalina]
10-Dec-2023 14:11:47.525 INFORMACIÓN [main] org.apache.catalina.core.StandardEngine.startInternal Starting Servlet engine: [Apache Tomcat/10.1.13]
10-Dec-2023 14:11:47.605 INFORMACIÓN [main] org.apache.catalina.startup.HostConfig.deployWAR Despliegue del archivo [C:\Users\anari\OneDrive\Escritorio\proyecto\apache-tomcat-10.1.13\webapps\sapphire_inventory.war] de la aplicación web
10-Dec-2023 14:11:52.970 INFORMACIÓN [main] org.apache.jasper.servlet.TldScanner.scanJars Al menos un JAR, que se ha explorado buscando TLDs, aún no contenía TLDs. Activar historial de depuración para este historiador para una completa lista de los JARs que fueron explorados y de los que nos se halló TLDs. Saltarse JARs no necesarios durante la exploración puede dar lugar a una mejora de tiempo significativa en el arranque y compilación de JSP .
10-Dec-2023 14:11:53.078 INFORMACIÓN [main] org.apache.catalina.startup.HostConfig.deployWAR Deployment of web application archive [C:\Users\anari\OneDrive\Escritorio\proyecto\apache-tomcat-10.1.13\webapps\sapphire_inventory.war] has finished in [5.470] ms
10-Dec-2023 14:11:53.078 INFORMACIÓN [main] org.apache.catalina.startup.HostConfig.deployDirectory Desplegando el directorio [C:\Users\anari\OneDrive\Escritorio\proyecto\apache-tomcat-10.1.13\webapps\docs] de la aplicación web
10-Dec-2023 14:11:53.194 INFORMACIÓN [main] org.apache.catalina.startup.HostConfig.deployDirectory Deployment of web application directory [C:\Users\anari\OneDrive\Escritorio\proyecto\apache-tomcat-10.1.13\webapps\docs] has finished in [116] ms
10-Dec-2023 14:11:53.194 INFORMACIÓN [main] org.apache.catalina.startup.HostConfig.deployDirectory Desplegando el directorio [C:\Users\anari\OneDrive\Escritorio\proyecto\apache-tomcat-10.1.13\webapps\examples] de la aplicación web
10-Dec-2023 14:11:53.977 INFORMACIÓN [main] org.apache.catalina.startup.HostConfig.deployDirectory Deployment of web application directory [C:\Users\anari\OneDrive\Escritorio\proyecto\apache-tomcat-10.1.13\webapps\examples] has finished in [783] ms
10-Dec-2023 14:11:53.977 INFORMACIÓN [main] org.apache.catalina.startup.HostConfig.deployDirectory Desplegando el directorio [C:\Users\anari\OneDrive\Escritorio\proyecto\apache-tomcat-10.1.13\webapps\host-manager] de la aplicación web
10-Dec-2023 14:11:54.133 INFORMACIÓN [main] org.apache.catalina.startup.HostConfig.deployDirectory Deployment of web application directory [C:\Users\anari\OneDrive\Escritorio\proyecto\apache-tomcat-10.1.13\webapps\host-manager] has finished in [156] ms
10-Dec-2023 14:11:54.133 INFORMACIÓN [main] org.apache.catalina.startup.HostConfig.deployDirectory Desplegando el directorio [C:\Users\anari\OneDrive\Escritorio\proyecto\apache-tomcat-10.1.13\webapps\manager] de la aplicación web
10-Dec-2023 14:11:54.213 INFORMACIÓN [main] org.apache.catalina.startup.HostConfig.deployDirectory Deployment of web application directory [C:\Users\anari\OneDrive\Escritorio\proyecto\apache-tomcat-10.1.13\webapps\manager] has finished in [80] ms
10-Dec-2023 14:11:54.213 INFORMACIÓN [main] org.apache.catalina.startup.HostConfig.deployDirectory Desplegando el directorio [C:\Users\anari\OneDrive\Escritorio\proyecto\apache-tomcat-10.1.13\webapps\ROOT] de la aplicación web
10-Dec-2023 14:11:54.277 INFORMACIÓN [main] org.apache.catalina.startup.HostConfig.deployDirectory Deployment of web application directory [C:\Users\anari\OneDrive\Escritorio\proyecto\apache-tomcat-10.1.13\webapps\ROOT] has finished in [64] ms
10-Dec-2023 14:11:54.285 INFORMACIÓN [main] org.apache.coyote.AbstractProtocol.start Starting ProtocolHandler ["http-nio-8080"]
10-Dec-2023 14:11:54.381 INFORMACIÓN [main] org.apache.catalina.startup.Catalina.start Server startup in [6978] milliseconds
