25-Oct-2023 15:02:31.135 INFORMACIÓN [main] org.apache.catalina.startup.VersionLoggerListener.log Nombre de la versión del servidor: Apache Tomcat/10.1.13
25-Oct-2023 15:02:31.143 INFORMACIÓN [main] org.apache.catalina.startup.VersionLoggerListener.log Server built:                      Aug 23 2023 21:34:59 UTC
25-Oct-2023 15:02:31.143 INFORMACIÓN [main] org.apache.catalina.startup.VersionLoggerListener.log Número de versión de servidor:     10.1.13.0
25-Oct-2023 15:02:31.144 INFORMACIÓN [main] org.apache.catalina.startup.VersionLoggerListener.log OS Name:                           Windows 11
25-Oct-2023 15:02:31.144 INFORMACIÓN [main] org.apache.catalina.startup.VersionLoggerListener.log Versión de Systema Operativo:      10.0
25-Oct-2023 15:02:31.144 INFORMACIÓN [main] org.apache.catalina.startup.VersionLoggerListener.log Arquitectura:                      amd64
25-Oct-2023 15:02:31.144 INFORMACIÓN [main] org.apache.catalina.startup.VersionLoggerListener.log Java Home:                         C:\Program Files\Eclipse Adoptium\jdk-21.0.0.35-hotspot
25-Oct-2023 15:02:31.144 INFORMACIÓN [main] org.apache.catalina.startup.VersionLoggerListener.log JVM Version:                       21+35-LTS
25-Oct-2023 15:02:31.144 INFORMACIÓN [main] org.apache.catalina.startup.VersionLoggerListener.log Vededor JVM:                       Eclipse Adoptium
25-Oct-2023 15:02:31.144 INFORMACIÓN [main] org.apache.catalina.startup.VersionLoggerListener.log CATALINA_BASE:                     C:\Users\anari\OneDrive\Escritorio\sapphire_inventory\apache-tomcat-10.1.13
25-Oct-2023 15:02:31.144 INFORMACIÓN [main] org.apache.catalina.startup.VersionLoggerListener.log CATALINA_HOME:                     C:\Users\anari\OneDrive\Escritorio\sapphire_inventory\apache-tomcat-10.1.13
25-Oct-2023 15:02:31.185 INFORMACIÓN [main] org.apache.catalina.startup.VersionLoggerListener.log Command line argument:             -Djava.util.logging.config.file=c:\Users\anari\OneDrive\Escritorio\sapphire_inventory\apache-tomcat-10.1.13/conf/logging.properties
25-Oct-2023 15:02:31.187 INFORMACIÓN [main] org.apache.catalina.startup.VersionLoggerListener.log Command line argument:             -Djava.util.logging.manager=org.apache.juli.ClassLoaderLogManager
25-Oct-2023 15:02:31.187 INFORMACIÓN [main] org.apache.catalina.startup.VersionLoggerListener.log Command line argument:             -Djdk.tls.ephemeralDHKeySize=2048
25-Oct-2023 15:02:31.187 INFORMACIÓN [main] org.apache.catalina.startup.VersionLoggerListener.log Command line argument:             -Djava.protocol.handler.pkgs=org.apache.catalina.webresources
25-Oct-2023 15:02:31.187 INFORMACIÓN [main] org.apache.catalina.startup.VersionLoggerListener.log Command line argument:             -Dorg.apache.catalina.security.SecurityListener.UMASK=0027
25-Oct-2023 15:02:31.187 INFORMACIÓN [main] org.apache.catalina.startup.VersionLoggerListener.log Command line argument:             -Dcatalina.base=c:\Users\anari\OneDrive\Escritorio\sapphire_inventory\apache-tomcat-10.1.13
25-Oct-2023 15:02:31.187 INFORMACIÓN [main] org.apache.catalina.startup.VersionLoggerListener.log Command line argument:             -Dcatalina.home=c:\Users\anari\OneDrive\Escritorio\sapphire_inventory\apache-tomcat-10.1.13
25-Oct-2023 15:02:31.187 INFORMACIÓN [main] org.apache.catalina.startup.VersionLoggerListener.log Command line argument:             -Djava.io.tmpdir=c:\Users\anari\OneDrive\Escritorio\sapphire_inventory\apache-tomcat-10.1.13/temp
25-Oct-2023 15:02:31.202 INFORMACIÓN [main] org.apache.catalina.core.AprLifecycleListener.lifecycleEvent Cargada la biblioteca nativa APR de Apache Tomcat [2.0.5] con la versión APR [1.7.4].
25-Oct-2023 15:02:31.246 INFORMACIÓN [main] org.apache.catalina.core.AprLifecycleListener.initializeSSL OpenSSL inicializado correctamente [OpenSSL 3.0.10 1 Aug 2023]
25-Oct-2023 15:02:31.945 INFORMACIÓN [main] org.apache.coyote.AbstractProtocol.init Inicializando el manejador de protocolo ["http-nio-8080"]

25-Oct-2023 15:02:32.055 INFORMACIÓN [main] org.apache.catalina.startup.Catalina.load Server initialization in [1374] milliseconds
25-Oct-2023 15:02:32.203 INFORMACIÓN [main] org.apache.catalina.core.StandardService.startInternal Arrancando servicio [Catalina]
25-Oct-2023 15:02:32.203 INFORMACIÓN [main] org.apache.catalina.core.StandardEngine.startInternal Starting Servlet engine: [Apache Tomcat/10.1.13]
25-Oct-2023 15:02:32.285 INFORMACIÓN [main] org.apache.catalina.startup.HostConfig.deployWAR Despliegue del archivo [C:\Users\anari\OneDrive\Escritorio\sapphire_inventory\apache-tomcat-10.1.13\webapps\sapphire_inventory.war] de la aplicación web
25-Oct-2023 15:02:34.434 INFORMACIÓN [main] org.apache.jasper.servlet.TldScanner.scanJars Al menos un JAR, que se ha explorado buscando TLDs, aún no contenía TLDs. Activar historial de depuración para este historiador para una completa lista de los JARs que fueron explorados y de los que nos se halló TLDs. Saltarse JARs no necesarios durante la exploración puede dar lugar a una mejora de tiempo significativa en el arranque y compilación de JSP .
25-Oct-2023 15:02:34.565 INFORMACIÓN [main] org.apache.catalina.startup.HostConfig.deployWAR Deployment of web application archive [C:\Users\anari\OneDrive\Escritorio\sapphire_inventory\apache-tomcat-10.1.13\webapps\sapphire_inventory.war] has finished in [2.275] ms
25-Oct-2023 15:02:34.567 INFORMACIÓN [main] org.apache.catalina.startup.HostConfig.deployDirectory Desplegando el directorio [C:\Users\anari\OneDrive\Escritorio\sapphire_inventory\apache-tomcat-10.1.13\webapps\docs] de la aplicación web
25-Oct-2023 15:02:34.655 INFORMACIÓN [main] org.apache.catalina.startup.HostConfig.deployDirectory Deployment of web application directory [C:\Users\anari\OneDrive\Escritorio\sapphire_inventory\apache-tomcat-10.1.13\webapps\docs] has finished in [88] ms
25-Oct-2023 15:02:34.655 INFORMACIÓN [main] org.apache.catalina.startup.HostConfig.deployDirectory Desplegando el directorio [C:\Users\anari\OneDrive\Escritorio\sapphire_inventory\apache-tomcat-10.1.13\webapps\examples] de la aplicación web
25-Oct-2023 15:02:35.617 INFORMACIÓN [main] org.apache.catalina.startup.HostConfig.deployDirectory Deployment of web application directory [C:\Users\anari\OneDrive\Escritorio\sapphire_inventory\apache-tomcat-10.1.13\webapps\examples] has finished in [962] ms
25-Oct-2023 15:02:35.617 INFORMACIÓN [main] org.apache.catalina.startup.HostConfig.deployDirectory Desplegando el directorio [C:\Users\anari\OneDrive\Escritorio\sapphire_inventory\apache-tomcat-10.1.13\webapps\host-manager] de la aplicación web
25-Oct-2023 15:02:35.751 INFORMACIÓN [main] org.apache.catalina.startup.HostConfig.deployDirectory Deployment of web application directory [C:\Users\anari\OneDrive\Escritorio\sapphire_inventory\apache-tomcat-10.1.13\webapps\host-manager] has finished in [134] ms
25-Oct-2023 15:02:35.756 INFORMACIÓN [main] org.apache.catalina.startup.HostConfig.deployDirectory Desplegando el directorio [C:\Users\anari\OneDrive\Escritorio\sapphire_inventory\apache-tomcat-10.1.13\webapps\manager] de la aplicación web
25-Oct-2023 15:02:35.858 INFORMACIÓN [main] org.apache.catalina.startup.HostConfig.deployDirectory Deployment of web application directory [C:\Users\anari\OneDrive\Escritorio\sapphire_inventory\apache-tomcat-10.1.13\webapps\manager] has finished in [102] ms
25-Oct-2023 15:02:35.860 INFORMACIÓN [main] org.apache.catalina.startup.HostConfig.deployDirectory Desplegando el directorio [C:\Users\anari\OneDrive\Escritorio\sapphire_inventory\apache-tomcat-10.1.13\webapps\ROOT] de la aplicación web
25-Oct-2023 15:02:35.919 INFORMACIÓN [main] org.apache.catalina.startup.HostConfig.deployDirectory Deployment of web application directory [C:\Users\anari\OneDrive\Escritorio\sapphire_inventory\apache-tomcat-10.1.13\webapps\ROOT] has finished in [53] ms
25-Oct-2023 15:02:35.934 INFORMACIÓN [main] org.apache.coyote.AbstractProtocol.start Starting ProtocolHandler ["http-nio-8080"]
25-Oct-2023 15:02:35.981 INFORMACIÓN [main] org.apache.catalina.startup.Catalina.start Server startup in [3914] milliseconds
25-Oct-2023 18:53:29.487 INFORMACIÓN [Catalina-utility-1] org.apache.catalina.startup.HostConfig.undeploy Repliegue (undeploy) de la aplicación web que tiene como trayectoria de contexto [/sapphire_inventory]
25-Oct-2023 18:53:29.602 ADVERTENCIA [Catalina-utility-1] org.apache.catalina.loader.WebappClassLoaderBase.checkThreadLocalsForLeaks Necesitas agregar "--add-opens=java.base/java.lang=ALL-UNNAMED" a los argumentos JVM en la línea de comandos, para habilitar la detección de fuga de memoria ThreadLocal. Alternativamente, puedes suprimir esta advertencia, deshabilitando la detección de fuga de memoria ThreadLocal.
25-Oct-2023 18:53:29.615 ADVERTENCIA [Catalina-utility-1] org.apache.catalina.loader.WebappClassLoaderBase.clearReferencesRmiTargets You need to add "--add-opens=java.rmi/sun.rmi.transport=ALL-UNNAMED" to the JVM command line arguments to enable RMI Target memory leak detection. Alternatively, you can suppress this warning by disabling RMI Target memory leak detection.
25-Oct-2023 18:53:29.699 INFORMACIÓN [Catalina-utility-1] org.apache.catalina.startup.HostConfig.deployWAR Despliegue del archivo [C:\Users\anari\OneDrive\Escritorio\sapphire_inventory\apache-tomcat-10.1.13\webapps\sapphire_inventory.war] de la aplicación web
25-Oct-2023 18:53:30.690 INFORMACIÓN [Catalina-utility-1] org.apache.jasper.servlet.TldScanner.scanJars Al menos un JAR, que se ha explorado buscando TLDs, aún no contenía TLDs. Activar historial de depuración para este historiador para una completa lista de los JARs que fueron explorados y de los que nos se halló TLDs. Saltarse JARs no necesarios durante la exploración puede dar lugar a una mejora de tiempo significativa en el arranque y compilación de JSP .
25-Oct-2023 18:53:30.696 INFORMACIÓN [Catalina-utility-1] org.apache.catalina.startup.HostConfig.deployWAR Deployment of web application archive [C:\Users\anari\OneDrive\Escritorio\sapphire_inventory\apache-tomcat-10.1.13\webapps\sapphire_inventory.war] has finished in [997] ms
25-Oct-2023 18:57:51.119 INFORMACIÓN [Catalina-utility-2] org.apache.catalina.startup.HostConfig.undeploy Repliegue (undeploy) de la aplicación web que tiene como trayectoria de contexto [/sapphire_inventory]
25-Oct-2023 18:57:51.126 ADVERTENCIA [Catalina-utility-2] org.apache.catalina.loader.WebappClassLoaderBase.checkThreadLocalsForLeaks Necesitas agregar "--add-opens=java.base/java.lang=ALL-UNNAMED" a los argumentos JVM en la línea de comandos, para habilitar la detección de fuga de memoria ThreadLocal. Alternativamente, puedes suprimir esta advertencia, deshabilitando la detección de fuga de memoria ThreadLocal.
25-Oct-2023 18:57:51.127 ADVERTENCIA [Catalina-utility-2] org.apache.catalina.loader.WebappClassLoaderBase.clearReferencesRmiTargets You need to add "--add-opens=java.rmi/sun.rmi.transport=ALL-UNNAMED" to the JVM command line arguments to enable RMI Target memory leak detection. Alternatively, you can suppress this warning by disabling RMI Target memory leak detection.
25-Oct-2023 18:57:51.249 INFORMACIÓN [Catalina-utility-2] org.apache.catalina.startup.HostConfig.deployWAR Despliegue del archivo [C:\Users\anari\OneDrive\Escritorio\sapphire_inventory\apache-tomcat-10.1.13\webapps\sapphire_inventory.war] de la aplicación web
25-Oct-2023 18:57:52.055 INFORMACIÓN [Catalina-utility-2] org.apache.jasper.servlet.TldScanner.scanJars Al menos un JAR, que se ha explorado buscando TLDs, aún no contenía TLDs. Activar historial de depuración para este historiador para una completa lista de los JARs que fueron explorados y de los que nos se halló TLDs. Saltarse JARs no necesarios durante la exploración puede dar lugar a una mejora de tiempo significativa en el arranque y compilación de JSP .
25-Oct-2023 18:57:52.062 INFORMACIÓN [Catalina-utility-2] org.apache.catalina.startup.HostConfig.deployWAR Deployment of web application archive [C:\Users\anari\OneDrive\Escritorio\sapphire_inventory\apache-tomcat-10.1.13\webapps\sapphire_inventory.war] has finished in [813] ms
25-Oct-2023 18:58:05.918 INFORMACIÓN [main] org.apache.catalina.core.StandardServer.await Se ha recibido un comando de apagado a través del puerto de apagado. Parando la instancia del Servidor.
25-Oct-2023 18:58:05.918 INFORMACIÓN [main] org.apache.coyote.AbstractProtocol.pause Pausing ProtocolHandler ["http-nio-8080"]
25-Oct-2023 18:58:05.923 INFORMACIÓN [main] org.apache.catalina.core.StandardService.stopInternal Parando servicio [Catalina]
25-Oct-2023 18:58:05.928 ADVERTENCIA [main] org.apache.catalina.loader.WebappClassLoaderBase.checkThreadLocalsForLeaks Necesitas agregar "--add-opens=java.base/java.lang=ALL-UNNAMED" a los argumentos JVM en la línea de comandos, para habilitar la detección de fuga de memoria ThreadLocal. Alternativamente, puedes suprimir esta advertencia, deshabilitando la detección de fuga de memoria ThreadLocal.
25-Oct-2023 18:58:05.928 ADVERTENCIA [main] org.apache.catalina.loader.WebappClassLoaderBase.clearReferencesRmiTargets You need to add "--add-opens=java.rmi/sun.rmi.transport=ALL-UNNAMED" to the JVM command line arguments to enable RMI Target memory leak detection. Alternatively, you can suppress this warning by disabling RMI Target memory leak detection.
25-Oct-2023 18:58:05.932 ADVERTENCIA [main] org.apache.catalina.loader.WebappClassLoaderBase.checkThreadLocalsForLeaks Necesitas agregar "--add-opens=java.base/java.lang=ALL-UNNAMED" a los argumentos JVM en la línea de comandos, para habilitar la detección de fuga de memoria ThreadLocal. Alternativamente, puedes suprimir esta advertencia, deshabilitando la detección de fuga de memoria ThreadLocal.
25-Oct-2023 18:58:05.932 ADVERTENCIA [main] org.apache.catalina.loader.WebappClassLoaderBase.clearReferencesRmiTargets You need to add "--add-opens=java.rmi/sun.rmi.transport=ALL-UNNAMED" to the JVM command line arguments to enable RMI Target memory leak detection. Alternatively, you can suppress this warning by disabling RMI Target memory leak detection.
25-Oct-2023 18:58:05.936 ADVERTENCIA [main] org.apache.catalina.loader.WebappClassLoaderBase.checkThreadLocalsForLeaks Necesitas agregar "--add-opens=java.base/java.lang=ALL-UNNAMED" a los argumentos JVM en la línea de comandos, para habilitar la detección de fuga de memoria ThreadLocal. Alternativamente, puedes suprimir esta advertencia, deshabilitando la detección de fuga de memoria ThreadLocal.
25-Oct-2023 18:58:05.937 ADVERTENCIA [main] org.apache.catalina.loader.WebappClassLoaderBase.clearReferencesRmiTargets You need to add "--add-opens=java.rmi/sun.rmi.transport=ALL-UNNAMED" to the JVM command line arguments to enable RMI Target memory leak detection. Alternatively, you can suppress this warning by disabling RMI Target memory leak detection.
25-Oct-2023 18:58:05.940 ADVERTENCIA [main] org.apache.catalina.loader.WebappClassLoaderBase.checkThreadLocalsForLeaks Necesitas agregar "--add-opens=java.base/java.lang=ALL-UNNAMED" a los argumentos JVM en la línea de comandos, para habilitar la detección de fuga de memoria ThreadLocal. Alternativamente, puedes suprimir esta advertencia, deshabilitando la detección de fuga de memoria ThreadLocal.
25-Oct-2023 18:58:05.940 ADVERTENCIA [main] org.apache.catalina.loader.WebappClassLoaderBase.clearReferencesRmiTargets You need to add "--add-opens=java.rmi/sun.rmi.transport=ALL-UNNAMED" to the JVM command line arguments to enable RMI Target memory leak detection. Alternatively, you can suppress this warning by disabling RMI Target memory leak detection.
25-Oct-2023 18:58:05.943 ADVERTENCIA [main] org.apache.catalina.loader.WebappClassLoaderBase.checkThreadLocalsForLeaks Necesitas agregar "--add-opens=java.base/java.lang=ALL-UNNAMED" a los argumentos JVM en la línea de comandos, para habilitar la detección de fuga de memoria ThreadLocal. Alternativamente, puedes suprimir esta advertencia, deshabilitando la detección de fuga de memoria ThreadLocal.
25-Oct-2023 18:58:05.944 ADVERTENCIA [main] org.apache.catalina.loader.WebappClassLoaderBase.clearReferencesRmiTargets You need to add "--add-opens=java.rmi/sun.rmi.transport=ALL-UNNAMED" to the JVM command line arguments to enable RMI Target memory leak detection. Alternatively, you can suppress this warning by disabling RMI Target memory leak detection.
25-Oct-2023 18:58:05.948 ADVERTENCIA [main] org.apache.catalina.loader.WebappClassLoaderBase.checkThreadLocalsForLeaks Necesitas agregar "--add-opens=java.base/java.lang=ALL-UNNAMED" a los argumentos JVM en la línea de comandos, para habilitar la detección de fuga de memoria ThreadLocal. Alternativamente, puedes suprimir esta advertencia, deshabilitando la detección de fuga de memoria ThreadLocal.
25-Oct-2023 18:58:05.948 ADVERTENCIA [main] org.apache.catalina.loader.WebappClassLoaderBase.clearReferencesRmiTargets You need to add "--add-opens=java.rmi/sun.rmi.transport=ALL-UNNAMED" to the JVM command line arguments to enable RMI Target memory leak detection. Alternatively, you can suppress this warning by disabling RMI Target memory leak detection.
25-Oct-2023 18:58:05.949 INFORMACIÓN [main] org.apache.coyote.AbstractProtocol.stop Stopping ProtocolHandler ["http-nio-8080"]
25-Oct-2023 18:58:05.963 INFORMACIÓN [main] org.apache.coyote.AbstractProtocol.destroy Destroying ProtocolHandler ["http-nio-8080"]
