16-Nov-2023 22:08:51.338 INFORMACIÓN [main] org.apache.catalina.startup.VersionLoggerListener.log Nombre de la versión del servidor: Apache Tomcat/10.1.13
16-Nov-2023 22:08:51.342 INFORMACIÓN [main] org.apache.catalina.startup.VersionLoggerListener.log Server built:                      Aug 23 2023 21:34:59 UTC
16-Nov-2023 22:08:51.342 INFORMACIÓN [main] org.apache.catalina.startup.VersionLoggerListener.log Número de versión de servidor:     10.1.13.0
16-Nov-2023 22:08:51.343 INFORMACIÓN [main] org.apache.catalina.startup.VersionLoggerListener.log OS Name:                           Windows 11
16-Nov-2023 22:08:51.343 INFORMACIÓN [main] org.apache.catalina.startup.VersionLoggerListener.log Versión de Systema Operativo:      10.0
16-Nov-2023 22:08:51.343 INFORMACIÓN [main] org.apache.catalina.startup.VersionLoggerListener.log Arquitectura:                      amd64
16-Nov-2023 22:08:51.343 INFORMACIÓN [main] org.apache.catalina.startup.VersionLoggerListener.log Java Home:                         C:\Program Files\Eclipse Adoptium\jdk-21.0.0.35-hotspot
16-Nov-2023 22:08:51.343 INFORMACIÓN [main] org.apache.catalina.startup.VersionLoggerListener.log JVM Version:                       21+35-LTS
16-Nov-2023 22:08:51.344 INFORMACIÓN [main] org.apache.catalina.startup.VersionLoggerListener.log Vededor JVM:                       Eclipse Adoptium
16-Nov-2023 22:08:51.344 INFORMACIÓN [main] org.apache.catalina.startup.VersionLoggerListener.log CATALINA_BASE:                     C:\Users\anari\OneDrive\Escritorio\sapphire_inventory\apache-tomcat-10.1.13
16-Nov-2023 22:08:51.344 INFORMACIÓN [main] org.apache.catalina.startup.VersionLoggerListener.log CATALINA_HOME:                     C:\Users\anari\OneDrive\Escritorio\sapphire_inventory\apache-tomcat-10.1.13
16-Nov-2023 22:08:51.371 INFORMACIÓN [main] org.apache.catalina.startup.VersionLoggerListener.log Command line argument:             -Djava.util.logging.config.file=c:\Users\anari\OneDrive\Escritorio\sapphire_inventory\apache-tomcat-10.1.13/conf/logging.properties
16-Nov-2023 22:08:51.372 INFORMACIÓN [main] org.apache.catalina.startup.VersionLoggerListener.log Command line argument:             -Djava.util.logging.manager=org.apache.juli.ClassLoaderLogManager
16-Nov-2023 22:08:51.372 INFORMACIÓN [main] org.apache.catalina.startup.VersionLoggerListener.log Command line argument:             -Djdk.tls.ephemeralDHKeySize=2048
16-Nov-2023 22:08:51.372 INFORMACIÓN [main] org.apache.catalina.startup.VersionLoggerListener.log Command line argument:             -Djava.protocol.handler.pkgs=org.apache.catalina.webresources
16-Nov-2023 22:08:51.372 INFORMACIÓN [main] org.apache.catalina.startup.VersionLoggerListener.log Command line argument:             -Dorg.apache.catalina.security.SecurityListener.UMASK=0027
16-Nov-2023 22:08:51.372 INFORMACIÓN [main] org.apache.catalina.startup.VersionLoggerListener.log Command line argument:             -Dcatalina.base=c:\Users\anari\OneDrive\Escritorio\sapphire_inventory\apache-tomcat-10.1.13
16-Nov-2023 22:08:51.373 INFORMACIÓN [main] org.apache.catalina.startup.VersionLoggerListener.log Command line argument:             -Dcatalina.home=c:\Users\anari\OneDrive\Escritorio\sapphire_inventory\apache-tomcat-10.1.13
16-Nov-2023 22:08:51.373 INFORMACIÓN [main] org.apache.catalina.startup.VersionLoggerListener.log Command line argument:             -Djava.io.tmpdir=c:\Users\anari\OneDrive\Escritorio\sapphire_inventory\apache-tomcat-10.1.13/temp
16-Nov-2023 22:08:51.388 INFORMACIÓN [main] org.apache.catalina.core.AprLifecycleListener.lifecycleEvent Cargada la biblioteca nativa APR de Apache Tomcat [2.0.5] con la versión APR [1.7.4].
16-Nov-2023 22:08:51.412 INFORMACIÓN [main] org.apache.catalina.core.AprLifecycleListener.initializeSSL OpenSSL inicializado correctamente [OpenSSL 3.0.10 1 Aug 2023]
16-Nov-2023 22:08:51.793 INFORMACIÓN [main] org.apache.coyote.AbstractProtocol.init Inicializando el manejador de protocolo ["http-nio-8080"]

16-Nov-2023 22:08:51.832 INFORMACIÓN [main] org.apache.catalina.startup.Catalina.load Server initialization in [771] milliseconds
16-Nov-2023 22:08:51.919 INFORMACIÓN [main] org.apache.catalina.core.StandardService.startInternal Arrancando servicio [Catalina]
16-Nov-2023 22:08:51.920 INFORMACIÓN [main] org.apache.catalina.core.StandardEngine.startInternal Starting Servlet engine: [Apache Tomcat/10.1.13]
16-Nov-2023 22:08:51.984 INFORMACIÓN [main] org.apache.catalina.startup.HostConfig.deployWAR Despliegue del archivo [C:\Users\anari\OneDrive\Escritorio\sapphire_inventory\apache-tomcat-10.1.13\webapps\sapphire_inventory.war] de la aplicación web
16-Nov-2023 22:08:53.227 INFORMACIÓN [main] org.apache.jasper.servlet.TldScanner.scanJars Al menos un JAR, que se ha explorado buscando TLDs, aún no contenía TLDs. Activar historial de depuración para este historiador para una completa lista de los JARs que fueron explorados y de los que nos se halló TLDs. Saltarse JARs no necesarios durante la exploración puede dar lugar a una mejora de tiempo significativa en el arranque y compilación de JSP .
16-Nov-2023 22:08:53.315 INFORMACIÓN [main] org.apache.catalina.startup.HostConfig.deployWAR Deployment of web application archive [C:\Users\anari\OneDrive\Escritorio\sapphire_inventory\apache-tomcat-10.1.13\webapps\sapphire_inventory.war] has finished in [1.327] ms
16-Nov-2023 22:08:53.316 INFORMACIÓN [main] org.apache.catalina.startup.HostConfig.deployDirectory Desplegando el directorio [C:\Users\anari\OneDrive\Escritorio\sapphire_inventory\apache-tomcat-10.1.13\webapps\docs] de la aplicación web
16-Nov-2023 22:08:53.376 INFORMACIÓN [main] org.apache.catalina.startup.HostConfig.deployDirectory Deployment of web application directory [C:\Users\anari\OneDrive\Escritorio\sapphire_inventory\apache-tomcat-10.1.13\webapps\docs] has finished in [59] ms
16-Nov-2023 22:08:53.376 INFORMACIÓN [main] org.apache.catalina.startup.HostConfig.deployDirectory Desplegando el directorio [C:\Users\anari\OneDrive\Escritorio\sapphire_inventory\apache-tomcat-10.1.13\webapps\examples] de la aplicación web
16-Nov-2023 22:08:54.079 INFORMACIÓN [main] org.apache.catalina.startup.HostConfig.deployDirectory Deployment of web application directory [C:\Users\anari\OneDrive\Escritorio\sapphire_inventory\apache-tomcat-10.1.13\webapps\examples] has finished in [703] ms
16-Nov-2023 22:08:54.079 INFORMACIÓN [main] org.apache.catalina.startup.HostConfig.deployDirectory Desplegando el directorio [C:\Users\anari\OneDrive\Escritorio\sapphire_inventory\apache-tomcat-10.1.13\webapps\host-manager] de la aplicación web
16-Nov-2023 22:08:54.167 INFORMACIÓN [main] org.apache.catalina.startup.HostConfig.deployDirectory Deployment of web application directory [C:\Users\anari\OneDrive\Escritorio\sapphire_inventory\apache-tomcat-10.1.13\webapps\host-manager] has finished in [88] ms
16-Nov-2023 22:08:54.168 INFORMACIÓN [main] org.apache.catalina.startup.HostConfig.deployDirectory Desplegando el directorio [C:\Users\anari\OneDrive\Escritorio\sapphire_inventory\apache-tomcat-10.1.13\webapps\manager] de la aplicación web
16-Nov-2023 22:08:54.238 INFORMACIÓN [main] org.apache.catalina.startup.HostConfig.deployDirectory Deployment of web application directory [C:\Users\anari\OneDrive\Escritorio\sapphire_inventory\apache-tomcat-10.1.13\webapps\manager] has finished in [69] ms
16-Nov-2023 22:08:54.238 INFORMACIÓN [main] org.apache.catalina.startup.HostConfig.deployDirectory Desplegando el directorio [C:\Users\anari\OneDrive\Escritorio\sapphire_inventory\apache-tomcat-10.1.13\webapps\ROOT] de la aplicación web
16-Nov-2023 22:08:54.280 INFORMACIÓN [main] org.apache.catalina.startup.HostConfig.deployDirectory Deployment of web application directory [C:\Users\anari\OneDrive\Escritorio\sapphire_inventory\apache-tomcat-10.1.13\webapps\ROOT] has finished in [42] ms
16-Nov-2023 22:08:54.285 INFORMACIÓN [main] org.apache.coyote.AbstractProtocol.start Starting ProtocolHandler ["http-nio-8080"]
16-Nov-2023 22:08:54.326 INFORMACIÓN [main] org.apache.catalina.startup.Catalina.start Server startup in [2491] milliseconds
16-Nov-2023 22:09:14.310 INFORMACIÓN [Catalina-utility-1] org.apache.catalina.startup.HostConfig.undeploy Repliegue (undeploy) de la aplicación web que tiene como trayectoria de contexto [/sapphire_inventory]
16-Nov-2023 22:09:14.320 ADVERTENCIA [Catalina-utility-1] org.apache.catalina.loader.WebappClassLoaderBase.checkThreadLocalsForLeaks Necesitas agregar "--add-opens=java.base/java.lang=ALL-UNNAMED" a los argumentos JVM en la línea de comandos, para habilitar la detección de fuga de memoria ThreadLocal. Alternativamente, puedes suprimir esta advertencia, deshabilitando la detección de fuga de memoria ThreadLocal.
16-Nov-2023 22:09:14.323 ADVERTENCIA [Catalina-utility-1] org.apache.catalina.loader.WebappClassLoaderBase.clearReferencesRmiTargets You need to add "--add-opens=java.rmi/sun.rmi.transport=ALL-UNNAMED" to the JVM command line arguments to enable RMI Target memory leak detection. Alternatively, you can suppress this warning by disabling RMI Target memory leak detection.
16-Nov-2023 22:09:14.393 INFORMACIÓN [Catalina-utility-1] org.apache.catalina.startup.HostConfig.deployWAR Despliegue del archivo [C:\Users\anari\OneDrive\Escritorio\sapphire_inventory\apache-tomcat-10.1.13\webapps\sapphire_inventory.war] de la aplicación web
16-Nov-2023 22:09:15.323 INFORMACIÓN [Catalina-utility-1] org.apache.jasper.servlet.TldScanner.scanJars Al menos un JAR, que se ha explorado buscando TLDs, aún no contenía TLDs. Activar historial de depuración para este historiador para una completa lista de los JARs que fueron explorados y de los que nos se halló TLDs. Saltarse JARs no necesarios durante la exploración puede dar lugar a una mejora de tiempo significativa en el arranque y compilación de JSP .
16-Nov-2023 22:09:15.362 INFORMACIÓN [Catalina-utility-1] org.apache.catalina.startup.HostConfig.deployWAR Deployment of web application archive [C:\Users\anari\OneDrive\Escritorio\sapphire_inventory\apache-tomcat-10.1.13\webapps\sapphire_inventory.war] has finished in [969] ms
16-Nov-2023 22:10:25.450 INFORMACIÓN [Catalina-utility-1] org.apache.catalina.startup.HostConfig.undeploy Repliegue (undeploy) de la aplicación web que tiene como trayectoria de contexto [/sapphire_inventory]
16-Nov-2023 22:10:25.455 ADVERTENCIA [Catalina-utility-1] org.apache.catalina.loader.WebappClassLoaderBase.checkThreadLocalsForLeaks Necesitas agregar "--add-opens=java.base/java.lang=ALL-UNNAMED" a los argumentos JVM en la línea de comandos, para habilitar la detección de fuga de memoria ThreadLocal. Alternativamente, puedes suprimir esta advertencia, deshabilitando la detección de fuga de memoria ThreadLocal.
16-Nov-2023 22:10:25.455 ADVERTENCIA [Catalina-utility-1] org.apache.catalina.loader.WebappClassLoaderBase.clearReferencesRmiTargets You need to add "--add-opens=java.rmi/sun.rmi.transport=ALL-UNNAMED" to the JVM command line arguments to enable RMI Target memory leak detection. Alternatively, you can suppress this warning by disabling RMI Target memory leak detection.
16-Nov-2023 22:10:25.585 INFORMACIÓN [Catalina-utility-1] org.apache.catalina.startup.HostConfig.deployWAR Despliegue del archivo [C:\Users\anari\OneDrive\Escritorio\sapphire_inventory\apache-tomcat-10.1.13\webapps\sapphire_inventory.war] de la aplicación web
16-Nov-2023 22:10:26.630 INFORMACIÓN [Catalina-utility-1] org.apache.jasper.servlet.TldScanner.scanJars Al menos un JAR, que se ha explorado buscando TLDs, aún no contenía TLDs. Activar historial de depuración para este historiador para una completa lista de los JARs que fueron explorados y de los que nos se halló TLDs. Saltarse JARs no necesarios durante la exploración puede dar lugar a una mejora de tiempo significativa en el arranque y compilación de JSP .
16-Nov-2023 22:10:26.656 INFORMACIÓN [Catalina-utility-1] org.apache.catalina.startup.HostConfig.deployWAR Deployment of web application archive [C:\Users\anari\OneDrive\Escritorio\sapphire_inventory\apache-tomcat-10.1.13\webapps\sapphire_inventory.war] has finished in [1.070] ms
16-Nov-2023 22:11:06.724 INFORMACIÓN [Catalina-utility-2] org.apache.catalina.startup.HostConfig.undeploy Repliegue (undeploy) de la aplicación web que tiene como trayectoria de contexto [/sapphire_inventory]
16-Nov-2023 22:11:06.727 ADVERTENCIA [Catalina-utility-2] org.apache.catalina.loader.WebappClassLoaderBase.checkThreadLocalsForLeaks Necesitas agregar "--add-opens=java.base/java.lang=ALL-UNNAMED" a los argumentos JVM en la línea de comandos, para habilitar la detección de fuga de memoria ThreadLocal. Alternativamente, puedes suprimir esta advertencia, deshabilitando la detección de fuga de memoria ThreadLocal.
16-Nov-2023 22:11:06.728 ADVERTENCIA [Catalina-utility-2] org.apache.catalina.loader.WebappClassLoaderBase.clearReferencesRmiTargets You need to add "--add-opens=java.rmi/sun.rmi.transport=ALL-UNNAMED" to the JVM command line arguments to enable RMI Target memory leak detection. Alternatively, you can suppress this warning by disabling RMI Target memory leak detection.
16-Nov-2023 22:11:06.793 INFORMACIÓN [Catalina-utility-2] org.apache.catalina.startup.HostConfig.deployWAR Despliegue del archivo [C:\Users\anari\OneDrive\Escritorio\sapphire_inventory\apache-tomcat-10.1.13\webapps\sapphire_inventory.war] de la aplicación web
16-Nov-2023 22:11:07.543 INFORMACIÓN [Catalina-utility-2] org.apache.jasper.servlet.TldScanner.scanJars Al menos un JAR, que se ha explorado buscando TLDs, aún no contenía TLDs. Activar historial de depuración para este historiador para una completa lista de los JARs que fueron explorados y de los que nos se halló TLDs. Saltarse JARs no necesarios durante la exploración puede dar lugar a una mejora de tiempo significativa en el arranque y compilación de JSP .
16-Nov-2023 22:11:07.550 INFORMACIÓN [Catalina-utility-2] org.apache.catalina.startup.HostConfig.deployWAR Deployment of web application archive [C:\Users\anari\OneDrive\Escritorio\sapphire_inventory\apache-tomcat-10.1.13\webapps\sapphire_inventory.war] has finished in [757] ms
16-Nov-2023 22:12:57.715 INFORMACIÓN [Catalina-utility-1] org.apache.catalina.startup.HostConfig.undeploy Repliegue (undeploy) de la aplicación web que tiene como trayectoria de contexto [/sapphire_inventory]
16-Nov-2023 22:12:57.720 ADVERTENCIA [Catalina-utility-1] org.apache.catalina.loader.WebappClassLoaderBase.checkThreadLocalsForLeaks Necesitas agregar "--add-opens=java.base/java.lang=ALL-UNNAMED" a los argumentos JVM en la línea de comandos, para habilitar la detección de fuga de memoria ThreadLocal. Alternativamente, puedes suprimir esta advertencia, deshabilitando la detección de fuga de memoria ThreadLocal.
16-Nov-2023 22:12:57.720 ADVERTENCIA [Catalina-utility-1] org.apache.catalina.loader.WebappClassLoaderBase.clearReferencesRmiTargets You need to add "--add-opens=java.rmi/sun.rmi.transport=ALL-UNNAMED" to the JVM command line arguments to enable RMI Target memory leak detection. Alternatively, you can suppress this warning by disabling RMI Target memory leak detection.
16-Nov-2023 22:12:57.821 INFORMACIÓN [Catalina-utility-1] org.apache.catalina.startup.HostConfig.deployWAR Despliegue del archivo [C:\Users\anari\OneDrive\Escritorio\sapphire_inventory\apache-tomcat-10.1.13\webapps\sapphire_inventory.war] de la aplicación web
16-Nov-2023 22:12:58.579 INFORMACIÓN [Catalina-utility-1] org.apache.jasper.servlet.TldScanner.scanJars Al menos un JAR, que se ha explorado buscando TLDs, aún no contenía TLDs. Activar historial de depuración para este historiador para una completa lista de los JARs que fueron explorados y de los que nos se halló TLDs. Saltarse JARs no necesarios durante la exploración puede dar lugar a una mejora de tiempo significativa en el arranque y compilación de JSP .
16-Nov-2023 22:12:58.583 INFORMACIÓN [Catalina-utility-1] org.apache.catalina.startup.HostConfig.deployWAR Deployment of web application archive [C:\Users\anari\OneDrive\Escritorio\sapphire_inventory\apache-tomcat-10.1.13\webapps\sapphire_inventory.war] has finished in [762] ms
16-Nov-2023 22:16:58.914 INFORMACIÓN [Catalina-utility-1] org.apache.catalina.startup.HostConfig.undeploy Repliegue (undeploy) de la aplicación web que tiene como trayectoria de contexto [/sapphire_inventory]
16-Nov-2023 22:16:58.919 ADVERTENCIA [Catalina-utility-1] org.apache.catalina.loader.WebappClassLoaderBase.checkThreadLocalsForLeaks Necesitas agregar "--add-opens=java.base/java.lang=ALL-UNNAMED" a los argumentos JVM en la línea de comandos, para habilitar la detección de fuga de memoria ThreadLocal. Alternativamente, puedes suprimir esta advertencia, deshabilitando la detección de fuga de memoria ThreadLocal.
16-Nov-2023 22:16:58.919 ADVERTENCIA [Catalina-utility-1] org.apache.catalina.loader.WebappClassLoaderBase.clearReferencesRmiTargets You need to add "--add-opens=java.rmi/sun.rmi.transport=ALL-UNNAMED" to the JVM command line arguments to enable RMI Target memory leak detection. Alternatively, you can suppress this warning by disabling RMI Target memory leak detection.
16-Nov-2023 22:16:59.030 INFORMACIÓN [Catalina-utility-1] org.apache.catalina.startup.HostConfig.deployWAR Despliegue del archivo [C:\Users\anari\OneDrive\Escritorio\sapphire_inventory\apache-tomcat-10.1.13\webapps\sapphire_inventory.war] de la aplicación web
16-Nov-2023 22:16:59.740 INFORMACIÓN [Catalina-utility-1] org.apache.jasper.servlet.TldScanner.scanJars Al menos un JAR, que se ha explorado buscando TLDs, aún no contenía TLDs. Activar historial de depuración para este historiador para una completa lista de los JARs que fueron explorados y de los que nos se halló TLDs. Saltarse JARs no necesarios durante la exploración puede dar lugar a una mejora de tiempo significativa en el arranque y compilación de JSP .
16-Nov-2023 22:16:59.746 INFORMACIÓN [Catalina-utility-1] org.apache.catalina.startup.HostConfig.deployWAR Deployment of web application archive [C:\Users\anari\OneDrive\Escritorio\sapphire_inventory\apache-tomcat-10.1.13\webapps\sapphire_inventory.war] has finished in [716] ms
16-Nov-2023 22:19:05.082 INFORMACIÓN [main] org.apache.catalina.core.StandardServer.await Se ha recibido un comando de apagado a través del puerto de apagado. Parando la instancia del Servidor.
16-Nov-2023 22:19:05.083 INFORMACIÓN [main] org.apache.coyote.AbstractProtocol.pause Pausing ProtocolHandler ["http-nio-8080"]
16-Nov-2023 22:19:05.087 INFORMACIÓN [main] org.apache.catalina.core.StandardService.stopInternal Parando servicio [Catalina]
16-Nov-2023 22:19:05.091 ADVERTENCIA [main] org.apache.catalina.loader.WebappClassLoaderBase.checkThreadLocalsForLeaks Necesitas agregar "--add-opens=java.base/java.lang=ALL-UNNAMED" a los argumentos JVM en la línea de comandos, para habilitar la detección de fuga de memoria ThreadLocal. Alternativamente, puedes suprimir esta advertencia, deshabilitando la detección de fuga de memoria ThreadLocal.
16-Nov-2023 22:19:05.091 ADVERTENCIA [main] org.apache.catalina.loader.WebappClassLoaderBase.clearReferencesRmiTargets You need to add "--add-opens=java.rmi/sun.rmi.transport=ALL-UNNAMED" to the JVM command line arguments to enable RMI Target memory leak detection. Alternatively, you can suppress this warning by disabling RMI Target memory leak detection.
16-Nov-2023 22:19:05.093 ADVERTENCIA [main] org.apache.catalina.loader.WebappClassLoaderBase.checkThreadLocalsForLeaks Necesitas agregar "--add-opens=java.base/java.lang=ALL-UNNAMED" a los argumentos JVM en la línea de comandos, para habilitar la detección de fuga de memoria ThreadLocal. Alternativamente, puedes suprimir esta advertencia, deshabilitando la detección de fuga de memoria ThreadLocal.
16-Nov-2023 22:19:05.093 ADVERTENCIA [main] org.apache.catalina.loader.WebappClassLoaderBase.clearReferencesRmiTargets You need to add "--add-opens=java.rmi/sun.rmi.transport=ALL-UNNAMED" to the JVM command line arguments to enable RMI Target memory leak detection. Alternatively, you can suppress this warning by disabling RMI Target memory leak detection.
16-Nov-2023 22:19:05.096 ADVERTENCIA [main] org.apache.catalina.loader.WebappClassLoaderBase.checkThreadLocalsForLeaks Necesitas agregar "--add-opens=java.base/java.lang=ALL-UNNAMED" a los argumentos JVM en la línea de comandos, para habilitar la detección de fuga de memoria ThreadLocal. Alternativamente, puedes suprimir esta advertencia, deshabilitando la detección de fuga de memoria ThreadLocal.
16-Nov-2023 22:19:05.096 ADVERTENCIA [main] org.apache.catalina.loader.WebappClassLoaderBase.clearReferencesRmiTargets You need to add "--add-opens=java.rmi/sun.rmi.transport=ALL-UNNAMED" to the JVM command line arguments to enable RMI Target memory leak detection. Alternatively, you can suppress this warning by disabling RMI Target memory leak detection.
16-Nov-2023 22:19:05.097 ADVERTENCIA [main] org.apache.catalina.loader.WebappClassLoaderBase.checkThreadLocalsForLeaks Necesitas agregar "--add-opens=java.base/java.lang=ALL-UNNAMED" a los argumentos JVM en la línea de comandos, para habilitar la detección de fuga de memoria ThreadLocal. Alternativamente, puedes suprimir esta advertencia, deshabilitando la detección de fuga de memoria ThreadLocal.
16-Nov-2023 22:19:05.097 ADVERTENCIA [main] org.apache.catalina.loader.WebappClassLoaderBase.clearReferencesRmiTargets You need to add "--add-opens=java.rmi/sun.rmi.transport=ALL-UNNAMED" to the JVM command line arguments to enable RMI Target memory leak detection. Alternatively, you can suppress this warning by disabling RMI Target memory leak detection.
16-Nov-2023 22:19:05.097 ADVERTENCIA [main] org.apache.catalina.loader.WebappClassLoaderBase.checkThreadLocalsForLeaks Necesitas agregar "--add-opens=java.base/java.lang=ALL-UNNAMED" a los argumentos JVM en la línea de comandos, para habilitar la detección de fuga de memoria ThreadLocal. Alternativamente, puedes suprimir esta advertencia, deshabilitando la detección de fuga de memoria ThreadLocal.
16-Nov-2023 22:19:05.097 ADVERTENCIA [main] org.apache.catalina.loader.WebappClassLoaderBase.clearReferencesRmiTargets You need to add "--add-opens=java.rmi/sun.rmi.transport=ALL-UNNAMED" to the JVM command line arguments to enable RMI Target memory leak detection. Alternatively, you can suppress this warning by disabling RMI Target memory leak detection.
16-Nov-2023 22:19:05.102 ADVERTENCIA [main] org.apache.catalina.loader.WebappClassLoaderBase.checkThreadLocalsForLeaks Necesitas agregar "--add-opens=java.base/java.lang=ALL-UNNAMED" a los argumentos JVM en la línea de comandos, para habilitar la detección de fuga de memoria ThreadLocal. Alternativamente, puedes suprimir esta advertencia, deshabilitando la detección de fuga de memoria ThreadLocal.
16-Nov-2023 22:19:05.102 ADVERTENCIA [main] org.apache.catalina.loader.WebappClassLoaderBase.clearReferencesRmiTargets You need to add "--add-opens=java.rmi/sun.rmi.transport=ALL-UNNAMED" to the JVM command line arguments to enable RMI Target memory leak detection. Alternatively, you can suppress this warning by disabling RMI Target memory leak detection.
16-Nov-2023 22:19:05.103 INFORMACIÓN [main] org.apache.coyote.AbstractProtocol.stop Stopping ProtocolHandler ["http-nio-8080"]
16-Nov-2023 22:19:05.119 INFORMACIÓN [main] org.apache.coyote.AbstractProtocol.destroy Destroying ProtocolHandler ["http-nio-8080"]
