31-Oct-2023 07:51:52.006 INFORMACIÓN [main] org.apache.catalina.core.ApplicationContext.log ContextListener: contextInitialized()
31-Oct-2023 07:51:52.006 INFORMACIÓN [main] org.apache.catalina.core.ApplicationContext.log SessionListener: contextInitialized()
31-Oct-2023 07:51:52.009 INFORMACIÓN [main] org.apache.catalina.core.ApplicationContext.log ContextListener: attributeAdded('StockTicker', 'async.Stockticker@3cd9aa64')
31-Oct-2023 07:54:28.630 GRAVE [http-nio-8080-exec-4] org.apache.catalina.core.StandardWrapperValve.invoke El Servlet.service() para el servlet [jsp] en el contexto con ruta [/sapphire_inventory] lanzó la excepción [No se puede compilar la clase para JSP: 

Ha tenido lugar un error en la línea: [17] en el archivo jsp: [/views/mostrar_usuarios.jsp]
List cannot be resolved to a type
14: 
15:     controlador_usuario controlador = (controlador_usuario)request.getAttribute("controlador");
16: 
17:     List<modelo_usuario> usuarios = controlador.getUsuarios();
18: 
19:     %> 
20:     <h1>USUARIOS</h1>


Ha tenido lugar un error en la línea: [17] en el archivo jsp: [/views/mostrar_usuarios.jsp]
modelo_usuario cannot be resolved to a type
14: 
15:     controlador_usuario controlador = (controlador_usuario)request.getAttribute("controlador");
16: 
17:     List<modelo_usuario> usuarios = controlador.getUsuarios();
18: 
19:     %> 
20:     <h1>USUARIOS</h1>


Ha tenido lugar un error en la línea: [42] en el archivo jsp: [/views/mostrar_usuarios.jsp]
Usuario cannot be resolved to a type
39:         <tbody>
40:             <%
41: 
42:                 for (Usuario usuario : usuarios) {
43:             %>
44:             <tr>
45:                 <td><%= usuario.getId() %></td>


Stacktrace:] con causa raíz
	org.apache.jasper.JasperException: No se puede compilar la clase para JSP: 

Ha tenido lugar un error en la línea: [17] en el archivo jsp: [/views/mostrar_usuarios.jsp]
List cannot be resolved to a type
14: 
15:     controlador_usuario controlador = (controlador_usuario)request.getAttribute("controlador");
16: 
17:     List<modelo_usuario> usuarios = controlador.getUsuarios();
18: 
19:     %> 
20:     <h1>USUARIOS</h1>


Ha tenido lugar un error en la línea: [17] en el archivo jsp: [/views/mostrar_usuarios.jsp]
modelo_usuario cannot be resolved to a type
14: 
15:     controlador_usuario controlador = (controlador_usuario)request.getAttribute("controlador");
16: 
17:     List<modelo_usuario> usuarios = controlador.getUsuarios();
18: 
19:     %> 
20:     <h1>USUARIOS</h1>


Ha tenido lugar un error en la línea: [42] en el archivo jsp: [/views/mostrar_usuarios.jsp]
Usuario cannot be resolved to a type
39:         <tbody>
40:             <%
41: 
42:                 for (Usuario usuario : usuarios) {
43:             %>
44:             <tr>
45:                 <td><%= usuario.getId() %></td>


Stacktrace:
		at org.apache.jasper.compiler.DefaultErrorHandler.javacError(DefaultErrorHandler.java:102)
		at org.apache.jasper.compiler.ErrorDispatcher.javacError(ErrorDispatcher.java:213)
		at org.apache.jasper.compiler.JDTCompiler.generateClass(JDTCompiler.java:513)
		at org.apache.jasper.compiler.Compiler.compile(Compiler.java:402)
		at org.apache.jasper.compiler.Compiler.compile(Compiler.java:372)
		at org.apache.jasper.compiler.Compiler.compile(Compiler.java:356)
		at org.apache.jasper.JspCompilationContext.compile(JspCompilationContext.java:603)
		at org.apache.jasper.servlet.JspServletWrapper.service(JspServletWrapper.java:396)
		at org.apache.jasper.servlet.JspServlet.serviceJspFile(JspServlet.java:380)
		at org.apache.jasper.servlet.JspServlet.service(JspServlet.java:328)
		at jakarta.servlet.http.HttpServlet.service(HttpServlet.java:658)
		at org.apache.catalina.core.ApplicationFilterChain.internalDoFilter(ApplicationFilterChain.java:205)
		at org.apache.catalina.core.ApplicationFilterChain.doFilter(ApplicationFilterChain.java:149)
		at org.apache.tomcat.websocket.server.WsFilter.doFilter(WsFilter.java:51)
		at org.apache.catalina.core.ApplicationFilterChain.internalDoFilter(ApplicationFilterChain.java:174)
		at org.apache.catalina.core.ApplicationFilterChain.doFilter(ApplicationFilterChain.java:149)
		at org.apache.catalina.core.StandardWrapperValve.invoke(StandardWrapperValve.java:167)
		at org.apache.catalina.core.StandardContextValve.invoke(StandardContextValve.java:90)
		at org.apache.catalina.authenticator.AuthenticatorBase.invoke(AuthenticatorBase.java:482)
		at org.apache.catalina.core.StandardHostValve.invoke(StandardHostValve.java:115)
		at org.apache.catalina.valves.ErrorReportValve.invoke(ErrorReportValve.java:93)
		at org.apache.catalina.valves.AbstractAccessLogValve.invoke(AbstractAccessLogValve.java:673)
		at org.apache.catalina.core.StandardEngineValve.invoke(StandardEngineValve.java:74)
		at org.apache.catalina.connector.CoyoteAdapter.service(CoyoteAdapter.java:341)
		at org.apache.coyote.http11.Http11Processor.service(Http11Processor.java:391)
		at org.apache.coyote.AbstractProcessorLight.process(AbstractProcessorLight.java:63)
		at org.apache.coyote.AbstractProtocol$ConnectionHandler.process(AbstractProtocol.java:894)
		at org.apache.tomcat.util.net.NioEndpoint$SocketProcessor.doRun(NioEndpoint.java:1740)
		at org.apache.tomcat.util.net.SocketProcessorBase.run(SocketProcessorBase.java:52)
		at org.apache.tomcat.util.threads.ThreadPoolExecutor.runWorker(ThreadPoolExecutor.java:1191)
		at org.apache.tomcat.util.threads.ThreadPoolExecutor$Worker.run(ThreadPoolExecutor.java:659)
		at org.apache.tomcat.util.threads.TaskThread$WrappingRunnable.run(TaskThread.java:61)
		at java.base/java.lang.Thread.run(Thread.java:833)
31-Oct-2023 07:55:38.857 GRAVE [http-nio-8080-exec-9] org.apache.catalina.core.StandardWrapperValve.invoke El Servlet.service() para el servlet [jsp] en el contexto con ruta [/sapphire_inventory] lanzó la excepción [No se puede compilar la clase para JSP: 

Ha tenido lugar un error en la línea: [17] en el archivo jsp: [/views/mostrar_usuarios.jsp]
List cannot be resolved to a type
14: 
15:     controlador_usuario controlador = (controlador_usuario)request.getAttribute("controlador");
16: 
17:     List<modelo_usuario> usuarios = controlador.getUsuarios();
18: 
19:     %> 
20:     <h1>USUARIOS</h1>


Ha tenido lugar un error en la línea: [17] en el archivo jsp: [/views/mostrar_usuarios.jsp]
modelo_usuario cannot be resolved to a type
14: 
15:     controlador_usuario controlador = (controlador_usuario)request.getAttribute("controlador");
16: 
17:     List<modelo_usuario> usuarios = controlador.getUsuarios();
18: 
19:     %> 
20:     <h1>USUARIOS</h1>


Ha tenido lugar un error en la línea: [42] en el archivo jsp: [/views/mostrar_usuarios.jsp]
Usuario cannot be resolved to a type
39:         <tbody>
40:             <%
41: 
42:                 for (Usuario usuario : usuarios) {
43:             %>
44:             <tr>
45:                 <td><%= usuario.getId() %></td>


Stacktrace:] con causa raíz
	org.apache.jasper.JasperException: No se puede compilar la clase para JSP: 

Ha tenido lugar un error en la línea: [17] en el archivo jsp: [/views/mostrar_usuarios.jsp]
List cannot be resolved to a type
14: 
15:     controlador_usuario controlador = (controlador_usuario)request.getAttribute("controlador");
16: 
17:     List<modelo_usuario> usuarios = controlador.getUsuarios();
18: 
19:     %> 
20:     <h1>USUARIOS</h1>


Ha tenido lugar un error en la línea: [17] en el archivo jsp: [/views/mostrar_usuarios.jsp]
modelo_usuario cannot be resolved to a type
14: 
15:     controlador_usuario controlador = (controlador_usuario)request.getAttribute("controlador");
16: 
17:     List<modelo_usuario> usuarios = controlador.getUsuarios();
18: 
19:     %> 
20:     <h1>USUARIOS</h1>


Ha tenido lugar un error en la línea: [42] en el archivo jsp: [/views/mostrar_usuarios.jsp]
Usuario cannot be resolved to a type
39:         <tbody>
40:             <%
41: 
42:                 for (Usuario usuario : usuarios) {
43:             %>
44:             <tr>
45:                 <td><%= usuario.getId() %></td>


Stacktrace:
		at org.apache.jasper.compiler.DefaultErrorHandler.javacError(DefaultErrorHandler.java:102)
		at org.apache.jasper.compiler.ErrorDispatcher.javacError(ErrorDispatcher.java:213)
		at org.apache.jasper.compiler.JDTCompiler.generateClass(JDTCompiler.java:513)
		at org.apache.jasper.compiler.Compiler.compile(Compiler.java:402)
		at org.apache.jasper.compiler.Compiler.compile(Compiler.java:372)
		at org.apache.jasper.compiler.Compiler.compile(Compiler.java:356)
		at org.apache.jasper.JspCompilationContext.compile(JspCompilationContext.java:603)
		at org.apache.jasper.servlet.JspServletWrapper.service(JspServletWrapper.java:396)
		at org.apache.jasper.servlet.JspServlet.serviceJspFile(JspServlet.java:380)
		at org.apache.jasper.servlet.JspServlet.service(JspServlet.java:328)
		at jakarta.servlet.http.HttpServlet.service(HttpServlet.java:658)
		at org.apache.catalina.core.ApplicationFilterChain.internalDoFilter(ApplicationFilterChain.java:205)
		at org.apache.catalina.core.ApplicationFilterChain.doFilter(ApplicationFilterChain.java:149)
		at org.apache.tomcat.websocket.server.WsFilter.doFilter(WsFilter.java:51)
		at org.apache.catalina.core.ApplicationFilterChain.internalDoFilter(ApplicationFilterChain.java:174)
		at org.apache.catalina.core.ApplicationFilterChain.doFilter(ApplicationFilterChain.java:149)
		at org.apache.catalina.core.StandardWrapperValve.invoke(StandardWrapperValve.java:167)
		at org.apache.catalina.core.StandardContextValve.invoke(StandardContextValve.java:90)
		at org.apache.catalina.authenticator.AuthenticatorBase.invoke(AuthenticatorBase.java:482)
		at org.apache.catalina.core.StandardHostValve.invoke(StandardHostValve.java:115)
		at org.apache.catalina.valves.ErrorReportValve.invoke(ErrorReportValve.java:93)
		at org.apache.catalina.valves.AbstractAccessLogValve.invoke(AbstractAccessLogValve.java:673)
		at org.apache.catalina.core.StandardEngineValve.invoke(StandardEngineValve.java:74)
		at org.apache.catalina.connector.CoyoteAdapter.service(CoyoteAdapter.java:341)
		at org.apache.coyote.http11.Http11Processor.service(Http11Processor.java:391)
		at org.apache.coyote.AbstractProcessorLight.process(AbstractProcessorLight.java:63)
		at org.apache.coyote.AbstractProtocol$ConnectionHandler.process(AbstractProtocol.java:894)
		at org.apache.tomcat.util.net.NioEndpoint$SocketProcessor.doRun(NioEndpoint.java:1740)
		at org.apache.tomcat.util.net.SocketProcessorBase.run(SocketProcessorBase.java:52)
		at org.apache.tomcat.util.threads.ThreadPoolExecutor.runWorker(ThreadPoolExecutor.java:1191)
		at org.apache.tomcat.util.threads.ThreadPoolExecutor$Worker.run(ThreadPoolExecutor.java:659)
		at org.apache.tomcat.util.threads.TaskThread$WrappingRunnable.run(TaskThread.java:61)
		at java.base/java.lang.Thread.run(Thread.java:833)
31-Oct-2023 07:57:49.924 GRAVE [http-nio-8080-exec-4] org.apache.catalina.core.StandardWrapperValve.invoke El Servlet.service() para el servlet [jsp] en el contexto con ruta [/sapphire_inventory] lanzó la excepción [No se puede compilar la clase para JSP: 

Ha tenido lugar un error en la línea: [17] en el archivo jsp: [/views/mostrar_usuarios.jsp]
List cannot be resolved to a type
14: 
15:     controlador_usuario controlador = (controlador_usuario)request.getAttribute("controlador");
16: 
17:     List<modelo_usuario> usuarios = controlador.getUsuarios();
18: 
19:     %> 
20:     <h1>USUARIOS</h1>


Ha tenido lugar un error en la línea: [17] en el archivo jsp: [/views/mostrar_usuarios.jsp]
modelo_usuario cannot be resolved to a type
14: 
15:     controlador_usuario controlador = (controlador_usuario)request.getAttribute("controlador");
16: 
17:     List<modelo_usuario> usuarios = controlador.getUsuarios();
18: 
19:     %> 
20:     <h1>USUARIOS</h1>


Ha tenido lugar un error en la línea: [42] en el archivo jsp: [/views/mostrar_usuarios.jsp]
Usuario cannot be resolved to a type
39:         <tbody>
40:             <%
41: 
42:                 for (Usuario usuario : usuarios) {
43:             %>
44:             <tr>
45:                 <td><%= usuario.getId() %></td>


Stacktrace:] con causa raíz
	org.apache.jasper.JasperException: No se puede compilar la clase para JSP: 

Ha tenido lugar un error en la línea: [17] en el archivo jsp: [/views/mostrar_usuarios.jsp]
List cannot be resolved to a type
14: 
15:     controlador_usuario controlador = (controlador_usuario)request.getAttribute("controlador");
16: 
17:     List<modelo_usuario> usuarios = controlador.getUsuarios();
18: 
19:     %> 
20:     <h1>USUARIOS</h1>


Ha tenido lugar un error en la línea: [17] en el archivo jsp: [/views/mostrar_usuarios.jsp]
modelo_usuario cannot be resolved to a type
14: 
15:     controlador_usuario controlador = (controlador_usuario)request.getAttribute("controlador");
16: 
17:     List<modelo_usuario> usuarios = controlador.getUsuarios();
18: 
19:     %> 
20:     <h1>USUARIOS</h1>


Ha tenido lugar un error en la línea: [42] en el archivo jsp: [/views/mostrar_usuarios.jsp]
Usuario cannot be resolved to a type
39:         <tbody>
40:             <%
41: 
42:                 for (Usuario usuario : usuarios) {
43:             %>
44:             <tr>
45:                 <td><%= usuario.getId() %></td>


Stacktrace:
		at org.apache.jasper.compiler.DefaultErrorHandler.javacError(DefaultErrorHandler.java:102)
		at org.apache.jasper.compiler.ErrorDispatcher.javacError(ErrorDispatcher.java:213)
		at org.apache.jasper.compiler.JDTCompiler.generateClass(JDTCompiler.java:513)
		at org.apache.jasper.compiler.Compiler.compile(Compiler.java:402)
		at org.apache.jasper.compiler.Compiler.compile(Compiler.java:372)
		at org.apache.jasper.compiler.Compiler.compile(Compiler.java:356)
		at org.apache.jasper.JspCompilationContext.compile(JspCompilationContext.java:603)
		at org.apache.jasper.servlet.JspServletWrapper.service(JspServletWrapper.java:396)
		at org.apache.jasper.servlet.JspServlet.serviceJspFile(JspServlet.java:380)
		at org.apache.jasper.servlet.JspServlet.service(JspServlet.java:328)
		at jakarta.servlet.http.HttpServlet.service(HttpServlet.java:658)
		at org.apache.catalina.core.ApplicationFilterChain.internalDoFilter(ApplicationFilterChain.java:205)
		at org.apache.catalina.core.ApplicationFilterChain.doFilter(ApplicationFilterChain.java:149)
		at org.apache.tomcat.websocket.server.WsFilter.doFilter(WsFilter.java:51)
		at org.apache.catalina.core.ApplicationFilterChain.internalDoFilter(ApplicationFilterChain.java:174)
		at org.apache.catalina.core.ApplicationFilterChain.doFilter(ApplicationFilterChain.java:149)
		at org.apache.catalina.core.StandardWrapperValve.invoke(StandardWrapperValve.java:167)
		at org.apache.catalina.core.StandardContextValve.invoke(StandardContextValve.java:90)
		at org.apache.catalina.authenticator.AuthenticatorBase.invoke(AuthenticatorBase.java:482)
		at org.apache.catalina.core.StandardHostValve.invoke(StandardHostValve.java:115)
		at org.apache.catalina.valves.ErrorReportValve.invoke(ErrorReportValve.java:93)
		at org.apache.catalina.valves.AbstractAccessLogValve.invoke(AbstractAccessLogValve.java:673)
		at org.apache.catalina.core.StandardEngineValve.invoke(StandardEngineValve.java:74)
		at org.apache.catalina.connector.CoyoteAdapter.service(CoyoteAdapter.java:341)
		at org.apache.coyote.http11.Http11Processor.service(Http11Processor.java:391)
		at org.apache.coyote.AbstractProcessorLight.process(AbstractProcessorLight.java:63)
		at org.apache.coyote.AbstractProtocol$ConnectionHandler.process(AbstractProtocol.java:894)
		at org.apache.tomcat.util.net.NioEndpoint$SocketProcessor.doRun(NioEndpoint.java:1740)
		at org.apache.tomcat.util.net.SocketProcessorBase.run(SocketProcessorBase.java:52)
		at org.apache.tomcat.util.threads.ThreadPoolExecutor.runWorker(ThreadPoolExecutor.java:1191)
		at org.apache.tomcat.util.threads.ThreadPoolExecutor$Worker.run(ThreadPoolExecutor.java:659)
		at org.apache.tomcat.util.threads.TaskThread$WrappingRunnable.run(TaskThread.java:61)
		at java.base/java.lang.Thread.run(Thread.java:833)
31-Oct-2023 08:18:38.468 INFORMACIÓN [main] org.apache.catalina.core.ApplicationContext.log SessionListener: contextDestroyed()
31-Oct-2023 08:18:38.468 INFORMACIÓN [main] org.apache.catalina.core.ApplicationContext.log ContextListener: contextDestroyed()
31-Oct-2023 08:29:13.875 INFORMACIÓN [main] org.apache.catalina.core.ApplicationContext.log ContextListener: contextInitialized()
31-Oct-2023 08:29:13.875 INFORMACIÓN [main] org.apache.catalina.core.ApplicationContext.log SessionListener: contextInitialized()
31-Oct-2023 08:29:13.877 INFORMACIÓN [main] org.apache.catalina.core.ApplicationContext.log ContextListener: attributeAdded('StockTicker', 'async.Stockticker@151bf776')
31-Oct-2023 08:36:28.051 INFORMACIÓN [main] org.apache.catalina.core.ApplicationContext.log SessionListener: contextDestroyed()
31-Oct-2023 08:36:28.051 INFORMACIÓN [main] org.apache.catalina.core.ApplicationContext.log ContextListener: contextDestroyed()
31-Oct-2023 08:37:28.421 INFORMACIÓN [main] org.apache.catalina.core.ApplicationContext.log ContextListener: contextInitialized()
31-Oct-2023 08:37:28.421 INFORMACIÓN [main] org.apache.catalina.core.ApplicationContext.log SessionListener: contextInitialized()
31-Oct-2023 08:37:28.424 INFORMACIÓN [main] org.apache.catalina.core.ApplicationContext.log ContextListener: attributeAdded('StockTicker', 'async.Stockticker@b52b755')
31-Oct-2023 08:37:31.782 INFORMACIÓN [main] org.apache.catalina.core.ApplicationContext.log SessionListener: contextDestroyed()
31-Oct-2023 08:37:31.782 INFORMACIÓN [main] org.apache.catalina.core.ApplicationContext.log ContextListener: contextDestroyed()
31-Oct-2023 08:38:43.529 INFORMACIÓN [main] org.apache.catalina.core.ApplicationContext.log ContextListener: contextInitialized()
31-Oct-2023 08:38:43.529 INFORMACIÓN [main] org.apache.catalina.core.ApplicationContext.log SessionListener: contextInitialized()
31-Oct-2023 08:38:43.532 INFORMACIÓN [main] org.apache.catalina.core.ApplicationContext.log ContextListener: attributeAdded('StockTicker', 'async.Stockticker@7bc44ce8')
31-Oct-2023 08:38:43.562 INFORMACIÓN [main] org.apache.catalina.core.ApplicationContext.log ContextListener: contextInitialized()
31-Oct-2023 08:38:43.562 INFORMACIÓN [main] org.apache.catalina.core.ApplicationContext.log SessionListener: contextInitialized()
31-Oct-2023 08:38:43.565 INFORMACIÓN [main] org.apache.catalina.core.ApplicationContext.log ContextListener: attributeAdded('StockTicker', 'async.Stockticker@3dfa819')
31-Oct-2023 08:38:43.807 INFORMACIÓN [main] org.apache.catalina.core.ApplicationContext.log SessionListener: contextDestroyed()
31-Oct-2023 08:38:43.807 INFORMACIÓN [main] org.apache.catalina.core.ApplicationContext.log ContextListener: contextDestroyed()
31-Oct-2023 08:39:35.182 INFORMACIÓN [main] org.apache.catalina.core.ApplicationContext.log ContextListener: contextInitialized()
31-Oct-2023 08:39:35.182 INFORMACIÓN [main] org.apache.catalina.core.ApplicationContext.log SessionListener: contextInitialized()
31-Oct-2023 08:39:35.184 INFORMACIÓN [main] org.apache.catalina.core.ApplicationContext.log ContextListener: attributeAdded('StockTicker', 'async.Stockticker@151bf776')
31-Oct-2023 08:39:35.358 INFORMACIÓN [main] org.apache.catalina.core.ApplicationContext.log SessionListener: contextDestroyed()
31-Oct-2023 08:39:35.358 INFORMACIÓN [main] org.apache.catalina.core.ApplicationContext.log ContextListener: contextDestroyed()
31-Oct-2023 08:39:47.172 INFORMACIÓN [main] org.apache.catalina.core.ApplicationContext.log ContextListener: contextInitialized()
31-Oct-2023 08:39:47.172 INFORMACIÓN [main] org.apache.catalina.core.ApplicationContext.log SessionListener: contextInitialized()
31-Oct-2023 08:39:47.174 INFORMACIÓN [main] org.apache.catalina.core.ApplicationContext.log ContextListener: attributeAdded('StockTicker', 'async.Stockticker@a098d76')
31-Oct-2023 08:39:47.346 INFORMACIÓN [main] org.apache.catalina.core.ApplicationContext.log SessionListener: contextDestroyed()
31-Oct-2023 08:39:47.346 INFORMACIÓN [main] org.apache.catalina.core.ApplicationContext.log ContextListener: contextDestroyed()
31-Oct-2023 08:40:10.063 INFORMACIÓN [main] org.apache.catalina.core.ApplicationContext.log ContextListener: contextInitialized()
31-Oct-2023 08:40:10.063 INFORMACIÓN [main] org.apache.catalina.core.ApplicationContext.log SessionListener: contextInitialized()
31-Oct-2023 08:40:10.066 INFORMACIÓN [main] org.apache.catalina.core.ApplicationContext.log ContextListener: attributeAdded('StockTicker', 'async.Stockticker@151bf776')
31-Oct-2023 08:40:10.249 INFORMACIÓN [main] org.apache.catalina.core.ApplicationContext.log SessionListener: contextDestroyed()
31-Oct-2023 08:40:10.250 INFORMACIÓN [main] org.apache.catalina.core.ApplicationContext.log ContextListener: contextDestroyed()
31-Oct-2023 08:41:27.737 INFORMACIÓN [main] org.apache.catalina.core.ApplicationContext.log ContextListener: contextInitialized()
31-Oct-2023 08:41:27.737 INFORMACIÓN [main] org.apache.catalina.core.ApplicationContext.log SessionListener: contextInitialized()
31-Oct-2023 08:41:27.739 INFORMACIÓN [main] org.apache.catalina.core.ApplicationContext.log ContextListener: attributeAdded('StockTicker', 'async.Stockticker@592e843a')
31-Oct-2023 08:41:27.929 INFORMACIÓN [main] org.apache.catalina.core.ApplicationContext.log SessionListener: contextDestroyed()
31-Oct-2023 08:41:27.930 INFORMACIÓN [main] org.apache.catalina.core.ApplicationContext.log ContextListener: contextDestroyed()
31-Oct-2023 08:41:58.604 INFORMACIÓN [main] org.apache.catalina.core.ApplicationContext.log ContextListener: contextInitialized()
31-Oct-2023 08:41:58.605 INFORMACIÓN [main] org.apache.catalina.core.ApplicationContext.log SessionListener: contextInitialized()
31-Oct-2023 08:41:58.608 INFORMACIÓN [main] org.apache.catalina.core.ApplicationContext.log ContextListener: attributeAdded('StockTicker', 'async.Stockticker@3d08f3f5')
31-Oct-2023 08:41:58.812 INFORMACIÓN [main] org.apache.catalina.core.ApplicationContext.log SessionListener: contextDestroyed()
31-Oct-2023 08:41:58.812 INFORMACIÓN [main] org.apache.catalina.core.ApplicationContext.log ContextListener: contextDestroyed()
31-Oct-2023 08:50:44.504 INFORMACIÓN [main] org.apache.catalina.core.ApplicationContext.log ContextListener: contextInitialized()
31-Oct-2023 08:50:44.505 INFORMACIÓN [main] org.apache.catalina.core.ApplicationContext.log SessionListener: contextInitialized()
31-Oct-2023 08:50:44.508 INFORMACIÓN [main] org.apache.catalina.core.ApplicationContext.log ContextListener: attributeAdded('StockTicker', 'async.Stockticker@5b970f7')
31-Oct-2023 08:50:44.711 INFORMACIÓN [main] org.apache.catalina.core.ApplicationContext.log SessionListener: contextDestroyed()
31-Oct-2023 08:50:44.712 INFORMACIÓN [main] org.apache.catalina.core.ApplicationContext.log ContextListener: contextDestroyed()
31-Oct-2023 08:50:56.230 INFORMACIÓN [main] org.apache.catalina.core.ApplicationContext.log ContextListener: contextInitialized()
31-Oct-2023 08:50:56.230 INFORMACIÓN [main] org.apache.catalina.core.ApplicationContext.log SessionListener: contextInitialized()
31-Oct-2023 08:50:56.232 INFORMACIÓN [main] org.apache.catalina.core.ApplicationContext.log ContextListener: attributeAdded('StockTicker', 'async.Stockticker@423e4cbb')
31-Oct-2023 08:50:56.416 INFORMACIÓN [main] org.apache.catalina.core.ApplicationContext.log SessionListener: contextDestroyed()
31-Oct-2023 08:50:56.416 INFORMACIÓN [main] org.apache.catalina.core.ApplicationContext.log ContextListener: contextDestroyed()
31-Oct-2023 10:47:08.977 INFORMACIÓN [main] org.apache.catalina.core.ApplicationContext.log ContextListener: contextInitialized()
31-Oct-2023 10:47:08.977 INFORMACIÓN [main] org.apache.catalina.core.ApplicationContext.log SessionListener: contextInitialized()
31-Oct-2023 10:47:08.979 INFORMACIÓN [main] org.apache.catalina.core.ApplicationContext.log ContextListener: attributeAdded('StockTicker', 'async.Stockticker@305f031')
31-Oct-2023 10:47:09.180 INFORMACIÓN [main] org.apache.catalina.core.ApplicationContext.log SessionListener: contextDestroyed()
31-Oct-2023 10:47:09.180 INFORMACIÓN [main] org.apache.catalina.core.ApplicationContext.log ContextListener: contextDestroyed()
31-Oct-2023 11:09:35.003 INFORMACIÓN [main] org.apache.catalina.core.ApplicationContext.log ContextListener: contextInitialized()
31-Oct-2023 11:09:35.003 INFORMACIÓN [main] org.apache.catalina.core.ApplicationContext.log SessionListener: contextInitialized()
31-Oct-2023 11:09:35.005 INFORMACIÓN [main] org.apache.catalina.core.ApplicationContext.log ContextListener: attributeAdded('StockTicker', 'async.Stockticker@1d1f7216')
31-Oct-2023 11:09:35.196 INFORMACIÓN [main] org.apache.catalina.core.ApplicationContext.log SessionListener: contextDestroyed()
31-Oct-2023 11:09:35.196 INFORMACIÓN [main] org.apache.catalina.core.ApplicationContext.log ContextListener: contextDestroyed()
31-Oct-2023 11:09:56.413 INFORMACIÓN [main] org.apache.catalina.core.ApplicationContext.log ContextListener: contextInitialized()
31-Oct-2023 11:09:56.414 INFORMACIÓN [main] org.apache.catalina.core.ApplicationContext.log SessionListener: contextInitialized()
31-Oct-2023 11:09:56.416 INFORMACIÓN [main] org.apache.catalina.core.ApplicationContext.log ContextListener: attributeAdded('StockTicker', 'async.Stockticker@423e4cbb')
31-Oct-2023 11:09:56.605 INFORMACIÓN [main] org.apache.catalina.core.ApplicationContext.log SessionListener: contextDestroyed()
31-Oct-2023 11:09:56.605 INFORMACIÓN [main] org.apache.catalina.core.ApplicationContext.log ContextListener: contextDestroyed()
