26-Oct-2023 18:16:46.829 INFORMACIÓN [main] org.apache.catalina.core.ApplicationContext.log ContextListener: contextInitialized()
26-Oct-2023 18:16:46.829 INFORMACIÓN [main] org.apache.catalina.core.ApplicationContext.log SessionListener: contextInitialized()
26-Oct-2023 18:16:46.844 INFORMACIÓN [main] org.apache.catalina.core.ApplicationContext.log ContextListener: attributeAdded('StockTicker', 'async.Stockticker@291373d3')
26-Oct-2023 18:17:52.278 GRAVE [http-nio-8080-exec-7] org.apache.catalina.core.StandardWrapperValve.invoke El Servlet.service() para el servlet [jsp] en el contexto con ruta [/sapphire_inventory] lanzó la excepción [No se puede compilar la clase para JSP: 

Ha tenido lugar un error en la línea: [36] en el archivo jsp: [/views/mostrar_usuarios.jsp]
Usuario cannot be resolved to a type
33:         <tbody>
34:             <%
35: 
36:                 for (Usuario usuario : usuarios) {
37:             %>
38:             <tr>
39:                 <td><%= usuario.getId() %></td>


Ha tenido lugar un error en la línea: [36] en el archivo jsp: [/views/mostrar_usuarios.jsp]
usuarios cannot be resolved to a variable
33:         <tbody>
34:             <%
35: 
36:                 for (Usuario usuario : usuarios) {
37:             %>
38:             <tr>
39:                 <td><%= usuario.getId() %></td>


Stacktrace:] con causa raíz
	org.apache.jasper.JasperException: No se puede compilar la clase para JSP: 

Ha tenido lugar un error en la línea: [36] en el archivo jsp: [/views/mostrar_usuarios.jsp]
Usuario cannot be resolved to a type
33:         <tbody>
34:             <%
35: 
36:                 for (Usuario usuario : usuarios) {
37:             %>
38:             <tr>
39:                 <td><%= usuario.getId() %></td>


Ha tenido lugar un error en la línea: [36] en el archivo jsp: [/views/mostrar_usuarios.jsp]
usuarios cannot be resolved to a variable
33:         <tbody>
34:             <%
35: 
36:                 for (Usuario usuario : usuarios) {
37:             %>
38:             <tr>
39:                 <td><%= usuario.getId() %></td>


Stacktrace:
		at org.apache.jasper.compiler.DefaultErrorHandler.javacError(DefaultErrorHandler.java:102)
		at org.apache.jasper.compiler.ErrorDispatcher.javacError(ErrorDispatcher.java:213)
		at org.apache.jasper.compiler.JDTCompiler.generateClass(JDTCompiler.java:513)
		at org.apache.jasper.compiler.Compiler.compile(Compiler.java:402)
		at org.apache.jasper.compiler.Compiler.compile(Compiler.java:372)
		at org.apache.jasper.compiler.Compiler.compile(Compiler.java:356)
		at org.apache.jasper.JspCompilationContext.compile(JspCompilationContext.java:603)
		at org.apache.jasper.servlet.JspServletWrapper.service(JspServletWrapper.java:396)
		at org.apache.jasper.servlet.JspServlet.serviceJspFile(JspServlet.java:380)
		at org.apache.jasper.servlet.JspServlet.service(JspServlet.java:328)
		at jakarta.servlet.http.HttpServlet.service(HttpServlet.java:658)
		at org.apache.catalina.core.ApplicationFilterChain.internalDoFilter(ApplicationFilterChain.java:205)
		at org.apache.catalina.core.ApplicationFilterChain.doFilter(ApplicationFilterChain.java:149)
		at org.apache.tomcat.websocket.server.WsFilter.doFilter(WsFilter.java:51)
		at org.apache.catalina.core.ApplicationFilterChain.internalDoFilter(ApplicationFilterChain.java:174)
		at org.apache.catalina.core.ApplicationFilterChain.doFilter(ApplicationFilterChain.java:149)
		at org.apache.catalina.core.StandardWrapperValve.invoke(StandardWrapperValve.java:167)
		at org.apache.catalina.core.StandardContextValve.invoke(StandardContextValve.java:90)
		at org.apache.catalina.authenticator.AuthenticatorBase.invoke(AuthenticatorBase.java:482)
		at org.apache.catalina.core.StandardHostValve.invoke(StandardHostValve.java:115)
		at org.apache.catalina.valves.ErrorReportValve.invoke(ErrorReportValve.java:93)
		at org.apache.catalina.valves.AbstractAccessLogValve.invoke(AbstractAccessLogValve.java:673)
		at org.apache.catalina.core.StandardEngineValve.invoke(StandardEngineValve.java:74)
		at org.apache.catalina.connector.CoyoteAdapter.service(CoyoteAdapter.java:341)
		at org.apache.coyote.http11.Http11Processor.service(Http11Processor.java:391)
		at org.apache.coyote.AbstractProcessorLight.process(AbstractProcessorLight.java:63)
		at org.apache.coyote.AbstractProtocol$ConnectionHandler.process(AbstractProtocol.java:894)
		at org.apache.tomcat.util.net.NioEndpoint$SocketProcessor.doRun(NioEndpoint.java:1740)
		at org.apache.tomcat.util.net.SocketProcessorBase.run(SocketProcessorBase.java:52)
		at org.apache.tomcat.util.threads.ThreadPoolExecutor.runWorker(ThreadPoolExecutor.java:1191)
		at org.apache.tomcat.util.threads.ThreadPoolExecutor$Worker.run(ThreadPoolExecutor.java:659)
		at org.apache.tomcat.util.threads.TaskThread$WrappingRunnable.run(TaskThread.java:61)
		at java.base/java.lang.Thread.run(Thread.java:1583)
26-Oct-2023 18:18:42.032 GRAVE [http-nio-8080-exec-6] org.apache.catalina.core.StandardWrapperValve.invoke El Servlet.service() para el servlet [jsp] en el contexto con ruta [/sapphire_inventory] lanzó la excepción [No se puede compilar la clase para JSP: 

Ha tenido lugar un error en la línea: [36] en el archivo jsp: [/views/mostrar_usuarios.jsp]
Usuario cannot be resolved to a type
33:         <tbody>
34:             <%
35: 
36:                 for (Usuario usuario : usuarios) {
37:             %>
38:             <tr>
39:                 <td><%= usuario.getId() %></td>


Ha tenido lugar un error en la línea: [36] en el archivo jsp: [/views/mostrar_usuarios.jsp]
usuarios cannot be resolved to a variable
33:         <tbody>
34:             <%
35: 
36:                 for (Usuario usuario : usuarios) {
37:             %>
38:             <tr>
39:                 <td><%= usuario.getId() %></td>


Stacktrace:] con causa raíz
	org.apache.jasper.JasperException: No se puede compilar la clase para JSP: 

Ha tenido lugar un error en la línea: [36] en el archivo jsp: [/views/mostrar_usuarios.jsp]
Usuario cannot be resolved to a type
33:         <tbody>
34:             <%
35: 
36:                 for (Usuario usuario : usuarios) {
37:             %>
38:             <tr>
39:                 <td><%= usuario.getId() %></td>


Ha tenido lugar un error en la línea: [36] en el archivo jsp: [/views/mostrar_usuarios.jsp]
usuarios cannot be resolved to a variable
33:         <tbody>
34:             <%
35: 
36:                 for (Usuario usuario : usuarios) {
37:             %>
38:             <tr>
39:                 <td><%= usuario.getId() %></td>


Stacktrace:
		at org.apache.jasper.compiler.DefaultErrorHandler.javacError(DefaultErrorHandler.java:102)
		at org.apache.jasper.compiler.ErrorDispatcher.javacError(ErrorDispatcher.java:213)
		at org.apache.jasper.compiler.JDTCompiler.generateClass(JDTCompiler.java:513)
		at org.apache.jasper.compiler.Compiler.compile(Compiler.java:402)
		at org.apache.jasper.compiler.Compiler.compile(Compiler.java:372)
		at org.apache.jasper.compiler.Compiler.compile(Compiler.java:356)
		at org.apache.jasper.JspCompilationContext.compile(JspCompilationContext.java:603)
		at org.apache.jasper.servlet.JspServletWrapper.service(JspServletWrapper.java:396)
		at org.apache.jasper.servlet.JspServlet.serviceJspFile(JspServlet.java:380)
		at org.apache.jasper.servlet.JspServlet.service(JspServlet.java:328)
		at jakarta.servlet.http.HttpServlet.service(HttpServlet.java:658)
		at org.apache.catalina.core.ApplicationFilterChain.internalDoFilter(ApplicationFilterChain.java:205)
		at org.apache.catalina.core.ApplicationFilterChain.doFilter(ApplicationFilterChain.java:149)
		at org.apache.tomcat.websocket.server.WsFilter.doFilter(WsFilter.java:51)
		at org.apache.catalina.core.ApplicationFilterChain.internalDoFilter(ApplicationFilterChain.java:174)
		at org.apache.catalina.core.ApplicationFilterChain.doFilter(ApplicationFilterChain.java:149)
		at org.apache.catalina.core.StandardWrapperValve.invoke(StandardWrapperValve.java:167)
		at org.apache.catalina.core.StandardContextValve.invoke(StandardContextValve.java:90)
		at org.apache.catalina.authenticator.AuthenticatorBase.invoke(AuthenticatorBase.java:482)
		at org.apache.catalina.core.StandardHostValve.invoke(StandardHostValve.java:115)
		at org.apache.catalina.valves.ErrorReportValve.invoke(ErrorReportValve.java:93)
		at org.apache.catalina.valves.AbstractAccessLogValve.invoke(AbstractAccessLogValve.java:673)
		at org.apache.catalina.core.StandardEngineValve.invoke(StandardEngineValve.java:74)
		at org.apache.catalina.connector.CoyoteAdapter.service(CoyoteAdapter.java:341)
		at org.apache.coyote.http11.Http11Processor.service(Http11Processor.java:391)
		at org.apache.coyote.AbstractProcessorLight.process(AbstractProcessorLight.java:63)
		at org.apache.coyote.AbstractProtocol$ConnectionHandler.process(AbstractProtocol.java:894)
		at org.apache.tomcat.util.net.NioEndpoint$SocketProcessor.doRun(NioEndpoint.java:1740)
		at org.apache.tomcat.util.net.SocketProcessorBase.run(SocketProcessorBase.java:52)
		at org.apache.tomcat.util.threads.ThreadPoolExecutor.runWorker(ThreadPoolExecutor.java:1191)
		at org.apache.tomcat.util.threads.ThreadPoolExecutor$Worker.run(ThreadPoolExecutor.java:659)
		at org.apache.tomcat.util.threads.TaskThread$WrappingRunnable.run(TaskThread.java:61)
		at java.base/java.lang.Thread.run(Thread.java:1583)
26-Oct-2023 18:18:43.063 GRAVE [http-nio-8080-exec-2] org.apache.catalina.core.StandardWrapperValve.invoke El Servlet.service() para el servlet [jsp] en el contexto con ruta [/sapphire_inventory] lanzó la excepción [org.apache.jasper.JasperException: java.lang.ClassNotFoundException: org.apache.jsp.views.mostrar_005fusuarios_jsp] con causa raíz
	java.lang.ClassNotFoundException: org.apache.jsp.views.mostrar_005fusuarios_jsp
		at java.base/java.net.URLClassLoader.findClass(URLClassLoader.java:445)
		at org.apache.jasper.servlet.JasperLoader.loadClass(JasperLoader.java:129)
		at org.apache.jasper.servlet.JasperLoader.loadClass(JasperLoader.java:58)
		at org.apache.catalina.core.DefaultInstanceManager.newInstance(DefaultInstanceManager.java:151)
		at org.apache.jasper.servlet.JspServletWrapper.getServlet(JspServletWrapper.java:189)
		at org.apache.jasper.servlet.JspServletWrapper.service(JspServletWrapper.java:410)
		at org.apache.jasper.servlet.JspServlet.serviceJspFile(JspServlet.java:380)
		at org.apache.jasper.servlet.JspServlet.service(JspServlet.java:328)
		at jakarta.servlet.http.HttpServlet.service(HttpServlet.java:658)
		at org.apache.catalina.core.ApplicationFilterChain.internalDoFilter(ApplicationFilterChain.java:205)
		at org.apache.catalina.core.ApplicationFilterChain.doFilter(ApplicationFilterChain.java:149)
		at org.apache.tomcat.websocket.server.WsFilter.doFilter(WsFilter.java:51)
		at org.apache.catalina.core.ApplicationFilterChain.internalDoFilter(ApplicationFilterChain.java:174)
		at org.apache.catalina.core.ApplicationFilterChain.doFilter(ApplicationFilterChain.java:149)
		at org.apache.catalina.core.StandardWrapperValve.invoke(StandardWrapperValve.java:167)
		at org.apache.catalina.core.StandardContextValve.invoke(StandardContextValve.java:90)
		at org.apache.catalina.authenticator.AuthenticatorBase.invoke(AuthenticatorBase.java:482)
		at org.apache.catalina.core.StandardHostValve.invoke(StandardHostValve.java:115)
		at org.apache.catalina.valves.ErrorReportValve.invoke(ErrorReportValve.java:93)
		at org.apache.catalina.valves.AbstractAccessLogValve.invoke(AbstractAccessLogValve.java:673)
		at org.apache.catalina.core.StandardEngineValve.invoke(StandardEngineValve.java:74)
		at org.apache.catalina.connector.CoyoteAdapter.service(CoyoteAdapter.java:341)
		at org.apache.coyote.http11.Http11Processor.service(Http11Processor.java:391)
		at org.apache.coyote.AbstractProcessorLight.process(AbstractProcessorLight.java:63)
		at org.apache.coyote.AbstractProtocol$ConnectionHandler.process(AbstractProtocol.java:894)
		at org.apache.tomcat.util.net.NioEndpoint$SocketProcessor.doRun(NioEndpoint.java:1740)
		at org.apache.tomcat.util.net.SocketProcessorBase.run(SocketProcessorBase.java:52)
		at org.apache.tomcat.util.threads.ThreadPoolExecutor.runWorker(ThreadPoolExecutor.java:1191)
		at org.apache.tomcat.util.threads.ThreadPoolExecutor$Worker.run(ThreadPoolExecutor.java:659)
		at org.apache.tomcat.util.threads.TaskThread$WrappingRunnable.run(TaskThread.java:61)
		at java.base/java.lang.Thread.run(Thread.java:1583)
26-Oct-2023 18:20:12.388 GRAVE [http-nio-8080-exec-12] org.apache.catalina.core.StandardWrapperValve.invoke El Servlet.service() para el servlet [jsp] en el contexto con ruta [/sapphire_inventory] lanzó la excepción [No se puede compilar la clase para JSP: 

Ha tenido lugar un error en la línea: [36] en el archivo jsp: [/views/mostrar_usuarios.jsp]
Usuario cannot be resolved to a type
33:         <tbody>
34:             <%
35: 
36:                 for (Usuario usuario : usuarios) {
37:             %>
38:             <tr>
39:                 <td><%= usuario.getId() %></td>


Ha tenido lugar un error en la línea: [36] en el archivo jsp: [/views/mostrar_usuarios.jsp]
usuarios cannot be resolved to a variable
33:         <tbody>
34:             <%
35: 
36:                 for (Usuario usuario : usuarios) {
37:             %>
38:             <tr>
39:                 <td><%= usuario.getId() %></td>


Stacktrace:] con causa raíz
	org.apache.jasper.JasperException: No se puede compilar la clase para JSP: 

Ha tenido lugar un error en la línea: [36] en el archivo jsp: [/views/mostrar_usuarios.jsp]
Usuario cannot be resolved to a type
33:         <tbody>
34:             <%
35: 
36:                 for (Usuario usuario : usuarios) {
37:             %>
38:             <tr>
39:                 <td><%= usuario.getId() %></td>


Ha tenido lugar un error en la línea: [36] en el archivo jsp: [/views/mostrar_usuarios.jsp]
usuarios cannot be resolved to a variable
33:         <tbody>
34:             <%
35: 
36:                 for (Usuario usuario : usuarios) {
37:             %>
38:             <tr>
39:                 <td><%= usuario.getId() %></td>


Stacktrace:
		at org.apache.jasper.compiler.DefaultErrorHandler.javacError(DefaultErrorHandler.java:102)
		at org.apache.jasper.compiler.ErrorDispatcher.javacError(ErrorDispatcher.java:213)
		at org.apache.jasper.compiler.JDTCompiler.generateClass(JDTCompiler.java:513)
		at org.apache.jasper.compiler.Compiler.compile(Compiler.java:402)
		at org.apache.jasper.compiler.Compiler.compile(Compiler.java:372)
		at org.apache.jasper.compiler.Compiler.compile(Compiler.java:356)
		at org.apache.jasper.JspCompilationContext.compile(JspCompilationContext.java:603)
		at org.apache.jasper.servlet.JspServletWrapper.service(JspServletWrapper.java:396)
		at org.apache.jasper.servlet.JspServlet.serviceJspFile(JspServlet.java:380)
		at org.apache.jasper.servlet.JspServlet.service(JspServlet.java:328)
		at jakarta.servlet.http.HttpServlet.service(HttpServlet.java:658)
		at org.apache.catalina.core.ApplicationFilterChain.internalDoFilter(ApplicationFilterChain.java:205)
		at org.apache.catalina.core.ApplicationFilterChain.doFilter(ApplicationFilterChain.java:149)
		at org.apache.tomcat.websocket.server.WsFilter.doFilter(WsFilter.java:51)
		at org.apache.catalina.core.ApplicationFilterChain.internalDoFilter(ApplicationFilterChain.java:174)
		at org.apache.catalina.core.ApplicationFilterChain.doFilter(ApplicationFilterChain.java:149)
		at org.apache.catalina.core.StandardWrapperValve.invoke(StandardWrapperValve.java:167)
		at org.apache.catalina.core.StandardContextValve.invoke(StandardContextValve.java:90)
		at org.apache.catalina.authenticator.AuthenticatorBase.invoke(AuthenticatorBase.java:482)
		at org.apache.catalina.core.StandardHostValve.invoke(StandardHostValve.java:115)
		at org.apache.catalina.valves.ErrorReportValve.invoke(ErrorReportValve.java:93)
		at org.apache.catalina.valves.AbstractAccessLogValve.invoke(AbstractAccessLogValve.java:673)
		at org.apache.catalina.core.StandardEngineValve.invoke(StandardEngineValve.java:74)
		at org.apache.catalina.connector.CoyoteAdapter.service(CoyoteAdapter.java:341)
		at org.apache.coyote.http11.Http11Processor.service(Http11Processor.java:391)
		at org.apache.coyote.AbstractProcessorLight.process(AbstractProcessorLight.java:63)
		at org.apache.coyote.AbstractProtocol$ConnectionHandler.process(AbstractProtocol.java:894)
		at org.apache.tomcat.util.net.NioEndpoint$SocketProcessor.doRun(NioEndpoint.java:1740)
		at org.apache.tomcat.util.net.SocketProcessorBase.run(SocketProcessorBase.java:52)
		at org.apache.tomcat.util.threads.ThreadPoolExecutor.runWorker(ThreadPoolExecutor.java:1191)
		at org.apache.tomcat.util.threads.ThreadPoolExecutor$Worker.run(ThreadPoolExecutor.java:659)
		at org.apache.tomcat.util.threads.TaskThread$WrappingRunnable.run(TaskThread.java:61)
		at java.base/java.lang.Thread.run(Thread.java:1583)
26-Oct-2023 18:20:27.118 GRAVE [http-nio-8080-exec-4] org.apache.catalina.core.StandardWrapperValve.invoke El Servlet.service() para el servlet [jsp] en el contexto con ruta [/sapphire_inventory] lanzó la excepción [No se puede compilar la clase para JSP: 

Ha tenido lugar un error en la línea: [36] en el archivo jsp: [/views/mostrar_usuarios.jsp]
Usuario cannot be resolved to a type
33:         <tbody>
34:             <%
35: 
36:                 for (Usuario usuario : usuarios) {
37:             %>
38:             <tr>
39:                 <td><%= usuario.getId() %></td>


Ha tenido lugar un error en la línea: [36] en el archivo jsp: [/views/mostrar_usuarios.jsp]
usuarios cannot be resolved to a variable
33:         <tbody>
34:             <%
35: 
36:                 for (Usuario usuario : usuarios) {
37:             %>
38:             <tr>
39:                 <td><%= usuario.getId() %></td>


Stacktrace:] con causa raíz
	org.apache.jasper.JasperException: No se puede compilar la clase para JSP: 

Ha tenido lugar un error en la línea: [36] en el archivo jsp: [/views/mostrar_usuarios.jsp]
Usuario cannot be resolved to a type
33:         <tbody>
34:             <%
35: 
36:                 for (Usuario usuario : usuarios) {
37:             %>
38:             <tr>
39:                 <td><%= usuario.getId() %></td>


Ha tenido lugar un error en la línea: [36] en el archivo jsp: [/views/mostrar_usuarios.jsp]
usuarios cannot be resolved to a variable
33:         <tbody>
34:             <%
35: 
36:                 for (Usuario usuario : usuarios) {
37:             %>
38:             <tr>
39:                 <td><%= usuario.getId() %></td>


Stacktrace:
		at org.apache.jasper.compiler.DefaultErrorHandler.javacError(DefaultErrorHandler.java:102)
		at org.apache.jasper.compiler.ErrorDispatcher.javacError(ErrorDispatcher.java:213)
		at org.apache.jasper.compiler.JDTCompiler.generateClass(JDTCompiler.java:513)
		at org.apache.jasper.compiler.Compiler.compile(Compiler.java:402)
		at org.apache.jasper.compiler.Compiler.compile(Compiler.java:372)
		at org.apache.jasper.compiler.Compiler.compile(Compiler.java:356)
		at org.apache.jasper.JspCompilationContext.compile(JspCompilationContext.java:603)
		at org.apache.jasper.servlet.JspServletWrapper.service(JspServletWrapper.java:396)
		at org.apache.jasper.servlet.JspServlet.serviceJspFile(JspServlet.java:380)
		at org.apache.jasper.servlet.JspServlet.service(JspServlet.java:328)
		at jakarta.servlet.http.HttpServlet.service(HttpServlet.java:658)
		at org.apache.catalina.core.ApplicationFilterChain.internalDoFilter(ApplicationFilterChain.java:205)
		at org.apache.catalina.core.ApplicationFilterChain.doFilter(ApplicationFilterChain.java:149)
		at org.apache.tomcat.websocket.server.WsFilter.doFilter(WsFilter.java:51)
		at org.apache.catalina.core.ApplicationFilterChain.internalDoFilter(ApplicationFilterChain.java:174)
		at org.apache.catalina.core.ApplicationFilterChain.doFilter(ApplicationFilterChain.java:149)
		at org.apache.catalina.core.StandardWrapperValve.invoke(StandardWrapperValve.java:167)
		at org.apache.catalina.core.StandardContextValve.invoke(StandardContextValve.java:90)
		at org.apache.catalina.authenticator.AuthenticatorBase.invoke(AuthenticatorBase.java:482)
		at org.apache.catalina.core.StandardHostValve.invoke(StandardHostValve.java:115)
		at org.apache.catalina.valves.ErrorReportValve.invoke(ErrorReportValve.java:93)
		at org.apache.catalina.valves.AbstractAccessLogValve.invoke(AbstractAccessLogValve.java:673)
		at org.apache.catalina.core.StandardEngineValve.invoke(StandardEngineValve.java:74)
		at org.apache.catalina.connector.CoyoteAdapter.service(CoyoteAdapter.java:341)
		at org.apache.coyote.http11.Http11Processor.service(Http11Processor.java:391)
		at org.apache.coyote.AbstractProcessorLight.process(AbstractProcessorLight.java:63)
		at org.apache.coyote.AbstractProtocol$ConnectionHandler.process(AbstractProtocol.java:894)
		at org.apache.tomcat.util.net.NioEndpoint$SocketProcessor.doRun(NioEndpoint.java:1740)
		at org.apache.tomcat.util.net.SocketProcessorBase.run(SocketProcessorBase.java:52)
		at org.apache.tomcat.util.threads.ThreadPoolExecutor.runWorker(ThreadPoolExecutor.java:1191)
		at org.apache.tomcat.util.threads.ThreadPoolExecutor$Worker.run(ThreadPoolExecutor.java:659)
		at org.apache.tomcat.util.threads.TaskThread$WrappingRunnable.run(TaskThread.java:61)
		at java.base/java.lang.Thread.run(Thread.java:1583)
26-Oct-2023 18:30:38.995 INFORMACIÓN [main] org.apache.catalina.core.ApplicationContext.log SessionListener: contextDestroyed()
26-Oct-2023 18:30:38.995 INFORMACIÓN [main] org.apache.catalina.core.ApplicationContext.log ContextListener: contextDestroyed()
26-Oct-2023 18:42:00.080 INFORMACIÓN [main] org.apache.catalina.core.ApplicationContext.log ContextListener: contextInitialized()
26-Oct-2023 18:42:00.081 INFORMACIÓN [main] org.apache.catalina.core.ApplicationContext.log SessionListener: contextInitialized()
26-Oct-2023 18:42:00.084 INFORMACIÓN [main] org.apache.catalina.core.ApplicationContext.log ContextListener: attributeAdded('StockTicker', 'async.Stockticker@c755b2')
26-Oct-2023 18:42:43.037 GRAVE [http-nio-8080-exec-4] org.apache.catalina.core.StandardWrapperValve.invoke El Servlet.service() para el servlet [jsp] en el contexto con ruta [/sapphire_inventory] lanzó la excepción [No se puede compilar la clase para JSP: 

Ha tenido lugar un error en la línea: [17] en el archivo jsp: [/views/mostrar_usuarios.jsp]
Duplicate local variable controlador
14: 
15:     controlador_usuario controlador = new controlador_usuario();
16: 
17:     controlador_usuario controlador = (controlador_usuario)request.getAttribute("controlador");
18: 
19:     List<modelo_usuario> usuarios = controlador.getUsuarios();
20: 


Ha tenido lugar un error en la línea: [19] en el archivo jsp: [/views/mostrar_usuarios.jsp]
List cannot be resolved to a type
16: 
17:     controlador_usuario controlador = (controlador_usuario)request.getAttribute("controlador");
18: 
19:     List<modelo_usuario> usuarios = controlador.getUsuarios();
20: 
21:     %> 
22:     <h1>USUARIOS</h1>


Ha tenido lugar un error en la línea: [19] en el archivo jsp: [/views/mostrar_usuarios.jsp]
modelo_usuario cannot be resolved to a type
16: 
17:     controlador_usuario controlador = (controlador_usuario)request.getAttribute("controlador");
18: 
19:     List<modelo_usuario> usuarios = controlador.getUsuarios();
20: 
21:     %> 
22:     <h1>USUARIOS</h1>


Ha tenido lugar un error en la línea: [44] en el archivo jsp: [/views/mostrar_usuarios.jsp]
Usuario cannot be resolved to a type
41:         <tbody>
42:             <%
43: 
44:                 for (Usuario usuario : usuarios) {
45:             %>
46:             <tr>
47:                 <td><%= usuario.getId() %></td>


Stacktrace:] con causa raíz
	org.apache.jasper.JasperException: No se puede compilar la clase para JSP: 

Ha tenido lugar un error en la línea: [17] en el archivo jsp: [/views/mostrar_usuarios.jsp]
Duplicate local variable controlador
14: 
15:     controlador_usuario controlador = new controlador_usuario();
16: 
17:     controlador_usuario controlador = (controlador_usuario)request.getAttribute("controlador");
18: 
19:     List<modelo_usuario> usuarios = controlador.getUsuarios();
20: 


Ha tenido lugar un error en la línea: [19] en el archivo jsp: [/views/mostrar_usuarios.jsp]
List cannot be resolved to a type
16: 
17:     controlador_usuario controlador = (controlador_usuario)request.getAttribute("controlador");
18: 
19:     List<modelo_usuario> usuarios = controlador.getUsuarios();
20: 
21:     %> 
22:     <h1>USUARIOS</h1>


Ha tenido lugar un error en la línea: [19] en el archivo jsp: [/views/mostrar_usuarios.jsp]
modelo_usuario cannot be resolved to a type
16: 
17:     controlador_usuario controlador = (controlador_usuario)request.getAttribute("controlador");
18: 
19:     List<modelo_usuario> usuarios = controlador.getUsuarios();
20: 
21:     %> 
22:     <h1>USUARIOS</h1>


Ha tenido lugar un error en la línea: [44] en el archivo jsp: [/views/mostrar_usuarios.jsp]
Usuario cannot be resolved to a type
41:         <tbody>
42:             <%
43: 
44:                 for (Usuario usuario : usuarios) {
45:             %>
46:             <tr>
47:                 <td><%= usuario.getId() %></td>


Stacktrace:
		at org.apache.jasper.compiler.DefaultErrorHandler.javacError(DefaultErrorHandler.java:102)
		at org.apache.jasper.compiler.ErrorDispatcher.javacError(ErrorDispatcher.java:213)
		at org.apache.jasper.compiler.JDTCompiler.generateClass(JDTCompiler.java:513)
		at org.apache.jasper.compiler.Compiler.compile(Compiler.java:402)
		at org.apache.jasper.compiler.Compiler.compile(Compiler.java:372)
		at org.apache.jasper.compiler.Compiler.compile(Compiler.java:356)
		at org.apache.jasper.JspCompilationContext.compile(JspCompilationContext.java:603)
		at org.apache.jasper.servlet.JspServletWrapper.service(JspServletWrapper.java:396)
		at org.apache.jasper.servlet.JspServlet.serviceJspFile(JspServlet.java:380)
		at org.apache.jasper.servlet.JspServlet.service(JspServlet.java:328)
		at jakarta.servlet.http.HttpServlet.service(HttpServlet.java:658)
		at org.apache.catalina.core.ApplicationFilterChain.internalDoFilter(ApplicationFilterChain.java:205)
		at org.apache.catalina.core.ApplicationFilterChain.doFilter(ApplicationFilterChain.java:149)
		at org.apache.tomcat.websocket.server.WsFilter.doFilter(WsFilter.java:51)
		at org.apache.catalina.core.ApplicationFilterChain.internalDoFilter(ApplicationFilterChain.java:174)
		at org.apache.catalina.core.ApplicationFilterChain.doFilter(ApplicationFilterChain.java:149)
		at org.apache.catalina.core.StandardWrapperValve.invoke(StandardWrapperValve.java:167)
		at org.apache.catalina.core.StandardContextValve.invoke(StandardContextValve.java:90)
		at org.apache.catalina.authenticator.AuthenticatorBase.invoke(AuthenticatorBase.java:482)
		at org.apache.catalina.core.StandardHostValve.invoke(StandardHostValve.java:115)
		at org.apache.catalina.valves.ErrorReportValve.invoke(ErrorReportValve.java:93)
		at org.apache.catalina.valves.AbstractAccessLogValve.invoke(AbstractAccessLogValve.java:673)
		at org.apache.catalina.core.StandardEngineValve.invoke(StandardEngineValve.java:74)
		at org.apache.catalina.connector.CoyoteAdapter.service(CoyoteAdapter.java:341)
		at org.apache.coyote.http11.Http11Processor.service(Http11Processor.java:391)
		at org.apache.coyote.AbstractProcessorLight.process(AbstractProcessorLight.java:63)
		at org.apache.coyote.AbstractProtocol$ConnectionHandler.process(AbstractProtocol.java:894)
		at org.apache.tomcat.util.net.NioEndpoint$SocketProcessor.doRun(NioEndpoint.java:1740)
		at org.apache.tomcat.util.net.SocketProcessorBase.run(SocketProcessorBase.java:52)
		at org.apache.tomcat.util.threads.ThreadPoolExecutor.runWorker(ThreadPoolExecutor.java:1191)
		at org.apache.tomcat.util.threads.ThreadPoolExecutor$Worker.run(ThreadPoolExecutor.java:659)
		at org.apache.tomcat.util.threads.TaskThread$WrappingRunnable.run(TaskThread.java:61)
		at java.base/java.lang.Thread.run(Thread.java:1583)
26-Oct-2023 18:43:21.058 GRAVE [http-nio-8080-exec-16] org.apache.catalina.core.StandardWrapperValve.invoke El Servlet.service() para el servlet [jsp] en el contexto con ruta [/sapphire_inventory] lanzó la excepción [No se puede compilar la clase para JSP: 

Ha tenido lugar un error en la línea: [17] en el archivo jsp: [/views/mostrar_usuarios.jsp]
List cannot be resolved to a type
14: 
15:     controlador_usuario controlador = (controlador_usuario)request.getAttribute("controlador");
16: 
17:     List<modelo_usuario> usuarios = controlador.getUsuarios();
18: 
19:     %> 
20:     <h1>USUARIOS</h1>


Ha tenido lugar un error en la línea: [17] en el archivo jsp: [/views/mostrar_usuarios.jsp]
modelo_usuario cannot be resolved to a type
14: 
15:     controlador_usuario controlador = (controlador_usuario)request.getAttribute("controlador");
16: 
17:     List<modelo_usuario> usuarios = controlador.getUsuarios();
18: 
19:     %> 
20:     <h1>USUARIOS</h1>


Ha tenido lugar un error en la línea: [42] en el archivo jsp: [/views/mostrar_usuarios.jsp]
Usuario cannot be resolved to a type
39:         <tbody>
40:             <%
41: 
42:                 for (Usuario usuario : usuarios) {
43:             %>
44:             <tr>
45:                 <td><%= usuario.getId() %></td>


Stacktrace:] con causa raíz
	org.apache.jasper.JasperException: No se puede compilar la clase para JSP: 

Ha tenido lugar un error en la línea: [17] en el archivo jsp: [/views/mostrar_usuarios.jsp]
List cannot be resolved to a type
14: 
15:     controlador_usuario controlador = (controlador_usuario)request.getAttribute("controlador");
16: 
17:     List<modelo_usuario> usuarios = controlador.getUsuarios();
18: 
19:     %> 
20:     <h1>USUARIOS</h1>


Ha tenido lugar un error en la línea: [17] en el archivo jsp: [/views/mostrar_usuarios.jsp]
modelo_usuario cannot be resolved to a type
14: 
15:     controlador_usuario controlador = (controlador_usuario)request.getAttribute("controlador");
16: 
17:     List<modelo_usuario> usuarios = controlador.getUsuarios();
18: 
19:     %> 
20:     <h1>USUARIOS</h1>


Ha tenido lugar un error en la línea: [42] en el archivo jsp: [/views/mostrar_usuarios.jsp]
Usuario cannot be resolved to a type
39:         <tbody>
40:             <%
41: 
42:                 for (Usuario usuario : usuarios) {
43:             %>
44:             <tr>
45:                 <td><%= usuario.getId() %></td>


Stacktrace:
		at org.apache.jasper.compiler.DefaultErrorHandler.javacError(DefaultErrorHandler.java:102)
		at org.apache.jasper.compiler.ErrorDispatcher.javacError(ErrorDispatcher.java:213)
		at org.apache.jasper.compiler.JDTCompiler.generateClass(JDTCompiler.java:513)
		at org.apache.jasper.compiler.Compiler.compile(Compiler.java:402)
		at org.apache.jasper.compiler.Compiler.compile(Compiler.java:372)
		at org.apache.jasper.compiler.Compiler.compile(Compiler.java:356)
		at org.apache.jasper.JspCompilationContext.compile(JspCompilationContext.java:603)
		at org.apache.jasper.servlet.JspServletWrapper.service(JspServletWrapper.java:396)
		at org.apache.jasper.servlet.JspServlet.serviceJspFile(JspServlet.java:380)
		at org.apache.jasper.servlet.JspServlet.service(JspServlet.java:328)
		at jakarta.servlet.http.HttpServlet.service(HttpServlet.java:658)
		at org.apache.catalina.core.ApplicationFilterChain.internalDoFilter(ApplicationFilterChain.java:205)
		at org.apache.catalina.core.ApplicationFilterChain.doFilter(ApplicationFilterChain.java:149)
		at org.apache.tomcat.websocket.server.WsFilter.doFilter(WsFilter.java:51)
		at org.apache.catalina.core.ApplicationFilterChain.internalDoFilter(ApplicationFilterChain.java:174)
		at org.apache.catalina.core.ApplicationFilterChain.doFilter(ApplicationFilterChain.java:149)
		at org.apache.catalina.core.StandardWrapperValve.invoke(StandardWrapperValve.java:167)
		at org.apache.catalina.core.StandardContextValve.invoke(StandardContextValve.java:90)
		at org.apache.catalina.authenticator.AuthenticatorBase.invoke(AuthenticatorBase.java:482)
		at org.apache.catalina.core.StandardHostValve.invoke(StandardHostValve.java:115)
		at org.apache.catalina.valves.ErrorReportValve.invoke(ErrorReportValve.java:93)
		at org.apache.catalina.valves.AbstractAccessLogValve.invoke(AbstractAccessLogValve.java:673)
		at org.apache.catalina.core.StandardEngineValve.invoke(StandardEngineValve.java:74)
		at org.apache.catalina.connector.CoyoteAdapter.service(CoyoteAdapter.java:341)
		at org.apache.coyote.http11.Http11Processor.service(Http11Processor.java:391)
		at org.apache.coyote.AbstractProcessorLight.process(AbstractProcessorLight.java:63)
		at org.apache.coyote.AbstractProtocol$ConnectionHandler.process(AbstractProtocol.java:894)
		at org.apache.tomcat.util.net.NioEndpoint$SocketProcessor.doRun(NioEndpoint.java:1740)
		at org.apache.tomcat.util.net.SocketProcessorBase.run(SocketProcessorBase.java:52)
		at org.apache.tomcat.util.threads.ThreadPoolExecutor.runWorker(ThreadPoolExecutor.java:1191)
		at org.apache.tomcat.util.threads.ThreadPoolExecutor$Worker.run(ThreadPoolExecutor.java:659)
		at org.apache.tomcat.util.threads.TaskThread$WrappingRunnable.run(TaskThread.java:61)
		at java.base/java.lang.Thread.run(Thread.java:1583)
26-Oct-2023 20:21:04.362 INFORMACIÓN [main] org.apache.catalina.core.ApplicationContext.log SessionListener: contextDestroyed()
26-Oct-2023 20:21:04.362 INFORMACIÓN [main] org.apache.catalina.core.ApplicationContext.log ContextListener: contextDestroyed()
